12:20:03,620 | INFO  | pool-flow.seda.servicemix-bean-thread-7 | PayloadValidator         | an.validation.PayloadValidator   47 | validating payload.
12:20:03,681 | DEBUG | pool-flow.seda.servicemix-bean-thread-3 | GridSU                   | .nci.caXchange.outbound.GridSU  112 | In GridSU:1268328003681
12:20:03,682 | DEBUG | pool-flow.seda.servicemix-bean-thread-3 | GridSU                   | .nci.caXchange.outbound.GridSU  211 | Message Received:org.apache.servicemix.jbi.messaging.NormalizedMessageImpl@11427db{properties: {caxchange.targetservices=psc,caAERS,LabViewer, org.apache.servicemix.eip.recipientList.index=0, caxchange.targetservices.count=3, org.apache.servicemix.eip.recipientList.corrid=ID:156.40.114.239-1274d901bd0-22:1728, caxchange.original.correlationId=ID:156.40.114.239-1274d901bd0-8:6, org.apache.servicemix.eip.recipientList.count=3, studyCreation.correlationId.Property=ID:156.40.114.239-1274d901bd0-22:1727}}
12:20:03,686 | DEBUG | pool-flow.seda.servicemix-bean-thread-4 | GridSU                   | .nci.caXchange.outbound.GridSU  112 | In GridSU:1268328003686
12:20:03,687 | DEBUG | pool-flow.seda.servicemix-bean-thread-4 | GridSU                   | .nci.caXchange.outbound.GridSU  211 | Message Received:org.apache.servicemix.jbi.messaging.NormalizedMessageImpl@377658{properties: {caxchange.targetservices=psc,caAERS,LabViewer, org.apache.servicemix.eip.recipientList.index=2, caxchange.targetservices.count=3, org.apache.servicemix.eip.recipientList.corrid=ID:156.40.114.239-1274d901bd0-22:1728, caxchange.original.correlationId=ID:156.40.114.239-1274d901bd0-8:6, org.apache.servicemix.eip.recipientList.count=3, studyCreation.correlationId.Property=ID:156.40.114.239-1274d901bd0-22:1727}}
12:20:03,722 | DEBUG | pool-flow.seda.servicemix-bean-thread-10 | GridSU                   | .nci.caXchange.outbound.GridSU  112 | In GridSU:1268328003722
12:20:03,722 | DEBUG | pool-flow.seda.servicemix-bean-thread-10 | GridSU                   | .nci.caXchange.outbound.GridSU  211 | Message Received:org.apache.servicemix.jbi.messaging.NormalizedMessageImpl@37eaa5{properties: {caxchange.targetservices=psc,caAERS,LabViewer, org.apache.servicemix.eip.recipientList.index=1, caxchange.targetservices.count=3, org.apache.servicemix.eip.recipientList.corrid=ID:156.40.114.239-1274d901bd0-22:1728, caxchange.original.correlationId=ID:156.40.114.239-1274d901bd0-8:6, org.apache.servicemix.eip.recipientList.count=3, studyCreation.correlationId.Property=ID:156.40.114.239-1274d901bd0-22:1727}}
12:20:04,992 | DEBUG | pool-flow.seda.servicemix-bean-thread-4 | GridSU                   | .nci.caXchange.outbound.GridSU  224 | Time for invocation 1291
12:20:05,002 | DEBUG | pool-flow.seda.servicemix-bean-thread-3 | GridSU                   | .nci.caXchange.outbound.GridSU  224 | Time for invocation 1269
12:20:05,017 | DEBUG | pool-flow.seda.servicemix-bean-thread-4 | GridSU                   | .nci.caXchange.outbound.GridSU  262 | Copying request metadata...
12:20:05,018 | DEBUG | pool-flow.seda.servicemix-bean-thread-4 | GridSU                   | .nci.caXchange.outbound.GridSU  290 | Property:caxchange.targetservices:psc,caAERS,LabViewer
12:20:05,018 | DEBUG | pool-flow.seda.servicemix-bean-thread-4 | GridSU                   | .nci.caXchange.outbound.GridSU  290 | Property:org.apache.servicemix.eip.recipientList.index:2
12:20:05,019 | DEBUG | pool-flow.seda.servicemix-bean-thread-4 | GridSU                   | .nci.caXchange.outbound.GridSU  290 | Property:caxchange.targetservices.count:3
12:20:05,019 | DEBUG | pool-flow.seda.servicemix-bean-thread-4 | GridSU                   | .nci.caXchange.outbound.GridSU  290 | Property:org.apache.servicemix.eip.recipientList.corrid:ID:156.40.114.239-1274d901bd0-22:1728
12:20:05,019 | DEBUG | pool-flow.seda.servicemix-bean-thread-4 | GridSU                   | .nci.caXchange.outbound.GridSU  290 | Property:caxchange.original.correlationId:ID:156.40.114.239-1274d901bd0-8:6
12:20:05,019 | DEBUG | pool-flow.seda.servicemix-bean-thread-4 | GridSU                   | .nci.caXchange.outbound.GridSU  290 | Property:org.apache.servicemix.eip.recipientList.count:3
12:20:05,020 | DEBUG | pool-flow.seda.servicemix-bean-thread-4 | GridSU                   | .nci.caXchange.outbound.GridSU  290 | Property:studyCreation.correlationId.Property:ID:156.40.114.239-1274d901bd0-22:1727
12:20:05,020 | DEBUG | pool-flow.seda.servicemix-bean-thread-4 | GridSU                   | .nci.caXchange.outbound.GridSU  128 | Out GridSU:1268328005020
12:20:05,039 | DEBUG | pool-flow.seda.servicemix-bean-thread-3 | GridSU                   | .nci.caXchange.outbound.GridSU  262 | Copying request metadata...
12:20:05,040 | DEBUG | pool-flow.seda.servicemix-bean-thread-3 | GridSU                   | .nci.caXchange.outbound.GridSU  290 | Property:caxchange.targetservices:psc,caAERS,LabViewer
12:20:05,040 | DEBUG | pool-flow.seda.servicemix-bean-thread-3 | GridSU                   | .nci.caXchange.outbound.GridSU  290 | Property:org.apache.servicemix.eip.recipientList.index:0
12:20:05,040 | DEBUG | pool-flow.seda.servicemix-bean-thread-3 | GridSU                   | .nci.caXchange.outbound.GridSU  290 | Property:caxchange.targetservices.count:3
12:20:05,041 | DEBUG | pool-flow.seda.servicemix-bean-thread-3 | GridSU                   | .nci.caXchange.outbound.GridSU  290 | Property:org.apache.servicemix.eip.recipientList.corrid:ID:156.40.114.239-1274d901bd0-22:1728
12:20:05,041 | DEBUG | pool-flow.seda.servicemix-bean-thread-3 | GridSU                   | .nci.caXchange.outbound.GridSU  290 | Property:caxchange.original.correlationId:ID:156.40.114.239-1274d901bd0-8:6
12:20:05,041 | DEBUG | pool-flow.seda.servicemix-bean-thread-3 | GridSU                   | .nci.caXchange.outbound.GridSU  290 | Property:org.apache.servicemix.eip.recipientList.count:3
12:20:05,042 | DEBUG | pool-flow.seda.servicemix-bean-thread-3 | GridSU                   | .nci.caXchange.outbound.GridSU  290 | Property:studyCreation.correlationId.Property:ID:156.40.114.239-1274d901bd0-22:1727
12:20:05,042 | DEBUG | pool-flow.seda.servicemix-bean-thread-3 | GridSU                   | .nci.caXchange.outbound.GridSU  128 | Out GridSU:1268328005042
12:20:05,116 | DEBUG | pool-flow.seda.servicemix-bean-thread-1 | GridSU                   | .nci.caXchange.outbound.GridSU  108 | returning done status recvd:Done
12:20:05,121 | DEBUG | pool-flow.seda.servicemix-bean-thread-8 | GridSU                   | .nci.caXchange.outbound.GridSU  108 | returning done status recvd:Done
12:20:05,349 | ERROR | pool-flow.seda.servicemix-bean-thread-10 | StudyInvocationStrategy  | ations.StudyInvocationStrategy  102 | Failed to invoke study service.
AxisFault
 faultCode: {http://schemas.xmlsoap.org/soap/envelope/}Server.userException
 faultSubcode: 
 faultString: java.rmi.RemoteException: Unable to create study; nested exception is: 
	gov.nih.nci.cabig.caaers.CaaersSystemException: Cannot create group for organization.
 faultActor: 
 faultNode: 
 faultDetail: 
	{http://xml.apache.org/axis/}stackTrace:java.rmi.RemoteException: Unable to create study; nested exception is: 
	gov.nih.nci.cabig.caaers.CaaersSystemException: Cannot create group for organization.
	at gov.nih.nci.cabig.caaers.grid.CaaersStudyConsumer.createStudy(CaaersStudyConsumer.java:227)
	at gov.nih.nci.cabig.caaers.grid.CaaersStudyConsumer$$FastClassByCGLIB$$4c7041b8.invoke(&lt;generated&gt;)
	at net.sf.cglib.proxy.MethodProxy.invoke(MethodProxy.java:149)
	at org.springframework.aop.framework.Cglib2AopProxy$CglibMethodInvocation.invokeJoinpoint(Cglib2AopProxy.java:675)
	at org.springframework.aop.framework.ReflectiveMethodInvocation.proceed(ReflectiveMethodInvocation.java:154)
	at org.springframework.orm.hibernate3.HibernateInterceptor.invoke(HibernateInterceptor.java:104)
	at org.springframework.aop.framework.ReflectiveMethodInvocation.proceed(ReflectiveMethodInvocation.java:176)
	at gov.nih.nci.cabig.caaers.audit.AuditInfoPopulatorInterceptor.invoke(AuditInfoPopulatorInterceptor.java:41)
	at org.springframework.aop.framework.ReflectiveMethodInvocation.proceed(ReflectiveMethodInvocation.java:176)
	at gov.nih.nci.cabig.caaers.security.GridAuthenticationInterceptor.invoke(GridAuthenticationInterceptor.java:33)
	at org.springframework.aop.framework.ReflectiveMethodInvocation.proceed(ReflectiveMethodInvocation.java:176)
	at org.springframework.aop.framework.Cglib2AopProxy$DynamicAdvisedInterceptor.intercept(Cglib2AopProxy.java:616)
	at gov.nih.nci.cabig.caaers.grid.CaaersStudyConsumer$$EnhancerByCGLIB$$61cc8eae.createStudy(&lt;generated&gt;)
	at gov.nih.nci.ccts.grid.studyconsumer.service.StudyConsumerImpl.createStudy(StudyConsumerImpl.java:51)
	at gov.nih.nci.ccts.grid.studyconsumer.service.globus.StudyConsumerProviderImpl.createStudy(StudyConsumerProviderImpl.java:31)
	at sun.reflect.NativeMethodAccessorImpl.invoke0(Native Method)
	at sun.reflect.NativeMethodAccessorImpl.invoke(NativeMethodAccessorImpl.java:39)
	at sun.reflect.DelegatingMethodAccessorImpl.invoke(DelegatingMethodAccessorImpl.java:25)
	at java.lang.reflect.Method.invoke(Method.java:585)
	at org.apache.axis.providers.java.RPCProvider.invokeMethod(RPCProvider.java:384)
	at org.globus.axis.providers.RPCProvider.invokeMethodSub(RPCProvider.java:107)
	at org.globus.axis.providers.RPCProvider.invokeMethod(RPCProvider.java:90)
	at org.apache.axis.providers.java.RPCProvider.processMessage(RPCProvider.java:281)
	at org.apache.axis.providers.java.JavaProvider.invoke(JavaProvider.java:319)
	at org.apache.axis.strategies.InvocationStrategy.visit(InvocationStrategy.java:32)
	at org.apache.axis.SimpleChain.doVisiting(SimpleChain.java:118)
	at org.apache.axis.SimpleChain.invoke(SimpleChain.java:83)
	at org.apache.axis.handlers.soap.SOAPService.invoke(SOAPService.java:450)
	at org.apache.axis.server.AxisServer.invoke(AxisServer.java:285)
	at org.apache.axis.transport.http.AxisServlet.doPost(AxisServlet.java:697)
	at javax.servlet.http.HttpServlet.service(HttpServlet.java:647)
	at org.apache.axis.transport.http.AxisServletBase.service(AxisServletBase.java:327)
	at javax.servlet.http.HttpServlet.service(HttpServlet.java:729)
	at org.apache.catalina.core.ApplicationFilterChain.internalDoFilter(ApplicationFilterChain.java:269)
	at org.apache.catalina.core.ApplicationFilterChain.doFilter(ApplicationFilterChain.java:188)
	at org.apache.catalina.core.StandardWrapperValve.invoke(StandardWrapperValve.java:213)
	at org.apache.catalina.core.StandardContextValve.invoke(StandardContextValve.java:172)
	at org.apache.catalina.core.StandardHostValve.invoke(StandardHostValve.java:127)
	at org.apache.catalina.valves.ErrorReportValve.invoke(ErrorReportValve.java:117)
	at org.apache.catalina.core.StandardEngineValve.invoke(StandardEngineValve.java:108)
	at org.globus.tomcat.coyote.valves.HTTPSValve55.invoke(HTTPSValve55.java:45)
	at org.apache.catalina.connector.CoyoteAdapter.service(CoyoteAdapter.java:174)
	at org.apache.coyote.http11.Http11Processor.process(Http11Processor.java:875)
	at org.apache.coyote.http11.Http11BaseProtocol$Http11ConnectionHandler.processConnection(Http11BaseProtocol.java:665)
	at org.apache.tomcat.util.net.PoolTcpEndpoint.processSocket(PoolTcpEndpoint.java:528)
	at org.apache.tomcat.util.net.LeaderFollowerWorkerThread.runIt(LeaderFollowerWorkerThread.java:81)
	at org.apache.tomcat.util.threads.ThreadPool$ControlRunnable.run(ThreadPool.java:689)
	at java.lang.Thread.run(Thread.java:595)
Caused by: gov.nih.nci.cabig.caaers.CaaersSystemException: Cannot create group for organization.
	at gov.nih.nci.cabig.caaers.domain.repository.OrganizationRepositoryImpl.createGroupForOrganization(OrganizationRepositoryImpl.java:136)
	at gov.nih.nci.cabig.caaers.domain.repository.OrganizationRepositoryImpl.create_aroundBody2(OrganizationRepositoryImpl.java:73)
	at gov.nih.nci.cabig.caaers.domain.repository.OrganizationRepositoryImpl$AjcClosure3.run(OrganizationRepositoryImpl.java:1)
	at org.aspectj.runtime.reflect.JoinPointImpl.proceed(JoinPointImpl.java:101)
	at gov.nih.nci.cabig.caaers.tools.logging.CaaersLoggingAspect.log(CaaersLoggingAspect.java:45)
	at gov.nih.nci.cabig.caaers.domain.repository.OrganizationRepositoryImpl.create(OrganizationRepositoryImpl.java:71)
	at gov.nih.nci.cabig.caaers.domain.repository.OrganizationRepositoryImpl$$FastClassByCGLIB$$ec6da7db.invoke(&lt;generated&gt;)
	at net.sf.cglib.proxy.MethodProxy.invoke(MethodProxy.java:149)
	at org.springframework.aop.framework.Cglib2AopProxy$CglibMethodInvocation.invokeJoinpoint(Cglib2AopProxy.java:675)
	at org.springframework.aop.framework.ReflectiveMethodInvocation.proceed(ReflectiveMethodInvocation.java:154)
	at org.springframework.transaction.interceptor.TransactionInterceptor.invoke(TransactionInterceptor.java:107)
	at org.springframework.aop.framework.ReflectiveMethodInvocation.proceed(ReflectiveMethodInvocation.java:176)
	at org.springframework.transaction.interceptor.TransactionInterceptor.invoke(TransactionInterceptor.java:107)
	at org.springframework.aop.framework.ReflectiveMethodInvocation.proceed(ReflectiveMethodInvocation.java:176)
	at org.springframework.aop.interceptor.ExposeInvocationInterceptor.invoke(ExposeInvocationInterceptor.java:89)
	at org.springframework.aop.framework.ReflectiveMethodInvocation.proceed(ReflectiveMethodInvocation.java:176)
	at org.springframework.aop.framework.Cglib2AopProxy$DynamicAdvisedInterceptor.intercept(Cglib2AopProxy.java:616)
	at gov.nih.nci.cabig.caaers.domain.repository.OrganizationRepositoryImpl$$EnhancerByCGLIB$$8d48fa8d.create(&lt;generated&gt;)
	at gov.nih.nci.cabig.caaers.grid.CaaersStudyConsumer.fetchOrganization(CaaersStudyConsumer.java:624)
	at gov.nih.nci.cabig.caaers.grid.CaaersStudyConsumer.populateIdentifiers(CaaersStudyConsumer.java:383)
	at gov.nih.nci.cabig.caaers.grid.CaaersStudyConsumer.populateStudyDetails(CaaersStudyConsumer.java:326)
	at gov.nih.nci.cabig.caaers.grid.CaaersStudyConsumer.createStudy(CaaersStudyConsumer.java:217)
	... 47 more
Caused by: gov.nih.nci.security.exceptions.CSTransactionException: An error occured in creating the Group.
 Duplicate entry was found in the database for the entered data
	at gov.nih.nci.security.dao.AuthorizationDAOImpl.createObject(AuthorizationDAOImpl.java:3777)
	at gov.nih.nci.security.dao.DIAuthorizationDao.createObject(DIAuthorizationDao.java:123)
	at gov.nih.nci.security.provisioning.UserProvisioningManagerImpl.createGroup(UserProvisioningManagerImpl.java:653)
	at gov.nih.nci.cabig.caaers.domain.repository.OrganizationRepositoryImpl.createGroupForOrganization(OrganizationRepositoryImpl.java:102)
	... 68 more
Caused by: org.hibernate.exception.ConstraintViolationException: Could not execute JDBC batch update
	at org.hibernate.exception.SQLStateConverter.convert(SQLStateConverter.java:71)
	at org.hibernate.exception.JDBCExceptionHelper.convert(JDBCExceptionHelper.java:43)
	at org.hibernate.jdbc.AbstractBatcher.executeBatch(AbstractBatcher.java:249)
	at org.hibernate.engine.ActionQueue.executeActions(ActionQueue.java:235)
	at org.hibernate.engine.ActionQueue.executeActions(ActionQueue.java:139)
	at org.hibernate.event.def.AbstractFlushingEventListener.performExecutions(AbstractFlushingEventListener.java:298)
	at org.hibernate.event.def.DefaultFlushEventListener.onFlush(DefaultFlushEventListener.java:27)
	at org.hibernate.impl.SessionImpl.flush(SessionImpl.java:1000)
	at org.hibernate.impl.SessionImpl.managedFlush(SessionImpl.java:338)
	at org.hibernate.transaction.JDBCTransaction.commit(JDBCTransaction.java:106)
	at gov.nih.nci.security.dao.AuthorizationDAOImpl.createObject(AuthorizationDAOImpl.java:3748)
	... 71 more
Caused by: java.sql.BatchUpdateException: Batch entry 0 insert into CSM_GROUP (GROUP_NAME, GROUP_DESC, UPDATE_DATE, APPLICATION_ID, GROUP_ID) values (gov.nih.nci.cabig.caaers.domain.Organization.AP987, , 2010-03-11 -0500, -1, 106) was aborted.  Call getNextException to see the cause.
	at org.postgresql.jdbc2.AbstractJdbc2Statement$BatchResultHandler.handleError(AbstractJdbc2Statement.java:2530)
	at org.postgresql.core.v3.QueryExecutorImpl.processResults(QueryExecutorImpl.java:1317)
	at org.postgresql.core.v3.QueryExecutorImpl.execute(QueryExecutorImpl.java:350)
	at org.postgresql.jdbc2.AbstractJdbc2Statement.executeBatch(AbstractJdbc2Statement.java:2592)
	at org.apache.commons.dbcp.DelegatingStatement.executeBatch(DelegatingStatement.java:294)
	at org.hibernate.jdbc.BatchingBatcher.doExecuteBatch(BatchingBatcher.java:48)
	at org.hibernate.jdbc.AbstractBatcher.executeBatch(AbstractBatcher.java:242)
	... 79 more

	{http://xml.apache.org/axis/}hostname:ncias-q291-v.nci.nih.gov

java.rmi.RemoteException: Unable to create study; nested exception is: 
	gov.nih.nci.cabig.caaers.CaaersSystemException: Cannot create group for organization.
	at org.apache.axis.message.SOAPFaultBuilder.createFault(SOAPFaultBuilder.java:221)
	at org.apache.axis.message.SOAPFaultBuilder.endElement(SOAPFaultBuilder.java:128)
	at org.apache.axis.encoding.DeserializationContext.endElement(DeserializationContext.java:1087)
	at org.apache.xerces.parsers.AbstractSAXParser.endElement(Unknown Source)
	at org.apache.xerces.impl.XMLNSDocumentScannerImpl.scanEndElement(Unknown Source)
	at org.apache.xerces.impl.XMLDocumentFragmentScannerImpl$FragmentContentDispatcher.dispatch(Unknown Source)
	at org.apache.xerces.impl.XMLDocumentFragmentScannerImpl.scanDocument(Unknown Source)
	at org.apache.xerces.parsers.XML11Configuration.parse(Unknown Source)
	at org.apache.xerces.parsers.XML11Configuration.parse(Unknown Source)
	at org.apache.xerces.parsers.XMLParser.parse(Unknown Source)
	at org.apache.xerces.parsers.AbstractSAXParser.parse(Unknown Source)
	at org.apache.xerces.jaxp.SAXParserImpl$JAXPSAXParser.parse(Unknown Source)
	at org.apache.xerces.jaxp.SAXParserImpl.parse(Unknown Source)
	at org.apache.axis.encoding.DeserializationContext.parse(DeserializationContext.java:227)
	at org.apache.axis.SOAPPart.getAsSOAPEnvelope(SOAPPart.java:645)
	at org.apache.axis.Message.getSOAPEnvelope(Message.java:424)
	at org.apache.axis.message.addressing.handler.AddressingHandler.processClientResponse(AddressingHandler.java:305)
	at org.apache.axis.message.addressing.handler.AddressingHandler.invoke(AddressingHandler.java:110)
	at org.apache.axis.strategies.InvocationStrategy.visit(InvocationStrategy.java:32)
	at org.apache.axis.SimpleChain.doVisiting(SimpleChain.java:118)
	at org.apache.axis.SimpleChain.invoke(SimpleChain.java:83)
	at org.apache.axis.client.AxisClient.invoke(AxisClient.java:190)
	at org.apache.axis.client.Call.invokeEngine(Call.java:2727)
	at org.apache.axis.client.Call.invoke(Call.java:2710)
	at org.apache.axis.client.Call.invoke(Call.java:2386)
	at org.apache.axis.client.Call.invoke(Call.java:2309)
	at org.apache.axis.client.Call.invoke(Call.java:1766)
	at gov.nih.nci.ccts.grid.studyconsumer.stubs.bindings.StudyConsumerPortTypeSOAPBindingStub.createStudy(StudyConsumerPortTypeSOAPBindingStub.java:1212)
	at gov.nih.nci.ccts.grid.studyconsumer.client.StudyConsumerClient.createStudy(StudyConsumerClient.java:86)
	at gov.nih.nci.caXchange.outbound.operations.StudyInvocationStrategy.invokeGridService(StudyInvocationStrategy.java:84)
	at gov.nih.nci.caXchange.outbound.GridSU.executeStrategy(GridSU.java:221)
	at gov.nih.nci.caXchange.outbound.GridSU.onMessageExchange(GridSU.java:119)
	at org.apache.servicemix.bean.BeanEndpoint.onProviderExchange(BeanEndpoint.java:230)
	at org.apache.servicemix.bean.BeanEndpoint.process(BeanEndpoint.java:217)
	at org.apache.servicemix.common.AsyncBaseLifeCycle.doProcess(AsyncBaseLifeCycle.java:627)
	at org.apache.servicemix.common.AsyncBaseLifeCycle.processExchange(AsyncBaseLifeCycle.java:581)
	at org.apache.servicemix.common.AsyncBaseLifeCycle.onMessageExchange(AsyncBaseLifeCycle.java:535)
	at org.apache.servicemix.common.SyncLifeCycleWrapper.onMessageExchange(SyncLifeCycleWrapper.java:60)
	at org.apache.servicemix.jbi.messaging.DeliveryChannelImpl.processInBound(DeliveryChannelImpl.java:623)
	at org.apache.servicemix.jbi.nmr.flow.AbstractFlow.doRouting(AbstractFlow.java:172)
	at org.apache.servicemix.jbi.nmr.flow.seda.SedaFlow.doRouting(SedaFlow.java:168)
	at org.apache.servicemix.jbi.nmr.flow.seda.SedaQueue$1.run(SedaQueue.java:134)
	at java.util.concurrent.ThreadPoolExecutor$Worker.runTask(ThreadPoolExecutor.java:650)
	at java.util.concurrent.ThreadPoolExecutor$Worker.run(ThreadPoolExecutor.java:675)
	at java.lang.Thread.run(Thread.java:595)
12:20:05,354 | ERROR | pool-flow.seda.servicemix-bean-thread-10 | GridSU                   | .nci.caXchange.outbound.GridSU  236 | Failed to invoke grid service.
gov.nih.nci.caXchange.outbound.GridInvocationException: java.rmi.RemoteException: Unable to create study; nested exception is: 
	gov.nih.nci.cabig.caaers.CaaersSystemException: Cannot create group for organization.
	at gov.nih.nci.caXchange.outbound.operations.StudyInvocationStrategy.invokeGridService(StudyInvocationStrategy.java:103)
	at gov.nih.nci.caXchange.outbound.GridSU.executeStrategy(GridSU.java:221)
	at gov.nih.nci.caXchange.outbound.GridSU.onMessageExchange(GridSU.java:119)
	at org.apache.servicemix.bean.BeanEndpoint.onProviderExchange(BeanEndpoint.java:230)
	at org.apache.servicemix.bean.BeanEndpoint.process(BeanEndpoint.java:217)
	at org.apache.servicemix.common.AsyncBaseLifeCycle.doProcess(AsyncBaseLifeCycle.java:627)
	at org.apache.servicemix.common.AsyncBaseLifeCycle.processExchange(AsyncBaseLifeCycle.java:581)
	at org.apache.servicemix.common.AsyncBaseLifeCycle.onMessageExchange(AsyncBaseLifeCycle.java:535)
	at org.apache.servicemix.common.SyncLifeCycleWrapper.onMessageExchange(SyncLifeCycleWrapper.java:60)
	at org.apache.servicemix.jbi.messaging.DeliveryChannelImpl.processInBound(DeliveryChannelImpl.java:623)
	at org.apache.servicemix.jbi.nmr.flow.AbstractFlow.doRouting(AbstractFlow.java:172)
	at org.apache.servicemix.jbi.nmr.flow.seda.SedaFlow.doRouting(SedaFlow.java:168)
	at org.apache.servicemix.jbi.nmr.flow.seda.SedaQueue$1.run(SedaQueue.java:134)
	at java.util.concurrent.ThreadPoolExecutor$Worker.runTask(ThreadPoolExecutor.java:650)
	at java.util.concurrent.ThreadPoolExecutor$Worker.run(ThreadPoolExecutor.java:675)
	at java.lang.Thread.run(Thread.java:595)
Caused by: java.rmi.RemoteException: Unable to create study; nested exception is: 
	gov.nih.nci.cabig.caaers.CaaersSystemException: Cannot create group for organization.
	at org.apache.axis.message.SOAPFaultBuilder.createFault(SOAPFaultBuilder.java:221)
	at org.apache.axis.message.SOAPFaultBuilder.endElement(SOAPFaultBuilder.java:128)
	at org.apache.axis.encoding.DeserializationContext.endElement(DeserializationContext.java:1087)
	at org.apache.xerces.parsers.AbstractSAXParser.endElement(Unknown Source)
	at org.apache.xerces.impl.XMLNSDocumentScannerImpl.scanEndElement(Unknown Source)
	at org.apache.xerces.impl.XMLDocumentFragmentScannerImpl$FragmentContentDispatcher.dispatch(Unknown Source)
	at org.apache.xerces.impl.XMLDocumentFragmentScannerImpl.scanDocument(Unknown Source)
	at org.apache.xerces.parsers.XML11Configuration.parse(Unknown Source)
	at org.apache.xerces.parsers.XML11Configuration.parse(Unknown Source)
	at org.apache.xerces.parsers.XMLParser.parse(Unknown Source)
	at org.apache.xerces.parsers.AbstractSAXParser.parse(Unknown Source)
	at org.apache.xerces.jaxp.SAXParserImpl$JAXPSAXParser.parse(Unknown Source)
	at org.apache.xerces.jaxp.SAXParserImpl.parse(Unknown Source)
	at org.apache.axis.encoding.DeserializationContext.parse(DeserializationContext.java:227)
	at org.apache.axis.SOAPPart.getAsSOAPEnvelope(SOAPPart.java:645)
	at org.apache.axis.Message.getSOAPEnvelope(Message.java:424)
	at org.apache.axis.message.addressing.handler.AddressingHandler.processClientResponse(AddressingHandler.java:305)
	at org.apache.axis.message.addressing.handler.AddressingHandler.invoke(AddressingHandler.java:110)
	at org.apache.axis.strategies.InvocationStrategy.visit(InvocationStrategy.java:32)
	at org.apache.axis.SimpleChain.doVisiting(SimpleChain.java:118)
	at org.apache.axis.SimpleChain.invoke(SimpleChain.java:83)
	at org.apache.axis.client.AxisClient.invoke(AxisClient.java:190)
	at org.apache.axis.client.Call.invokeEngine(Call.java:2727)
	at org.apache.axis.client.Call.invoke(Call.java:2710)
	at org.apache.axis.client.Call.invoke(Call.java:2386)
	at org.apache.axis.client.Call.invoke(Call.java:2309)
	at org.apache.axis.client.Call.invoke(Call.java:1766)
	at gov.nih.nci.ccts.grid.studyconsumer.stubs.bindings.StudyConsumerPortTypeSOAPBindingStub.createStudy(StudyConsumerPortTypeSOAPBindingStub.java:1212)
	at gov.nih.nci.ccts.grid.studyconsumer.client.StudyConsumerClient.createStudy(StudyConsumerClient.java:86)
	at gov.nih.nci.caXchange.outbound.operations.StudyInvocationStrategy.invokeGridService(StudyInvocationStrategy.java:84)
	... 15 more
12:20:05,355 | DEBUG | pool-flow.seda.servicemix-bean-thread-10 | GridSU                   | .nci.caXchange.outbound.GridSU  240 | Exhausted retries. Returning error.
12:20:05,363 | DEBUG | pool-flow.seda.servicemix-bean-thread-10 | GridSU                   | .nci.caXchange.outbound.GridSU  262 | Copying request metadata...
12:20:05,363 | DEBUG | pool-flow.seda.servicemix-bean-thread-10 | GridSU                   | .nci.caXchange.outbound.GridSU  290 | Property:caxchange.targetservices:psc,caAERS,LabViewer
12:20:05,364 | DEBUG | pool-flow.seda.servicemix-bean-thread-10 | GridSU                   | .nci.caXchange.outbound.GridSU  290 | Property:org.apache.servicemix.eip.recipientList.index:1
12:20:05,364 | DEBUG | pool-flow.seda.servicemix-bean-thread-10 | GridSU                   | .nci.caXchange.outbound.GridSU  290 | Property:caxchange.targetservices.count:3
12:20:05,364 | DEBUG | pool-flow.seda.servicemix-bean-thread-10 | GridSU                   | .nci.caXchange.outbound.GridSU  290 | Property:org.apache.servicemix.eip.recipientList.corrid:ID:156.40.114.239-1274d901bd0-22:1728
12:20:05,364 | DEBUG | pool-flow.seda.servicemix-bean-thread-10 | GridSU                   | .nci.caXchange.outbound.GridSU  290 | Property:caxchange.original.correlationId:ID:156.40.114.239-1274d901bd0-8:6
12:20:05,365 | DEBUG | pool-flow.seda.servicemix-bean-thread-10 | GridSU                   | .nci.caXchange.outbound.GridSU  290 | Property:org.apache.servicemix.eip.recipientList.count:3
12:20:05,365 | DEBUG | pool-flow.seda.servicemix-bean-thread-10 | GridSU                   | .nci.caXchange.outbound.GridSU  290 | Property:studyCreation.correlationId.Property:ID:156.40.114.239-1274d901bd0-22:1727
12:20:05,365 | DEBUG | pool-flow.seda.servicemix-bean-thread-10 | GridSU                   | .nci.caXchange.outbound.GridSU  128 | Out GridSU:1268328005365
12:20:05,408 | DEBUG | pool-flow.seda.servicemix-bean-thread-14 | GridSU                   | .nci.caXchange.outbound.GridSU  108 | returning done status recvd:Done
12:20:05,578 | INFO  | pool-flow.seda.servicemix-bean-thread-2 | changeAggregatorListener | ng.CaxchangeAggregatorListener   76 | Sending a rollback for ID:156.40.114.239-1274d901bd0-8:6
12:20:05,774 | INFO  | pool-flow.seda.servicemix-bean-thread-12 | PayloadValidator         | an.validation.PayloadValidator   47 | validating payload.
12:20:05,812 | DEBUG | pool-flow.seda.servicemix-bean-thread-12 | GridSU                   | .nci.caXchange.outbound.GridSU  112 | In GridSU:1268328005812
12:20:05,813 | DEBUG | pool-flow.seda.servicemix-bean-thread-12 | GridSU                   | .nci.caXchange.outbound.GridSU  211 | Message Received:org.apache.servicemix.jbi.messaging.NormalizedMessageImpl@291890{properties: {caxchange.targetservices=psc,caAERS,LabViewer, caxchange.targetservices.count=3, org.apache.servicemix.eip.recipientList.index=0, caxchange.original.correlationId=ID:156.40.114.239-1274d901bd0-8:6, org.apache.servicemix.eip.recipientList.corrid=ID:156.40.114.239-1274d901bd0-22:1751, org.apache.servicemix.eip.recipientList.count=3, studyCreation.correlationId.Property=ID:156.40.114.239-1274d901bd0-22:1750}}
12:20:05,833 | DEBUG | pool-flow.seda.servicemix-bean-thread-5 | GridSU                   | .nci.caXchange.outbound.GridSU  112 | In GridSU:1268328005833
12:20:05,834 | DEBUG | pool-flow.seda.servicemix-bean-thread-5 | GridSU                   | .nci.caXchange.outbound.GridSU  211 | Message Received:org.apache.servicemix.jbi.messaging.NormalizedMessageImpl@62017d{properties: {caxchange.targetservices=psc,caAERS,LabViewer, caxchange.targetservices.count=3, org.apache.servicemix.eip.recipientList.index=2, caxchange.original.correlationId=ID:156.40.114.239-1274d901bd0-8:6, org.apache.servicemix.eip.recipientList.corrid=ID:156.40.114.239-1274d901bd0-22:1751, org.apache.servicemix.eip.recipientList.count=3, studyCreation.correlationId.Property=ID:156.40.114.239-1274d901bd0-22:1750}}
12:20:05,848 | DEBUG | pool-flow.seda.servicemix-bean-thread-15 | GridSU                   | .nci.caXchange.outbound.GridSU  112 | In GridSU:1268328005848
12:20:05,848 | DEBUG | pool-flow.seda.servicemix-bean-thread-15 | GridSU                   | .nci.caXchange.outbound.GridSU  211 | Message Received:org.apache.servicemix.jbi.messaging.NormalizedMessageImpl@1b84bea{properties: {caxchange.targetservices=psc,caAERS,LabViewer, caxchange.targetservices.count=3, org.apache.servicemix.eip.recipientList.index=1, caxchange.original.correlationId=ID:156.40.114.239-1274d901bd0-8:6, org.apache.servicemix.eip.recipientList.corrid=ID:156.40.114.239-1274d901bd0-22:1751, org.apache.servicemix.eip.recipientList.count=3, studyCreation.correlationId.Property=ID:156.40.114.239-1274d901bd0-22:1750}}
12:20:06,416 | ERROR | pool-flow.seda.servicemix-bean-thread-15 | StudyRollbackStrategy    | erations.StudyRollbackStrategy   87 | Failed to invoke study service.
AxisFault
 faultCode: {http://schemas.xmlsoap.org/soap/envelope/}Server.generalException
 faultSubcode: 
 faultString: Null input
 faultActor: 
 faultNode: 
 faultDetail: 
	{http://studyconsumer.grid.ccts.nci.nih.gov/StudyConsumer/types}InvalidStudyException:<ns2:Timestamp xmlns:ns2="http://docs.oasis-open.org/wsrf/2004/06/wsrf-WS-BaseFaults-1.2-draft-01.xsd">2010-03-11T17:20:06.384Z</ns2:Timestamp><ns3:Originator xmlns:ns3="http://docs.oasis-open.org/wsrf/2004/06/wsrf-WS-BaseFaults-1.2-draft-01.xsd"><ns4:Address xmlns:ns4="http://schemas.xmlsoap.org/ws/2004/03/addressing">https://ncias-q291-v.nci.nih.gov:28443/wsrf-caaers/services/cagrid/StudyConsumer</ns4:Address><ns5:ReferenceProperties xmlns:ns5="http://schemas.xmlsoap.org/ws/2004/03/addressing"/><ns6:ReferenceParameters xmlns:ns6="http://schemas.xmlsoap.org/ws/2004/03/addressing"/></ns3:Originator>
	{http://xml.apache.org/axis/}exceptionName:gov.nih.nci.ccts.grid.studyconsumer.stubs.types.InvalidStudyException
	{http://xml.apache.org/axis/}stackTrace:
	at gov.nih.nci.cabig.caaers.grid.CaaersStudyConsumer.getInvalidStudyException(CaaersStudyConsumer.java:659)
	at gov.nih.nci.cabig.caaers.grid.CaaersStudyConsumer.rollback(CaaersStudyConsumer.java:144)
	at gov.nih.nci.cabig.caaers.grid.CaaersStudyConsumer$$FastClassByCGLIB$$4c7041b8.invoke(&lt;generated&gt;)
	at net.sf.cglib.proxy.MethodProxy.invoke(MethodProxy.java:149)
	at org.springframework.aop.framework.Cglib2AopProxy$CglibMethodInvocation.invokeJoinpoint(Cglib2AopProxy.java:675)
	at org.springframework.aop.framework.ReflectiveMethodInvocation.proceed(ReflectiveMethodInvocation.java:154)
	at org.springframework.orm.hibernate3.HibernateInterceptor.invoke(HibernateInterceptor.java:104)
	at org.springframework.aop.framework.ReflectiveMethodInvocation.proceed(ReflectiveMethodInvocation.java:176)
	at gov.nih.nci.cabig.caaers.audit.AuditInfoPopulatorInterceptor.invoke(AuditInfoPopulatorInterceptor.java:41)
	at org.springframework.aop.framework.ReflectiveMethodInvocation.proceed(ReflectiveMethodInvocation.java:176)
	at gov.nih.nci.cabig.caaers.security.GridAuthenticationInterceptor.invoke(GridAuthenticationInterceptor.java:33)
	at org.springframework.aop.framework.ReflectiveMethodInvocation.proceed(ReflectiveMethodInvocation.java:176)
	at org.springframework.aop.framework.Cglib2AopProxy$DynamicAdvisedInterceptor.intercept(Cglib2AopProxy.java:616)
	at gov.nih.nci.cabig.caaers.grid.CaaersStudyConsumer$$EnhancerByCGLIB$$61cc8eae.rollback(&lt;generated&gt;)
	at gov.nih.nci.ccts.grid.studyconsumer.service.StudyConsumerImpl.rollback(StudyConsumerImpl.java:59)
	at gov.nih.nci.ccts.grid.studyconsumer.service.globus.StudyConsumerProviderImpl.rollback(StudyConsumerProviderImpl.java:43)
	at sun.reflect.NativeMethodAccessorImpl.invoke0(Native Method)
	at sun.reflect.NativeMethodAccessorImpl.invoke(NativeMethodAccessorImpl.java:39)
	at sun.reflect.DelegatingMethodAccessorImpl.invoke(DelegatingMethodAccessorImpl.java:25)
	at java.lang.reflect.Method.invoke(Method.java:585)
	at org.apache.axis.providers.java.RPCProvider.invokeMethod(RPCProvider.java:384)
	at org.globus.axis.providers.RPCProvider.invokeMethodSub(RPCProvider.java:107)
	at org.globus.axis.providers.RPCProvider.invokeMethod(RPCProvider.java:90)
	at org.apache.axis.providers.java.RPCProvider.processMessage(RPCProvider.java:281)
	at org.apache.axis.providers.java.JavaProvider.invoke(JavaProvider.java:319)
	at org.apache.axis.strategies.InvocationStrategy.visit(InvocationStrategy.java:32)
	at org.apache.axis.SimpleChain.doVisiting(SimpleChain.java:118)
	at org.apache.axis.SimpleChain.invoke(SimpleChain.java:83)
	at org.apache.axis.handlers.soap.SOAPService.invoke(SOAPService.java:450)
	at org.apache.axis.server.AxisServer.invoke(AxisServer.java:285)
	at org.apache.axis.transport.http.AxisServlet.doPost(AxisServlet.java:697)
	at javax.servlet.http.HttpServlet.service(HttpServlet.java:647)
	at org.apache.axis.transport.http.AxisServletBase.service(AxisServletBase.java:327)
	at javax.servlet.http.HttpServlet.service(HttpServlet.java:729)
	at org.apache.catalina.core.ApplicationFilterChain.internalDoFilter(ApplicationFilterChain.java:269)
	at org.apache.catalina.core.ApplicationFilterChain.doFilter(ApplicationFilterChain.java:188)
	at org.apache.catalina.core.StandardWrapperValve.invoke(StandardWrapperValve.java:213)
	at org.apache.catalina.core.StandardContextValve.invoke(StandardContextValve.java:172)
	at org.apache.catalina.core.StandardHostValve.invoke(StandardHostValve.java:127)
	at org.apache.catalina.valves.ErrorReportValve.invoke(ErrorReportValve.java:117)
	at org.apache.catalina.core.StandardEngineValve.invoke(StandardEngineValve.java:108)
	at org.globus.tomcat.coyote.valves.HTTPSValve55.invoke(HTTPSValve55.java:45)
	at org.apache.catalina.connector.CoyoteAdapter.service(CoyoteAdapter.java:174)
	at org.apache.coyote.http11.Http11Processor.process(Http11Processor.java:875)
	at org.apache.coyote.http11.Http11BaseProtocol$Http11ConnectionHandler.processConnection(Http11BaseProtocol.java:665)
	at org.apache.tomcat.util.net.PoolTcpEndpoint.processSocket(PoolTcpEndpoint.java:528)
	at org.apache.tomcat.util.net.LeaderFollowerWorkerThread.runIt(LeaderFollowerWorkerThread.java:81)
	at org.apache.tomcat.util.threads.ThreadPool$ControlRunnable.run(ThreadPool.java:689)
	at java.lang.Thread.run(Thread.java:595)

	{http://xml.apache.org/axis/}hostname:ncias-q291-v.nci.nih.gov

Null input
	at sun.reflect.NativeConstructorAccessorImpl.newInstance0(Native Method)
	at sun.reflect.NativeConstructorAccessorImpl.newInstance(NativeConstructorAccessorImpl.java:39)
	at sun.reflect.DelegatingConstructorAccessorImpl.newInstance(DelegatingConstructorAccessorImpl.java:27)
	at java.lang.reflect.Constructor.newInstance(Constructor.java:494)
	at java.lang.Class.newInstance0(Class.java:350)
	at java.lang.Class.newInstance(Class.java:303)
	at org.apache.axis.encoding.ser.BeanDeserializer.<init>(BeanDeserializer.java:90)
	at org.apache.axis.encoding.ser.BeanDeserializer.<init>(BeanDeserializer.java:76)
	at gov.nih.nci.ccts.grid.studyconsumer.stubs.types.InvalidStudyException.getDeserializer(InvalidStudyException.java:90)
	at sun.reflect.NativeMethodAccessorImpl.invoke0(Native Method)
	at sun.reflect.NativeMethodAccessorImpl.invoke(NativeMethodAccessorImpl.java:39)
	at sun.reflect.DelegatingMethodAccessorImpl.invoke(DelegatingMethodAccessorImpl.java:25)
	at java.lang.reflect.Method.invoke(Method.java:585)
	at org.apache.axis.encoding.ser.BaseDeserializerFactory.getSpecialized(BaseDeserializerFactory.java:154)
	at org.apache.axis.encoding.ser.BaseDeserializerFactory.getDeserializerAs(BaseDeserializerFactory.java:84)
	at org.apache.axis.encoding.DeserializationContext.getDeserializer(DeserializationContext.java:464)
	at org.apache.axis.encoding.DeserializationContext.getDeserializerForType(DeserializationContext.java:547)
	at org.apache.axis.message.SOAPFaultDetailsBuilder.onStartChild(SOAPFaultDetailsBuilder.java:157)
	at org.apache.axis.encoding.DeserializationContext.startElement(DeserializationContext.java:1035)
	at org.apache.xerces.parsers.AbstractSAXParser.startElement(Unknown Source)
	at org.apache.xerces.impl.XMLNSDocumentScannerImpl.scanStartElement(Unknown Source)
	at org.apache.xerces.impl.XMLDocumentFragmentScannerImpl$FragmentContentDispatcher.dispatch(Unknown Source)
	at org.apache.xerces.impl.XMLDocumentFragmentScannerImpl.scanDocument(Unknown Source)
	at org.apache.xerces.parsers.XML11Configuration.parse(Unknown Source)
	at org.apache.xerces.parsers.XML11Configuration.parse(Unknown Source)
	at org.apache.xerces.parsers.XMLParser.parse(Unknown Source)
	at org.apache.xerces.parsers.AbstractSAXParser.parse(Unknown Source)
	at org.apache.xerces.jaxp.SAXParserImpl$JAXPSAXParser.parse(Unknown Source)
	at org.apache.xerces.jaxp.SAXParserImpl.parse(Unknown Source)
	at org.apache.axis.encoding.DeserializationContext.parse(DeserializationContext.java:227)
	at org.apache.axis.SOAPPart.getAsSOAPEnvelope(SOAPPart.java:645)
	at org.apache.axis.Message.getSOAPEnvelope(Message.java:424)
	at org.apache.axis.message.addressing.handler.AddressingHandler.processClientResponse(AddressingHandler.java:305)
	at org.apache.axis.message.addressing.handler.AddressingHandler.invoke(AddressingHandler.java:110)
	at org.apache.axis.strategies.InvocationStrategy.visit(InvocationStrategy.java:32)
	at org.apache.axis.SimpleChain.doVisiting(SimpleChain.java:118)
	at org.apache.axis.SimpleChain.invoke(SimpleChain.java:83)
	at org.apache.axis.client.AxisClient.invoke(AxisClient.java:190)
	at org.apache.axis.client.Call.invokeEngine(Call.java:2727)
	at org.apache.axis.client.Call.invoke(Call.java:2710)
	at org.apache.axis.client.Call.invoke(Call.java:2386)
	at org.apache.axis.client.Call.invoke(Call.java:2309)
	at org.apache.axis.client.Call.invoke(Call.java:1766)
	at gov.nih.nci.ccts.grid.studyconsumer.stubs.bindings.StudyConsumerPortTypeSOAPBindingStub.rollback(StudyConsumerPortTypeSOAPBindingStub.java:1274)
	at gov.nih.nci.ccts.grid.studyconsumer.client.StudyConsumerClient.rollback(StudyConsumerClient.java:108)
	at gov.nih.nci.caXchange.outbound.operations.StudyRollbackStrategy.invokeGridService(StudyRollbackStrategy.java:74)
	at gov.nih.nci.caXchange.outbound.GridSU.executeStrategy(GridSU.java:221)
	at gov.nih.nci.caXchange.outbound.GridSU.onMessageExchange(GridSU.java:119)
	at org.apache.servicemix.bean.BeanEndpoint.onProviderExchange(BeanEndpoint.java:230)
	at org.apache.servicemix.bean.BeanEndpoint.process(BeanEndpoint.java:217)
	at org.apache.servicemix.common.AsyncBaseLifeCycle.doProcess(AsyncBaseLifeCycle.java:627)
	at org.apache.servicemix.common.AsyncBaseLifeCycle.processExchange(AsyncBaseLifeCycle.java:581)
	at org.apache.servicemix.common.AsyncBaseLifeCycle.onMessageExchange(AsyncBaseLifeCycle.java:535)
	at org.apache.servicemix.common.SyncLifeCycleWrapper.onMessageExchange(SyncLifeCycleWrapper.java:60)
	at org.apache.servicemix.jbi.messaging.DeliveryChannelImpl.processInBound(DeliveryChannelImpl.java:623)
	at org.apache.servicemix.jbi.nmr.flow.AbstractFlow.doRouting(AbstractFlow.java:172)
	at org.apache.servicemix.jbi.nmr.flow.seda.SedaFlow.doRouting(SedaFlow.java:168)
	at org.apache.servicemix.jbi.nmr.flow.seda.SedaQueue$1.run(SedaQueue.java:134)
	at java.util.concurrent.ThreadPoolExecutor$Worker.runTask(ThreadPoolExecutor.java:650)
	at java.util.concurrent.ThreadPoolExecutor$Worker.run(ThreadPoolExecutor.java:675)
	at java.lang.Thread.run(Thread.java:595)
12:20:06,436 | ERROR | pool-flow.seda.servicemix-bean-thread-15 | GridSU                   | .nci.caXchange.outbound.GridSU  236 | Failed to invoke grid service.
gov.nih.nci.caXchange.outbound.GridInvocationException: Null input
	at gov.nih.nci.caXchange.outbound.operations.StudyRollbackStrategy.invokeGridService(StudyRollbackStrategy.java:89)
	at gov.nih.nci.caXchange.outbound.GridSU.executeStrategy(GridSU.java:221)
	at gov.nih.nci.caXchange.outbound.GridSU.onMessageExchange(GridSU.java:119)
	at org.apache.servicemix.bean.BeanEndpoint.onProviderExchange(BeanEndpoint.java:230)
	at org.apache.servicemix.bean.BeanEndpoint.process(BeanEndpoint.java:217)
	at org.apache.servicemix.common.AsyncBaseLifeCycle.doProcess(AsyncBaseLifeCycle.java:627)
	at org.apache.servicemix.common.AsyncBaseLifeCycle.processExchange(AsyncBaseLifeCycle.java:581)
	at org.apache.servicemix.common.AsyncBaseLifeCycle.onMessageExchange(AsyncBaseLifeCycle.java:535)
	at org.apache.servicemix.common.SyncLifeCycleWrapper.onMessageExchange(SyncLifeCycleWrapper.java:60)
	at org.apache.servicemix.jbi.messaging.DeliveryChannelImpl.processInBound(DeliveryChannelImpl.java:623)
	at org.apache.servicemix.jbi.nmr.flow.AbstractFlow.doRouting(AbstractFlow.java:172)
	at org.apache.servicemix.jbi.nmr.flow.seda.SedaFlow.doRouting(SedaFlow.java:168)
	at org.apache.servicemix.jbi.nmr.flow.seda.SedaQueue$1.run(SedaQueue.java:134)
	at java.util.concurrent.ThreadPoolExecutor$Worker.runTask(ThreadPoolExecutor.java:650)
	at java.util.concurrent.ThreadPoolExecutor$Worker.run(ThreadPoolExecutor.java:675)
	at java.lang.Thread.run(Thread.java:595)
Caused by: Null input
	at sun.reflect.NativeConstructorAccessorImpl.newInstance0(Native Method)
	at sun.reflect.NativeConstructorAccessorImpl.newInstance(NativeConstructorAccessorImpl.java:39)
	at sun.reflect.DelegatingConstructorAccessorImpl.newInstance(DelegatingConstructorAccessorImpl.java:27)
	at java.lang.reflect.Constructor.newInstance(Constructor.java:494)
	at java.lang.Class.newInstance0(Class.java:350)
	at java.lang.Class.newInstance(Class.java:303)
	at org.apache.axis.encoding.ser.BeanDeserializer.<init>(BeanDeserializer.java:90)
	at org.apache.axis.encoding.ser.BeanDeserializer.<init>(BeanDeserializer.java:76)
	at gov.nih.nci.ccts.grid.studyconsumer.stubs.types.InvalidStudyException.getDeserializer(InvalidStudyException.java:90)
	at sun.reflect.NativeMethodAccessorImpl.invoke0(Native Method)
	at sun.reflect.NativeMethodAccessorImpl.invoke(NativeMethodAccessorImpl.java:39)
	at sun.reflect.DelegatingMethodAccessorImpl.invoke(DelegatingMethodAccessorImpl.java:25)
	at java.lang.reflect.Method.invoke(Method.java:585)
	at org.apache.axis.encoding.ser.BaseDeserializerFactory.getSpecialized(BaseDeserializerFactory.java:154)
	at org.apache.axis.encoding.ser.BaseDeserializerFactory.getDeserializerAs(BaseDeserializerFactory.java:84)
	at org.apache.axis.encoding.DeserializationContext.getDeserializer(DeserializationContext.java:464)
	at org.apache.axis.encoding.DeserializationContext.getDeserializerForType(DeserializationContext.java:547)
	at org.apache.axis.message.SOAPFaultDetailsBuilder.onStartChild(SOAPFaultDetailsBuilder.java:157)
	at org.apache.axis.encoding.DeserializationContext.startElement(DeserializationContext.java:1035)
	at org.apache.xerces.parsers.AbstractSAXParser.startElement(Unknown Source)
	at org.apache.xerces.impl.XMLNSDocumentScannerImpl.scanStartElement(Unknown Source)
	at org.apache.xerces.impl.XMLDocumentFragmentScannerImpl$FragmentContentDispatcher.dispatch(Unknown Source)
	at org.apache.xerces.impl.XMLDocumentFragmentScannerImpl.scanDocument(Unknown Source)
	at org.apache.xerces.parsers.XML11Configuration.parse(Unknown Source)
	at org.apache.xerces.parsers.XML11Configuration.parse(Unknown Source)
	at org.apache.xerces.parsers.XMLParser.parse(Unknown Source)
	at org.apache.xerces.parsers.AbstractSAXParser.parse(Unknown Source)
	at org.apache.xerces.jaxp.SAXParserImpl$JAXPSAXParser.parse(Unknown Source)
	at org.apache.xerces.jaxp.SAXParserImpl.parse(Unknown Source)
	at org.apache.axis.encoding.DeserializationContext.parse(DeserializationContext.java:227)
	at org.apache.axis.SOAPPart.getAsSOAPEnvelope(SOAPPart.java:645)
	at org.apache.axis.Message.getSOAPEnvelope(Message.java:424)
	at org.apache.axis.message.addressing.handler.AddressingHandler.processClientResponse(AddressingHandler.java:305)
	at org.apache.axis.message.addressing.handler.AddressingHandler.invoke(AddressingHandler.java:110)
	at org.apache.axis.strategies.InvocationStrategy.visit(InvocationStrategy.java:32)
	at org.apache.axis.SimpleChain.doVisiting(SimpleChain.java:118)
	at org.apache.axis.SimpleChain.invoke(SimpleChain.java:83)
	at org.apache.axis.client.AxisClient.invoke(AxisClient.java:190)
	at org.apache.axis.client.Call.invokeEngine(Call.java:2727)
	at org.apache.axis.client.Call.invoke(Call.java:2710)
	at org.apache.axis.client.Call.invoke(Call.java:2386)
	at org.apache.axis.client.Call.invoke(Call.java:2309)
	at org.apache.axis.client.Call.invoke(Call.java:1766)
	at gov.nih.nci.ccts.grid.studyconsumer.stubs.bindings.StudyConsumerPortTypeSOAPBindingStub.rollback(StudyConsumerPortTypeSOAPBindingStub.java:1274)
	at gov.nih.nci.ccts.grid.studyconsumer.client.StudyConsumerClient.rollback(StudyConsumerClient.java:108)
	at gov.nih.nci.caXchange.outbound.operations.StudyRollbackStrategy.invokeGridService(StudyRollbackStrategy.java:74)
	... 15 more
12:20:06,437 | DEBUG | pool-flow.seda.servicemix-bean-thread-15 | GridSU                   | .nci.caXchange.outbound.GridSU  240 | Exhausted retries. Returning error.
12:20:06,437 | DEBUG | pool-flow.seda.servicemix-bean-thread-15 | GridSU                   | .nci.caXchange.outbound.GridSU  128 | Out GridSU:1268328006437
12:20:06,728 | DEBUG | pool-flow.seda.servicemix-bean-thread-5 | GridSU                   | .nci.caXchange.outbound.GridSU  224 | Time for invocation 884
12:20:06,728 | DEBUG | pool-flow.seda.servicemix-bean-thread-5 | GridSU                   | .nci.caXchange.outbound.GridSU  128 | Out GridSU:1268328006728
12:20:06,838 | DEBUG | pool-flow.seda.servicemix-bean-thread-12 | GridSU                   | .nci.caXchange.outbound.GridSU  224 | Time for invocation 910
12:20:06,839 | DEBUG | pool-flow.seda.servicemix-bean-thread-12 | GridSU                   | .nci.caXchange.outbound.GridSU  128 | Out GridSU:1268328006839
