---BeginRegBroadcast---
13:29:20,936 | INFO  | pool-flow.seda.servicemix-bean-thread-10 | PayloadValidator         | an.validation.PayloadValidator   47 | validating payload.
13:29:21,038 | DEBUG | pool-flow.seda.servicemix-bean-thread-5 | GridSU                   | .nci.caXchange.outbound.GridSU  112 | In GridSU:1268332161038
13:29:21,039 | DEBUG | pool-flow.seda.servicemix-bean-thread-5 | GridSU                   | .nci.caXchange.outbound.GridSU  211 | Message Received:org.apache.servicemix.jbi.messaging.NormalizedMessageImpl@1852c7f{properties: {caxchange.targetservices=psc,caAERS,LabViewer,OpenClinica, org.apache.servicemix.eip.recipientList.index=1, caxchange.targetservices.count=4, org.apache.servicemix.eip.recipientList.corrid=ID:156.40.114.239-1274e5ec79e-22:770, caxchange.original.correlationId=ID:156.40.114.239-1274e5ec79e-8:4, org.apache.servicemix.eip.recipientList.count=4, registerSubject.correlationId.Property=ID:156.40.114.239-1274e5ec79e-22:769}}
13:29:21,049 | DEBUG | pool-flow.seda.servicemix-bean-thread-12 | GridSU                   | .nci.caXchange.outbound.GridSU  112 | In GridSU:1268332161049
13:29:21,049 | DEBUG | pool-flow.seda.servicemix-bean-thread-12 | GridSU                   | .nci.caXchange.outbound.GridSU  211 | Message Received:org.apache.servicemix.jbi.messaging.NormalizedMessageImpl@149c220{properties: {caxchange.targetservices=psc,caAERS,LabViewer,OpenClinica, org.apache.servicemix.eip.recipientList.index=2, caxchange.targetservices.count=4, org.apache.servicemix.eip.recipientList.corrid=ID:156.40.114.239-1274e5ec79e-22:770, caxchange.original.correlationId=ID:156.40.114.239-1274e5ec79e-8:4, org.apache.servicemix.eip.recipientList.count=4, registerSubject.correlationId.Property=ID:156.40.114.239-1274e5ec79e-22:769}}
13:29:21,068 | DEBUG | pool-flow.seda.servicemix-bean-thread-9 | GridSU                   | .nci.caXchange.outbound.GridSU  112 | In GridSU:1268332161068
13:29:21,069 | DEBUG | pool-flow.seda.servicemix-bean-thread-9 | GridSU                   | .nci.caXchange.outbound.GridSU  211 | Message Received:org.apache.servicemix.jbi.messaging.NormalizedMessageImpl@4d6b0{properties: {caxchange.targetservices=psc,caAERS,LabViewer,OpenClinica, org.apache.servicemix.eip.recipientList.index=0, caxchange.targetservices.count=4, org.apache.servicemix.eip.recipientList.corrid=ID:156.40.114.239-1274e5ec79e-22:770, caxchange.original.correlationId=ID:156.40.114.239-1274e5ec79e-8:4, org.apache.servicemix.eip.recipientList.count=4, registerSubject.correlationId.Property=ID:156.40.114.239-1274e5ec79e-22:769}}
13:29:21,073 | DEBUG | pool-flow.seda.servicemix-bean-thread-3 | GridSU                   | .nci.caXchange.outbound.GridSU  112 | In GridSU:1268332161073
13:29:21,074 | DEBUG | pool-flow.seda.servicemix-bean-thread-3 | GridSU                   | .nci.caXchange.outbound.GridSU  211 | Message Received:org.apache.servicemix.jbi.messaging.NormalizedMessageImpl@aff1e8{properties: {caxchange.targetservices=psc,caAERS,LabViewer,OpenClinica, org.apache.servicemix.eip.recipientList.index=3, caxchange.targetservices.count=4, org.apache.servicemix.eip.recipientList.corrid=ID:156.40.114.239-1274e5ec79e-22:770, caxchange.original.correlationId=ID:156.40.114.239-1274e5ec79e-8:4, org.apache.servicemix.eip.recipientList.count=4, registerSubject.correlationId.Property=ID:156.40.114.239-1274e5ec79e-22:769}}
13:29:22,035 | DEBUG | pool-flow.seda.servicemix-bean-thread-15 | GridSU                   | .nci.caXchange.outbound.GridSU  112 | In GridSU:1268332162035
13:29:22,036 | DEBUG | pool-flow.seda.servicemix-bean-thread-15 | GridSU                   | .nci.caXchange.outbound.GridSU  211 | Message Received:org.apache.servicemix.jbi.messaging.NormalizedMessageImpl@7fb9e1{properties: {org.apache.servicemix.eip.asyncbridge.corrid=ID:156.40.114.239-1274e5ec79e-21:78}}
13:29:22,070 | DEBUG | pool-flow.seda.servicemix-bean-thread-15 | CoppaInvocationStrategy  | ations.CoppaInvocationStrategy  156 | Request payload class name:gov.nih.nci.coppa.po.CorrelationNode
13:29:22,103 | DEBUG | pool-flow.seda.servicemix-bean-thread-15 | CoppaInvocationStrategy  | ations.CoppaInvocationStrategy  301 | Class:gov.nih.nci.coppa.po.CorrelationNode Element:ns1:CorrelationNode CorrelationNode
13:29:22,166 | DEBUG | pool-flow.seda.servicemix-bean-thread-15 | CoppaInvocationStrategy  | ations.CoppaInvocationStrategy  305 | The message payload is:<?xml version="1.0" encoding="UTF-8"?><ns1:CorrelationNode xmlns:ns1="http://po.coppa.nci.nih.gov">
 <ns1:player>
  <ns1:Person>
   <ns1:identifier extension="166716" identifierName="NCI person entity identifier" root="2.16.840.1.113883.3.26.4.1"/>
   <ns1:name/>
   <ns1:postalAddress/>
   <ns1:statusCode nullFlavor="NI"/>
   <ns1:telecomAddress/>
   <ns1:raceCode nullFlavor="NI"/>
   <ns1:sexCode nullFlavor="NI"/>
   <ns1:ethnicGroupCode nullFlavor="NI"/>
   <ns1:birthDate nullFlavor="NI"/>
  </ns1:Person>
 </ns1:player>
 <ns1:scoper/>
 <ns1:correlation>
  <ns1:HealthCareProvider/>
 </ns1:correlation>
</ns1:CorrelationNode>
13:29:22,181 | DEBUG | pool-flow.seda.servicemix-bean-thread-15 | CoppaInvocationStrategy  | ations.CoppaInvocationStrategy  301 | Class:gov.nih.nci.coppa.po.Bl Element:ns1:Bl Bl
13:29:22,183 | DEBUG | pool-flow.seda.servicemix-bean-thread-15 | CoppaInvocationStrategy  | ations.CoppaInvocationStrategy  305 | The message payload is:<?xml version="1.0" encoding="UTF-8"?><ns1:Bl xmlns:ns1="http://po.coppa.nci.nih.gov" value="true"/>
13:29:22,196 | DEBUG | pool-flow.seda.servicemix-bean-thread-15 | CoppaInvocationStrategy  | ations.CoppaInvocationStrategy  301 | Class:gov.nih.nci.coppa.po.Bl Element:ns1:Bl Bl
13:29:22,197 | DEBUG | pool-flow.seda.servicemix-bean-thread-15 | CoppaInvocationStrategy  | ations.CoppaInvocationStrategy  305 | The message payload is:<?xml version="1.0" encoding="UTF-8"?><ns1:Bl xmlns:ns1="http://po.coppa.nci.nih.gov" value="true"/>
13:29:22,207 | DEBUG | pool-flow.seda.servicemix-bean-thread-15 | CoppaInvocationStrategy  | ations.CoppaInvocationStrategy  301 | Class:gov.nih.nci.coppa.common.LimitOffset Element:ns1:LimitOffset LimitOffset
13:29:22,208 | DEBUG | pool-flow.seda.servicemix-bean-thread-15 | CoppaInvocationStrategy  | ations.CoppaInvocationStrategy  305 | The message payload is:<?xml version="1.0" encoding="UTF-8"?><ns1:LimitOffset xmlns:ns1="http://common.coppa.nci.nih.gov">
 <ns1:limit>150</ns1:limit>
 <ns1:offset>0</ns1:offset>
</ns1:LimitOffset>
13:29:22,223 | INFO  | pool-flow.seda.servicemix-bean-thread-15 | CoppaInvocationStrategy  | ations.CoppaInvocationStrategy  115 | Invoking grid operation:Thu Mar 11 13:29:22 EST 2010
13:29:22,223 | DEBUG | pool-flow.seda.servicemix-bean-thread-15 | CoppaInvocationStrategy  | ations.CoppaInvocationStrategy  339 | Operation Name:searchCorrelationsWithEntities
13:29:22,711 | ERROR | pool-flow.seda.servicemix-bean-thread-5 | rationInvocationStrategy | RegistrationInvocationStrategy  116 | Failed to invoke registration service.
AxisFault
 faultCode: {http://schemas.xmlsoap.org/soap/envelope/}Server.userException
 faultSubcode: 
 faultString: java.rmi.RemoteException: Error while registering; nested exception is: 
	gov.nih.nci.cabig.caaers.CaaersSystemException: User is not associated with this Organization (or) No organization exists with nciCode :03019
 faultActor: 
 faultNode: 
 faultDetail: 
	{http://xml.apache.org/axis/}stackTrace:java.rmi.RemoteException: Error while registering; nested exception is: 
	gov.nih.nci.cabig.caaers.CaaersSystemException: User is not associated with this Organization (or) No organization exists with nciCode :03019
	at gov.nih.nci.cabig.caaers.grid.CaaersRegistrationConsumer.register(CaaersRegistrationConsumer.java:172)
	at gov.nih.nci.cabig.caaers.grid.CaaersRegistrationConsumer$$FastClassByCGLIB$$c8bd6cd6.invoke(&lt;generated&gt;)
	at net.sf.cglib.proxy.MethodProxy.invoke(MethodProxy.java:149)
	at org.springframework.aop.framework.Cglib2AopProxy$CglibMethodInvocation.invokeJoinpoint(Cglib2AopProxy.java:675)
	at org.springframework.aop.framework.ReflectiveMethodInvocation.proceed(ReflectiveMethodInvocation.java:154)
	at org.springframework.orm.hibernate3.HibernateInterceptor.invoke(HibernateInterceptor.java:104)
	at org.springframework.aop.framework.ReflectiveMethodInvocation.proceed(ReflectiveMethodInvocation.java:176)
	at gov.nih.nci.cabig.caaers.audit.AuditInfoPopulatorInterceptor.invoke(AuditInfoPopulatorInterceptor.java:41)
	at org.springframework.aop.framework.ReflectiveMethodInvocation.proceed(ReflectiveMethodInvocation.java:176)
	at gov.nih.nci.cabig.caaers.security.GridAuthenticationInterceptor.invoke(GridAuthenticationInterceptor.java:33)
	at org.springframework.aop.framework.ReflectiveMethodInvocation.proceed(ReflectiveMethodInvocation.java:176)
	at org.springframework.aop.framework.Cglib2AopProxy$DynamicAdvisedInterceptor.intercept(Cglib2AopProxy.java:616)
	at gov.nih.nci.cabig.caaers.grid.CaaersRegistrationConsumer$$EnhancerByCGLIB$$bb7abc2c.register(&lt;generated&gt;)
	at gov.nih.nci.ccts.grid.service.RegistrationConsumerImpl.register(RegistrationConsumerImpl.java:59)
	at gov.nih.nci.ccts.grid.service.globus.RegistrationConsumerProviderImpl.register(RegistrationConsumerProviderImpl.java:43)
	at sun.reflect.NativeMethodAccessorImpl.invoke0(Native Method)
	at sun.reflect.NativeMethodAccessorImpl.invoke(NativeMethodAccessorImpl.java:39)
	at sun.reflect.DelegatingMethodAccessorImpl.invoke(DelegatingMethodAccessorImpl.java:25)
	at java.lang.reflect.Method.invoke(Method.java:585)
	at org.apache.axis.providers.java.RPCProvider.invokeMethod(RPCProvider.java:384)
	at org.globus.axis.providers.RPCProvider.invokeMethodSub(RPCProvider.java:107)
	at org.globus.axis.providers.RPCProvider.invokeMethod(RPCProvider.java:90)
	at org.apache.axis.providers.java.RPCProvider.processMessage(RPCProvider.java:281)
	at org.apache.axis.providers.java.JavaProvider.invoke(JavaProvider.java:319)
	at org.apache.axis.strategies.InvocationStrategy.visit(InvocationStrategy.java:32)
	at org.apache.axis.SimpleChain.doVisiting(SimpleChain.java:118)
	at org.apache.axis.SimpleChain.invoke(SimpleChain.java:83)
	at org.apache.axis.handlers.soap.SOAPService.invoke(SOAPService.java:450)
	at org.apache.axis.server.AxisServer.invoke(AxisServer.java:285)
	at org.apache.axis.transport.http.AxisServlet.doPost(AxisServlet.java:697)
	at javax.servlet.http.HttpServlet.service(HttpServlet.java:647)
	at org.apache.axis.transport.http.AxisServletBase.service(AxisServletBase.java:327)
	at javax.servlet.http.HttpServlet.service(HttpServlet.java:729)
	at org.apache.catalina.core.ApplicationFilterChain.internalDoFilter(ApplicationFilterChain.java:269)
	at org.apache.catalina.core.ApplicationFilterChain.doFilter(ApplicationFilterChain.java:188)
	at org.apache.catalina.core.StandardWrapperValve.invoke(StandardWrapperValve.java:213)
	at org.apache.catalina.core.StandardContextValve.invoke(StandardContextValve.java:172)
	at org.apache.catalina.core.StandardHostValve.invoke(StandardHostValve.java:127)
	at org.apache.catalina.valves.ErrorReportValve.invoke(ErrorReportValve.java:117)
	at org.apache.catalina.core.StandardEngineValve.invoke(StandardEngineValve.java:108)
	at org.globus.tomcat.coyote.valves.HTTPSValve55.invoke(HTTPSValve55.java:45)
	at org.apache.catalina.connector.CoyoteAdapter.service(CoyoteAdapter.java:174)
	at org.apache.coyote.http11.Http11Processor.process(Http11Processor.java:875)
	at org.apache.coyote.http11.Http11BaseProtocol$Http11ConnectionHandler.processConnection(Http11BaseProtocol.java:665)
	at org.apache.tomcat.util.net.PoolTcpEndpoint.processSocket(PoolTcpEndpoint.java:528)
	at org.apache.tomcat.util.net.LeaderFollowerWorkerThread.runIt(LeaderFollowerWorkerThread.java:81)
	at org.apache.tomcat.util.threads.ThreadPool$ControlRunnable.run(ThreadPool.java:689)
	at java.lang.Thread.run(Thread.java:595)
Caused by: gov.nih.nci.cabig.caaers.CaaersSystemException: User is not associated with this Organization (or) No organization exists with nciCode :03019
	at gov.nih.nci.cabig.caaers.grid.CaaersRegistrationConsumer.fetchOrganization(CaaersRegistrationConsumer.java:409)
	at gov.nih.nci.cabig.caaers.grid.CaaersRegistrationConsumer.populateIdentifiers(CaaersRegistrationConsumer.java:337)
	at gov.nih.nci.cabig.caaers.grid.CaaersRegistrationConsumer.createParticipant(CaaersRegistrationConsumer.java:289)
	at gov.nih.nci.cabig.caaers.grid.CaaersRegistrationConsumer.register(CaaersRegistrationConsumer.java:145)
	... 47 more

	{http://xml.apache.org/axis/}hostname:ncias-q291-v.nci.nih.gov

java.rmi.RemoteException: Error while registering; nested exception is: 
	gov.nih.nci.cabig.caaers.CaaersSystemException: User is not associated with this Organization (or) No organization exists with nciCode :03019
	at org.apache.axis.message.SOAPFaultBuilder.createFault(SOAPFaultBuilder.java:221)
	at org.apache.axis.message.SOAPFaultBuilder.endElement(SOAPFaultBuilder.java:128)
	at org.apache.axis.encoding.DeserializationContext.endElement(DeserializationContext.java:1087)
	at org.apache.xerces.parsers.AbstractSAXParser.endElement(Unknown Source)
	at org.apache.xerces.impl.XMLNSDocumentScannerImpl.scanEndElement(Unknown Source)
	at org.apache.xerces.impl.XMLDocumentFragmentScannerImpl$FragmentContentDispatcher.dispatch(Unknown Source)
	at org.apache.xerces.impl.XMLDocumentFragmentScannerImpl.scanDocument(Unknown Source)
	at org.apache.xerces.parsers.XML11Configuration.parse(Unknown Source)
	at org.apache.xerces.parsers.XML11Configuration.parse(Unknown Source)
	at org.apache.xerces.parsers.XMLParser.parse(Unknown Source)
	at org.apache.xerces.parsers.AbstractSAXParser.parse(Unknown Source)
	at org.apache.xerces.jaxp.SAXParserImpl$JAXPSAXParser.parse(Unknown Source)
	at org.apache.xerces.jaxp.SAXParserImpl.parse(Unknown Source)
	at org.apache.axis.encoding.DeserializationContext.parse(DeserializationContext.java:227)
	at org.apache.axis.SOAPPart.getAsSOAPEnvelope(SOAPPart.java:645)
	at org.apache.axis.Message.getSOAPEnvelope(Message.java:424)
	at org.apache.axis.message.addressing.handler.AddressingHandler.processClientResponse(AddressingHandler.java:305)
	at org.apache.axis.message.addressing.handler.AddressingHandler.invoke(AddressingHandler.java:110)
	at org.apache.axis.strategies.InvocationStrategy.visit(InvocationStrategy.java:32)
	at org.apache.axis.SimpleChain.doVisiting(SimpleChain.java:118)
	at org.apache.axis.SimpleChain.invoke(SimpleChain.java:83)
	at org.apache.axis.client.AxisClient.invoke(AxisClient.java:190)
	at org.apache.axis.client.Call.invokeEngine(Call.java:2727)
	at org.apache.axis.client.Call.invoke(Call.java:2710)
	at org.apache.axis.client.Call.invoke(Call.java:2386)
	at org.apache.axis.client.Call.invoke(Call.java:2309)
	at org.apache.axis.client.Call.invoke(Call.java:1766)
	at gov.nih.nci.ccts.grid.stubs.bindings.RegistrationConsumerPortTypeSOAPBindingStub.register(RegistrationConsumerPortTypeSOAPBindingStub.java:1274)
	at gov.nih.nci.ccts.grid.client.RegistrationConsumerClient.register(RegistrationConsumerClient.java:108)
	at gov.nih.nci.caXchange.outbound.operations.RegistrationInvocationStrategy.invokeGridService(RegistrationInvocationStrategy.java:90)
	at gov.nih.nci.caXchange.outbound.GridSU.executeStrategy(GridSU.java:221)
	at gov.nih.nci.caXchange.outbound.GridSU.onMessageExchange(GridSU.java:119)
	at org.apache.servicemix.bean.BeanEndpoint.onProviderExchange(BeanEndpoint.java:230)
	at org.apache.servicemix.bean.BeanEndpoint.process(BeanEndpoint.java:217)
	at org.apache.servicemix.common.AsyncBaseLifeCycle.doProcess(AsyncBaseLifeCycle.java:627)
	at org.apache.servicemix.common.AsyncBaseLifeCycle.processExchange(AsyncBaseLifeCycle.java:581)
	at org.apache.servicemix.common.AsyncBaseLifeCycle.onMessageExchange(AsyncBaseLifeCycle.java:535)
	at org.apache.servicemix.common.SyncLifeCycleWrapper.onMessageExchange(SyncLifeCycleWrapper.java:60)
	at org.apache.servicemix.jbi.messaging.DeliveryChannelImpl.processInBound(DeliveryChannelImpl.java:623)
	at org.apache.servicemix.jbi.nmr.flow.AbstractFlow.doRouting(AbstractFlow.java:172)
	at org.apache.servicemix.jbi.nmr.flow.seda.SedaFlow.doRouting(SedaFlow.java:168)
	at org.apache.servicemix.jbi.nmr.flow.seda.SedaQueue$1.run(SedaQueue.java:134)
	at java.util.concurrent.ThreadPoolExecutor$Worker.runTask(ThreadPoolExecutor.java:650)
	at java.util.concurrent.ThreadPoolExecutor$Worker.run(ThreadPoolExecutor.java:675)
	at java.lang.Thread.run(Thread.java:595)
13:29:22,735 | ERROR | pool-flow.seda.servicemix-bean-thread-5 | GridSU                   | .nci.caXchange.outbound.GridSU  236 | Failed to invoke grid service.
gov.nih.nci.caXchange.outbound.GridInvocationException: java.rmi.RemoteException: Error while registering; nested exception is: 
	gov.nih.nci.cabig.caaers.CaaersSystemException: User is not associated with this Organization (or) No organization exists with nciCode :03019
	at gov.nih.nci.caXchange.outbound.operations.RegistrationInvocationStrategy.invokeGridService(RegistrationInvocationStrategy.java:117)
	at gov.nih.nci.caXchange.outbound.GridSU.executeStrategy(GridSU.java:221)
	at gov.nih.nci.caXchange.outbound.GridSU.onMessageExchange(GridSU.java:119)
	at org.apache.servicemix.bean.BeanEndpoint.onProviderExchange(BeanEndpoint.java:230)
	at org.apache.servicemix.bean.BeanEndpoint.process(BeanEndpoint.java:217)
	at org.apache.servicemix.common.AsyncBaseLifeCycle.doProcess(AsyncBaseLifeCycle.java:627)
	at org.apache.servicemix.common.AsyncBaseLifeCycle.processExchange(AsyncBaseLifeCycle.java:581)
	at org.apache.servicemix.common.AsyncBaseLifeCycle.onMessageExchange(AsyncBaseLifeCycle.java:535)
	at org.apache.servicemix.common.SyncLifeCycleWrapper.onMessageExchange(SyncLifeCycleWrapper.java:60)
	at org.apache.servicemix.jbi.messaging.DeliveryChannelImpl.processInBound(DeliveryChannelImpl.java:623)
	at org.apache.servicemix.jbi.nmr.flow.AbstractFlow.doRouting(AbstractFlow.java:172)
	at org.apache.servicemix.jbi.nmr.flow.seda.SedaFlow.doRouting(SedaFlow.java:168)
	at org.apache.servicemix.jbi.nmr.flow.seda.SedaQueue$1.run(SedaQueue.java:134)
	at java.util.concurrent.ThreadPoolExecutor$Worker.runTask(ThreadPoolExecutor.java:650)
	at java.util.concurrent.ThreadPoolExecutor$Worker.run(ThreadPoolExecutor.java:675)
	at java.lang.Thread.run(Thread.java:595)
Caused by: java.rmi.RemoteException: Error while registering; nested exception is: 
	gov.nih.nci.cabig.caaers.CaaersSystemException: User is not associated with this Organization (or) No organization exists with nciCode :03019
	at org.apache.axis.message.SOAPFaultBuilder.createFault(SOAPFaultBuilder.java:221)
	at org.apache.axis.message.SOAPFaultBuilder.endElement(SOAPFaultBuilder.java:128)
	at org.apache.axis.encoding.DeserializationContext.endElement(DeserializationContext.java:1087)
	at org.apache.xerces.parsers.AbstractSAXParser.endElement(Unknown Source)
	at org.apache.xerces.impl.XMLNSDocumentScannerImpl.scanEndElement(Unknown Source)
	at org.apache.xerces.impl.XMLDocumentFragmentScannerImpl$FragmentContentDispatcher.dispatch(Unknown Source)
	at org.apache.xerces.impl.XMLDocumentFragmentScannerImpl.scanDocument(Unknown Source)
	at org.apache.xerces.parsers.XML11Configuration.parse(Unknown Source)
	at org.apache.xerces.parsers.XML11Configuration.parse(Unknown Source)
	at org.apache.xerces.parsers.XMLParser.parse(Unknown Source)
	at org.apache.xerces.parsers.AbstractSAXParser.parse(Unknown Source)
	at org.apache.xerces.jaxp.SAXParserImpl$JAXPSAXParser.parse(Unknown Source)
	at org.apache.xerces.jaxp.SAXParserImpl.parse(Unknown Source)
	at org.apache.axis.encoding.DeserializationContext.parse(DeserializationContext.java:227)
	at org.apache.axis.SOAPPart.getAsSOAPEnvelope(SOAPPart.java:645)
	at org.apache.axis.Message.getSOAPEnvelope(Message.java:424)
	at org.apache.axis.message.addressing.handler.AddressingHandler.processClientResponse(AddressingHandler.java:305)
	at org.apache.axis.message.addressing.handler.AddressingHandler.invoke(AddressingHandler.java:110)
	at org.apache.axis.strategies.InvocationStrategy.visit(InvocationStrategy.java:32)
	at org.apache.axis.SimpleChain.doVisiting(SimpleChain.java:118)
	at org.apache.axis.SimpleChain.invoke(SimpleChain.java:83)
	at org.apache.axis.client.AxisClient.invoke(AxisClient.java:190)
	at org.apache.axis.client.Call.invokeEngine(Call.java:2727)
	at org.apache.axis.client.Call.invoke(Call.java:2710)
	at org.apache.axis.client.Call.invoke(Call.java:2386)
	at org.apache.axis.client.Call.invoke(Call.java:2309)
	at org.apache.axis.client.Call.invoke(Call.java:1766)
	at gov.nih.nci.ccts.grid.stubs.bindings.RegistrationConsumerPortTypeSOAPBindingStub.register(RegistrationConsumerPortTypeSOAPBindingStub.java:1274)
	at gov.nih.nci.ccts.grid.client.RegistrationConsumerClient.register(RegistrationConsumerClient.java:108)
	at gov.nih.nci.caXchange.outbound.operations.RegistrationInvocationStrategy.invokeGridService(RegistrationInvocationStrategy.java:90)
	... 15 more
13:29:22,771 | DEBUG | pool-flow.seda.servicemix-bean-thread-5 | GridSU                   | .nci.caXchange.outbound.GridSU  240 | Exhausted retries. Returning error.
13:29:22,760 | DEBUG | pool-flow.seda.servicemix-bean-thread-12 | GridSU                   | .nci.caXchange.outbound.GridSU  224 | Time for invocation 1611
13:29:22,807 | DEBUG | pool-flow.seda.servicemix-bean-thread-12 | GridSU                   | .nci.caXchange.outbound.GridSU  262 | Copying request metadata...
13:29:22,807 | DEBUG | pool-flow.seda.servicemix-bean-thread-12 | GridSU                   | .nci.caXchange.outbound.GridSU  290 | Property:caxchange.targetservices:psc,caAERS,LabViewer,OpenClinica
13:29:22,808 | DEBUG | pool-flow.seda.servicemix-bean-thread-12 | GridSU                   | .nci.caXchange.outbound.GridSU  290 | Property:org.apache.servicemix.eip.recipientList.index:2
13:29:22,808 | DEBUG | pool-flow.seda.servicemix-bean-thread-12 | GridSU                   | .nci.caXchange.outbound.GridSU  290 | Property:caxchange.targetservices.count:4
13:29:22,808 | DEBUG | pool-flow.seda.servicemix-bean-thread-12 | GridSU                   | .nci.caXchange.outbound.GridSU  290 | Property:org.apache.servicemix.eip.recipientList.corrid:ID:156.40.114.239-1274e5ec79e-22:770
13:29:22,808 | DEBUG | pool-flow.seda.servicemix-bean-thread-12 | GridSU                   | .nci.caXchange.outbound.GridSU  290 | Property:caxchange.original.correlationId:ID:156.40.114.239-1274e5ec79e-8:4
13:29:22,809 | DEBUG | pool-flow.seda.servicemix-bean-thread-12 | GridSU                   | .nci.caXchange.outbound.GridSU  290 | Property:org.apache.servicemix.eip.recipientList.count:4
13:29:22,809 | DEBUG | pool-flow.seda.servicemix-bean-thread-12 | GridSU                   | .nci.caXchange.outbound.GridSU  290 | Property:registerSubject.correlationId.Property:ID:156.40.114.239-1274e5ec79e-22:769
13:29:22,809 | DEBUG | pool-flow.seda.servicemix-bean-thread-12 | GridSU                   | .nci.caXchange.outbound.GridSU  128 | Out GridSU:1268332162809
13:29:22,823 | DEBUG | pool-flow.seda.servicemix-bean-thread-5 | GridSU                   | .nci.caXchange.outbound.GridSU  262 | Copying request metadata...
13:29:22,824 | DEBUG | pool-flow.seda.servicemix-bean-thread-5 | GridSU                   | .nci.caXchange.outbound.GridSU  290 | Property:caxchange.targetservices:psc,caAERS,LabViewer,OpenClinica
13:29:22,824 | DEBUG | pool-flow.seda.servicemix-bean-thread-5 | GridSU                   | .nci.caXchange.outbound.GridSU  290 | Property:org.apache.servicemix.eip.recipientList.index:1
13:29:22,824 | DEBUG | pool-flow.seda.servicemix-bean-thread-5 | GridSU                   | .nci.caXchange.outbound.GridSU  290 | Property:caxchange.targetservices.count:4
13:29:22,825 | DEBUG | pool-flow.seda.servicemix-bean-thread-5 | GridSU                   | .nci.caXchange.outbound.GridSU  290 | Property:org.apache.servicemix.eip.recipientList.corrid:ID:156.40.114.239-1274e5ec79e-22:770
13:29:22,825 | DEBUG | pool-flow.seda.servicemix-bean-thread-5 | GridSU                   | .nci.caXchange.outbound.GridSU  290 | Property:caxchange.original.correlationId:ID:156.40.114.239-1274e5ec79e-8:4
13:29:22,825 | DEBUG | pool-flow.seda.servicemix-bean-thread-5 | GridSU                   | .nci.caXchange.outbound.GridSU  290 | Property:org.apache.servicemix.eip.recipientList.count:4
13:29:22,825 | DEBUG | pool-flow.seda.servicemix-bean-thread-5 | GridSU                   | .nci.caXchange.outbound.GridSU  290 | Property:registerSubject.correlationId.Property:ID:156.40.114.239-1274e5ec79e-22:769
13:29:22,826 | DEBUG | pool-flow.seda.servicemix-bean-thread-5 | GridSU                   | .nci.caXchange.outbound.GridSU  128 | Out GridSU:1268332162826
13:29:22,933 | DEBUG | pool-flow.seda.servicemix-bean-thread-16 | GridSU                   | .nci.caXchange.outbound.GridSU  108 | returning done status recvd:Done
13:29:22,982 | DEBUG | pool-flow.seda.servicemix-bean-thread-2 | GridSU                   | .nci.caXchange.outbound.GridSU  108 | returning done status recvd:Done
13:29:23,094 | DEBUG | pool-flow.seda.servicemix-bean-thread-3 | GridSU                   | .nci.caXchange.outbound.GridSU  224 | Time for invocation 1953
13:29:23,110 | DEBUG | pool-flow.seda.servicemix-bean-thread-3 | GridSU                   | .nci.caXchange.outbound.GridSU  262 | Copying request metadata...
13:29:23,112 | DEBUG | pool-flow.seda.servicemix-bean-thread-3 | GridSU                   | .nci.caXchange.outbound.GridSU  290 | Property:caxchange.targetservices:psc,caAERS,LabViewer,OpenClinica
13:29:23,113 | DEBUG | pool-flow.seda.servicemix-bean-thread-3 | GridSU                   | .nci.caXchange.outbound.GridSU  290 | Property:org.apache.servicemix.eip.recipientList.index:3
13:29:23,113 | DEBUG | pool-flow.seda.servicemix-bean-thread-3 | GridSU                   | .nci.caXchange.outbound.GridSU  290 | Property:caxchange.targetservices.count:4
13:29:23,113 | DEBUG | pool-flow.seda.servicemix-bean-thread-3 | GridSU                   | .nci.caXchange.outbound.GridSU  290 | Property:org.apache.servicemix.eip.recipientList.corrid:ID:156.40.114.239-1274e5ec79e-22:770
13:29:23,114 | DEBUG | pool-flow.seda.servicemix-bean-thread-3 | GridSU                   | .nci.caXchange.outbound.GridSU  290 | Property:caxchange.original.correlationId:ID:156.40.114.239-1274e5ec79e-8:4
13:29:23,114 | DEBUG | pool-flow.seda.servicemix-bean-thread-3 | GridSU                   | .nci.caXchange.outbound.GridSU  290 | Property:org.apache.servicemix.eip.recipientList.count:4
13:29:23,114 | DEBUG | pool-flow.seda.servicemix-bean-thread-3 | GridSU                   | .nci.caXchange.outbound.GridSU  290 | Property:registerSubject.correlationId.Property:ID:156.40.114.239-1274e5ec79e-22:769
13:29:23,115 | DEBUG | pool-flow.seda.servicemix-bean-thread-3 | GridSU                   | .nci.caXchange.outbound.GridSU  128 | Out GridSU:1268332163115
13:29:23,177 | DEBUG | pool-flow.seda.servicemix-bean-thread-7 | GridSU                   | .nci.caXchange.outbound.GridSU  108 | returning done status recvd:Done
13:29:23,986 | DEBUG | pool-flow.seda.servicemix-bean-thread-9 | GridSU                   | .nci.caXchange.outbound.GridSU  224 | Time for invocation 2855
13:29:23,998 | DEBUG | pool-flow.seda.servicemix-bean-thread-9 | GridSU                   | .nci.caXchange.outbound.GridSU  262 | Copying request metadata...
13:29:23,999 | DEBUG | pool-flow.seda.servicemix-bean-thread-9 | GridSU                   | .nci.caXchange.outbound.GridSU  290 | Property:caxchange.targetservices:psc,caAERS,LabViewer,OpenClinica
13:29:23,999 | DEBUG | pool-flow.seda.servicemix-bean-thread-9 | GridSU                   | .nci.caXchange.outbound.GridSU  290 | Property:org.apache.servicemix.eip.recipientList.index:0
13:29:23,999 | DEBUG | pool-flow.seda.servicemix-bean-thread-9 | GridSU                   | .nci.caXchange.outbound.GridSU  290 | Property:caxchange.targetservices.count:4
13:29:24,000 | DEBUG | pool-flow.seda.servicemix-bean-thread-9 | GridSU                   | .nci.caXchange.outbound.GridSU  290 | Property:org.apache.servicemix.eip.recipientList.corrid:ID:156.40.114.239-1274e5ec79e-22:770
13:29:24,000 | DEBUG | pool-flow.seda.servicemix-bean-thread-9 | GridSU                   | .nci.caXchange.outbound.GridSU  290 | Property:caxchange.original.correlationId:ID:156.40.114.239-1274e5ec79e-8:4
13:29:24,000 | DEBUG | pool-flow.seda.servicemix-bean-thread-9 | GridSU                   | .nci.caXchange.outbound.GridSU  290 | Property:org.apache.servicemix.eip.recipientList.count:4
13:29:24,000 | DEBUG | pool-flow.seda.servicemix-bean-thread-9 | GridSU                   | .nci.caXchange.outbound.GridSU  290 | Property:registerSubject.correlationId.Property:ID:156.40.114.239-1274e5ec79e-22:769
13:29:24,022 | DEBUG | pool-flow.seda.servicemix-bean-thread-9 | GridSU                   | .nci.caXchange.outbound.GridSU  128 | Out GridSU:1268332164022
13:29:24,055 | DEBUG | pool-flow.seda.servicemix-bean-thread-6 | GridSU                   | .nci.caXchange.outbound.GridSU  108 | returning done status recvd:Done
13:29:24,282 | INFO  | pool-flow.seda.servicemix-bean-thread-4 | changeAggregatorListener | ng.CaxchangeAggregatorListener   76 | Sending a rollback for ID:156.40.114.239-1274e5ec79e-8:4
13:29:24,642 | INFO  | pool-flow.seda.servicemix-bean-thread-5 | PayloadValidator         | an.validation.PayloadValidator   47 | validating payload.
13:29:24,705 | DEBUG | pool-flow.seda.servicemix-bean-thread-16 | GridSU                   | .nci.caXchange.outbound.GridSU  112 | In GridSU:1268332164705
13:29:24,705 | DEBUG | pool-flow.seda.servicemix-bean-thread-16 | GridSU                   | .nci.caXchange.outbound.GridSU  211 | Message Received:org.apache.servicemix.jbi.messaging.NormalizedMessageImpl@1e6c526{properties: {caxchange.targetservices=psc,caAERS,LabViewer,OpenClinica, caxchange.targetservices.count=4, org.apache.servicemix.eip.recipientList.index=0, caxchange.original.correlationId=ID:156.40.114.239-1274e5ec79e-8:4, org.apache.servicemix.eip.recipientList.corrid=ID:156.40.114.239-1274e5ec79e-22:799, org.apache.servicemix.eip.recipientList.count=4, registerSubject.correlationId.Property=ID:156.40.114.239-1274e5ec79e-22:798}}
13:29:24,716 | DEBUG | pool-flow.seda.servicemix-bean-thread-3 | GridSU                   | .nci.caXchange.outbound.GridSU  112 | In GridSU:1268332164716
13:29:24,716 | DEBUG | pool-flow.seda.servicemix-bean-thread-3 | GridSU                   | .nci.caXchange.outbound.GridSU  211 | Message Received:org.apache.servicemix.jbi.messaging.NormalizedMessageImpl@b7e05f{properties: {caxchange.targetservices=psc,caAERS,LabViewer,OpenClinica, caxchange.targetservices.count=4, org.apache.servicemix.eip.recipientList.index=2, caxchange.original.correlationId=ID:156.40.114.239-1274e5ec79e-8:4, org.apache.servicemix.eip.recipientList.corrid=ID:156.40.114.239-1274e5ec79e-22:799, org.apache.servicemix.eip.recipientList.count=4, registerSubject.correlationId.Property=ID:156.40.114.239-1274e5ec79e-22:798}}
13:29:24,725 | DEBUG | pool-flow.seda.servicemix-bean-thread-1 | GridSU                   | .nci.caXchange.outbound.GridSU  112 | In GridSU:1268332164725
13:29:24,726 | DEBUG | pool-flow.seda.servicemix-bean-thread-1 | GridSU                   | .nci.caXchange.outbound.GridSU  211 | Message Received:org.apache.servicemix.jbi.messaging.NormalizedMessageImpl@59e40{properties: {caxchange.targetservices=psc,caAERS,LabViewer,OpenClinica, caxchange.targetservices.count=4, org.apache.servicemix.eip.recipientList.index=3, caxchange.original.correlationId=ID:156.40.114.239-1274e5ec79e-8:4, org.apache.servicemix.eip.recipientList.corrid=ID:156.40.114.239-1274e5ec79e-22:799, org.apache.servicemix.eip.recipientList.count=4, registerSubject.correlationId.Property=ID:156.40.114.239-1274e5ec79e-22:798}}
13:29:24,732 | DEBUG | pool-flow.seda.servicemix-bean-thread-5 | GridSU                   | .nci.caXchange.outbound.GridSU  112 | In GridSU:1268332164732
13:29:24,732 | DEBUG | pool-flow.seda.servicemix-bean-thread-5 | GridSU                   | .nci.caXchange.outbound.GridSU  211 | Message Received:org.apache.servicemix.jbi.messaging.NormalizedMessageImpl@11d5216{properties: {caxchange.targetservices=psc,caAERS,LabViewer,OpenClinica, caxchange.targetservices.count=4, org.apache.servicemix.eip.recipientList.index=1, caxchange.original.correlationId=ID:156.40.114.239-1274e5ec79e-8:4, org.apache.servicemix.eip.recipientList.corrid=ID:156.40.114.239-1274e5ec79e-22:799, org.apache.servicemix.eip.recipientList.count=4, registerSubject.correlationId.Property=ID:156.40.114.239-1274e5ec79e-22:798}}
13:29:25,338 | DEBUG | pool-flow.seda.servicemix-bean-thread-5 | GridSU                   | .nci.caXchange.outbound.GridSU  224 | Time for invocation 581
13:29:25,338 | DEBUG | pool-flow.seda.servicemix-bean-thread-5 | GridSU                   | .nci.caXchange.outbound.GridSU  128 | Out GridSU:1268332165338
13:29:25,359 | DEBUG | pool-flow.seda.servicemix-bean-thread-3 | GridSU                   | .nci.caXchange.outbound.GridSU  224 | Time for invocation 582
13:29:25,360 | DEBUG | pool-flow.seda.servicemix-bean-thread-3 | GridSU                   | .nci.caXchange.outbound.GridSU  128 | Out GridSU:1268332165360
13:29:25,374 | INFO  | pool-flow.seda.servicemix-bean-thread-15 | CoppaInvocationStrategy  | ations.CoppaInvocationStrategy  118 | After Invoking grid operation:Thu Mar 11 13:29:25 EST 2010
13:29:25,586 | DEBUG | pool-flow.seda.servicemix-bean-thread-15 | GridSU                   | .nci.caXchange.outbound.GridSU  224 | Time for invocation 3550
13:29:25,617 | DEBUG | pool-flow.seda.servicemix-bean-thread-15 | GridSU                   | .nci.caXchange.outbound.GridSU  262 | Copying request metadata...
13:29:25,632 | DEBUG | pool-flow.seda.servicemix-bean-thread-15 | GridSU                   | .nci.caXchange.outbound.GridSU  290 | Property:org.apache.servicemix.eip.asyncbridge.corrid:ID:156.40.114.239-1274e5ec79e-21:78
13:29:25,633 | DEBUG | pool-flow.seda.servicemix-bean-thread-15 | GridSU                   | .nci.caXchange.outbound.GridSU  128 | Out GridSU:1268332165633
13:29:25,940 | DEBUG | pool-flow.seda.servicemix-bean-thread-15 | GridSU                   | .nci.caXchange.outbound.GridSU  108 | returning done status recvd:Done
13:29:26,376 | DEBUG | pool-flow.seda.servicemix-bean-thread-1 | GridSU                   | .nci.caXchange.outbound.GridSU  224 | Time for invocation 1456
13:29:26,388 | ERROR | pool-flow.seda.servicemix-bean-thread-1 | GridSU                   | .nci.caXchange.outbound.GridSU  121 | Failed to process exchange.
java.lang.NullPointerException
	at org.apache.xerces.dom.CoreDocumentImpl.importNode(Unknown Source)
	at org.apache.xerces.dom.CoreDocumentImpl.importNode(Unknown Source)
	at gov.nih.nci.caXchange.outbound.GridSU.createOutputDocument(GridSU.java:479)
	at gov.nih.nci.caXchange.outbound.GridSU.executeStrategy(GridSU.java:228)
	at gov.nih.nci.caXchange.outbound.GridSU.onMessageExchange(GridSU.java:119)
	at org.apache.servicemix.bean.BeanEndpoint.onProviderExchange(BeanEndpoint.java:230)
	at org.apache.servicemix.bean.BeanEndpoint.process(BeanEndpoint.java:217)
	at org.apache.servicemix.common.AsyncBaseLifeCycle.doProcess(AsyncBaseLifeCycle.java:627)
	at org.apache.servicemix.common.AsyncBaseLifeCycle.processExchange(AsyncBaseLifeCycle.java:581)
	at org.apache.servicemix.common.AsyncBaseLifeCycle.onMessageExchange(AsyncBaseLifeCycle.java:535)
	at org.apache.servicemix.common.SyncLifeCycleWrapper.onMessageExchange(SyncLifeCycleWrapper.java:60)
	at org.apache.servicemix.jbi.messaging.DeliveryChannelImpl.processInBound(DeliveryChannelImpl.java:623)
	at org.apache.servicemix.jbi.nmr.flow.AbstractFlow.doRouting(AbstractFlow.java:172)
	at org.apache.servicemix.jbi.nmr.flow.seda.SedaFlow.doRouting(SedaFlow.java:168)
	at org.apache.servicemix.jbi.nmr.flow.seda.SedaQueue$1.run(SedaQueue.java:134)
	at java.util.concurrent.ThreadPoolExecutor$Worker.runTask(ThreadPoolExecutor.java:650)
	at java.util.concurrent.ThreadPoolExecutor$Worker.run(ThreadPoolExecutor.java:675)
	at java.lang.Thread.run(Thread.java:595)
13:29:26,389 | DEBUG | pool-flow.seda.servicemix-bean-thread-1 | GridSU                   | .nci.caXchange.outbound.GridSU  128 | Out GridSU:1268332166389
13:29:27,656 | DEBUG | pool-flow.seda.servicemix-bean-thread-16 | GridSU                   | .nci.caXchange.outbound.GridSU  224 | Time for invocation 2733
13:29:27,657 | DEBUG | pool-flow.seda.servicemix-bean-thread-16 | GridSU                   | .nci.caXchange.outbound.GridSU  128 | Out GridSU:1268332167657
13:29:27,818 | DEBUG | pool-flow.seda.servicemix-bean-thread-13 | GridSU                   | .nci.caXchange.outbound.GridSU  112 | In GridSU:1268332167818
13:29:27,818 | DEBUG | pool-flow.seda.servicemix-bean-thread-13 | GridSU                   | .nci.caXchange.outbound.GridSU  211 | Message Received:org.apache.servicemix.jbi.messaging.NormalizedMessageImpl@1e8184f{properties: {org.apache.servicemix.eip.asyncbridge.corrid=ID:156.40.114.239-1274e5ec79e-21:79}}
13:29:27,831 | DEBUG | pool-flow.seda.servicemix-bean-thread-13 | CoppaInvocationStrategy  | ations.CoppaInvocationStrategy  156 | Request payload class name:gov.nih.nci.coppa.po.CorrelationNode
13:29:27,834 | DEBUG | pool-flow.seda.servicemix-bean-thread-13 | CoppaInvocationStrategy  | ations.CoppaInvocationStrategy  301 | Class:gov.nih.nci.coppa.po.CorrelationNode Element:ns1:CorrelationNode CorrelationNode
13:29:27,844 | DEBUG | pool-flow.seda.servicemix-bean-thread-13 | CoppaInvocationStrategy  | ations.CoppaInvocationStrategy  305 | The message payload is:<?xml version="1.0" encoding="UTF-8"?><ns1:CorrelationNode xmlns:ns1="http://po.coppa.nci.nih.gov">
 <ns1:player>
  <ns1:Person>
   <ns1:identifier extension="701294" identifierName="NCI person entity identifier" root="2.16.840.1.113883.3.26.4.1"/>
   <ns1:name/>
   <ns1:postalAddress/>
   <ns1:statusCode nullFlavor="NI"/>
   <ns1:telecomAddress/>
   <ns1:raceCode nullFlavor="NI"/>
   <ns1:sexCode nullFlavor="NI"/>
   <ns1:ethnicGroupCode nullFlavor="NI"/>
   <ns1:birthDate nullFlavor="NI"/>
  </ns1:Person>
 </ns1:player>
 <ns1:scoper/>
 <ns1:correlation>
  <ns1:HealthCareProvider/>
 </ns1:correlation>
</ns1:CorrelationNode>
13:29:27,855 | DEBUG | pool-flow.seda.servicemix-bean-thread-13 | CoppaInvocationStrategy  | ations.CoppaInvocationStrategy  301 | Class:gov.nih.nci.coppa.po.Bl Element:ns1:Bl Bl
13:29:27,856 | DEBUG | pool-flow.seda.servicemix-bean-thread-13 | CoppaInvocationStrategy  | ations.CoppaInvocationStrategy  305 | The message payload is:<?xml version="1.0" encoding="UTF-8"?><ns1:Bl xmlns:ns1="http://po.coppa.nci.nih.gov" value="true"/>
13:29:27,867 | DEBUG | pool-flow.seda.servicemix-bean-thread-13 | CoppaInvocationStrategy  | ations.CoppaInvocationStrategy  301 | Class:gov.nih.nci.coppa.po.Bl Element:ns1:Bl Bl
13:29:27,868 | DEBUG | pool-flow.seda.servicemix-bean-thread-13 | CoppaInvocationStrategy  | ations.CoppaInvocationStrategy  305 | The message payload is:<?xml version="1.0" encoding="UTF-8"?><ns1:Bl xmlns:ns1="http://po.coppa.nci.nih.gov" value="true"/>
13:29:27,878 | DEBUG | pool-flow.seda.servicemix-bean-thread-13 | CoppaInvocationStrategy  | ations.CoppaInvocationStrategy  301 | Class:gov.nih.nci.coppa.common.LimitOffset Element:ns1:LimitOffset LimitOffset
13:29:27,879 | DEBUG | pool-flow.seda.servicemix-bean-thread-13 | CoppaInvocationStrategy  | ations.CoppaInvocationStrategy  305 | The message payload is:<?xml version="1.0" encoding="UTF-8"?><ns1:LimitOffset xmlns:ns1="http://common.coppa.nci.nih.gov">
 <ns1:limit>150</ns1:limit>
 <ns1:offset>0</ns1:offset>
</ns1:LimitOffset>
13:29:27,888 | INFO  | pool-flow.seda.servicemix-bean-thread-13 | CoppaInvocationStrategy  | ations.CoppaInvocationStrategy  115 | Invoking grid operation:Thu Mar 11 13:29:27 EST 2010
13:29:27,889 | DEBUG | pool-flow.seda.servicemix-bean-thread-13 | CoppaInvocationStrategy  | ations.CoppaInvocationStrategy  339 | Operation Name:searchCorrelationsWithEntities
13:29:29,506 | INFO  | pool-flow.seda.servicemix-bean-thread-13 | CoppaInvocationStrategy  | ations.CoppaInvocationStrategy  118 | After Invoking grid operation:Thu Mar 11 13:29:29 EST 2010
13:29:29,536 | DEBUG | pool-flow.seda.servicemix-bean-thread-13 | GridSU                   | .nci.caXchange.outbound.GridSU  224 | Time for invocation 1718
13:29:29,548 | DEBUG | pool-flow.seda.servicemix-bean-thread-13 | GridSU                   | .nci.caXchange.outbound.GridSU  262 | Copying request metadata...
13:29:29,551 | DEBUG | pool-flow.seda.servicemix-bean-thread-13 | GridSU                   | .nci.caXchange.outbound.GridSU  290 | Property:org.apache.servicemix.eip.asyncbridge.corrid:ID:156.40.114.239-1274e5ec79e-21:79
13:29:29,662 | DEBUG | pool-flow.seda.servicemix-bean-thread-13 | GridSU                   | .nci.caXchange.outbound.GridSU  128 | Out GridSU:1268332169662
13:29:29,662 | DEBUG | pool-flow.seda.servicemix-bean-thread-11 | GridSU                   | .nci.caXchange.outbound.GridSU  108 | returning done status recvd:Done
