13:56:31,322 | ERROR | pool-flow.seda.servicemix-bean-thread-9 | CoppaInvocationStrategy  | ations.CoppaInvocationStrategy  347 | Exception invoking searchCorrelationsWithEntities
java.lang.reflect.InvocationTargetException
        at sun.reflect.NativeMethodAccessorImpl.invoke0(Native Method)
        at sun.reflect.NativeMethodAccessorImpl.invoke(NativeMethodAccessorImpl.java:39)
        at sun.reflect.DelegatingMethodAccessorImpl.invoke(DelegatingMethodAccessorImpl.java:25)
        at java.lang.reflect.Method.invoke(Method.java:585)
        at gov.nih.nci.caXchange.outbound.operations.CoppaInvocationStrategy.invokeGridOperation(CoppaInvocationStrategy.java:340)
        at gov.nih.nci.caXchange.outbound.operations.CoppaInvocationStrategy.invokeGridService(CoppaInvocationStrategy.java:116)
        at gov.nih.nci.caXchange.outbound.GridSU.executeStrategy(GridSU.java:221)
        at gov.nih.nci.caXchange.outbound.GridSU.onMessageExchange(GridSU.java:119)
        at org.apache.servicemix.bean.BeanEndpoint.onProviderExchange(BeanEndpoint.java:230)
        at org.apache.servicemix.bean.BeanEndpoint.process(BeanEndpoint.java:217)
        at org.apache.servicemix.common.AsyncBaseLifeCycle.doProcess(AsyncBaseLifeCycle.java:627)
        at org.apache.servicemix.common.AsyncBaseLifeCycle.processExchange(AsyncBaseLifeCycle.java:581)
        at org.apache.servicemix.common.AsyncBaseLifeCycle.onMessageExchange(AsyncBaseLifeCycle.java:535)
        at org.apache.servicemix.common.SyncLifeCycleWrapper.onMessageExchange(SyncLifeCycleWrapper.java:60)
        at org.apache.servicemix.jbi.messaging.DeliveryChannelImpl.processInBound(DeliveryChannelImpl.java:623)
        at org.apache.servicemix.jbi.nmr.flow.AbstractFlow.doRouting(AbstractFlow.java:172)
        at org.apache.servicemix.jbi.nmr.flow.seda.SedaFlow.doRouting(SedaFlow.java:168)
        at org.apache.servicemix.jbi.nmr.flow.seda.SedaQueue$1.run(SedaQueue.java:134)
        at java.util.concurrent.ThreadPoolExecutor$Worker.runTask(ThreadPoolExecutor.java:650)
        at java.util.concurrent.ThreadPoolExecutor$Worker.run(ThreadPoolExecutor.java:675)
        at java.lang.Thread.run(Thread.java:595)
Caused by: java.rmi.RemoteException: Unsupported exception, skipping fault transformation; nested exception is:
        gov.nih.nci.coppa.services.grid.remote.InvokeCoppaServiceException: java.lang.reflect.UndeclaredThrowableException
        at org.apache.axis.message.SOAPFaultBuilder.createFault(SOAPFaultBuilder.java:221)
        at org.apache.axis.message.SOAPFaultBuilder.endElement(SOAPFaultBuilder.java:128)
        at org.apache.axis.encoding.DeserializationContext.endElement(DeserializationContext.java:1087)
        at org.apache.xerces.parsers.AbstractSAXParser.endElement(Unknown Source)
        at org.apache.xerces.impl.XMLNSDocumentScannerImpl.scanEndElement(Unknown Source)
        at org.apache.xerces.impl.XMLDocumentFragmentScannerImpl$FragmentContentDispatcher.dispatch(Unknown Source)
        at org.apache.xerces.impl.XMLDocumentFragmentScannerImpl.scanDocument(Unknown Source)
        at org.apache.xerces.parsers.XML11Configuration.parse(Unknown Source)
        at org.apache.xerces.parsers.XML11Configuration.parse(Unknown Source)
        at org.apache.xerces.parsers.XMLParser.parse(Unknown Source)
        at org.apache.xerces.parsers.AbstractSAXParser.parse(Unknown Source)
        at org.apache.xerces.jaxp.SAXParserImpl$JAXPSAXParser.parse(Unknown Source)
        at org.apache.xerces.jaxp.SAXParserImpl.parse(Unknown Source)
        at org.apache.axis.encoding.DeserializationContext.parse(DeserializationContext.java:227)
        at org.apache.axis.SOAPPart.getAsSOAPEnvelope(SOAPPart.java:645)
        at org.apache.axis.Message.getSOAPEnvelope(Message.java:424)
        at org.apache.axis.message.addressing.handler.AddressingHandler.processClientResponse(AddressingHandler.java:305)
        at org.apache.axis.message.addressing.handler.AddressingHandler.invoke(AddressingHandler.java:110)
        at org.apache.axis.strategies.InvocationStrategy.visit(InvocationStrategy.java:32)
        at org.apache.axis.SimpleChain.doVisiting(SimpleChain.java:118)
        at org.apache.axis.SimpleChain.invoke(SimpleChain.java:83)
        at org.apache.axis.client.AxisClient.invoke(AxisClient.java:190)
        at org.apache.axis.client.Call.invokeEngine(Call.java:2727)
        at org.apache.axis.client.Call.invoke(Call.java:2710)
        at org.apache.axis.client.Call.invoke(Call.java:2386)
        at org.apache.axis.client.Call.invoke(Call.java:2309)
        at org.apache.axis.client.Call.invoke(Call.java:1766)
        at gov.nih.nci.coppa.services.business.business.stubs.bindings.BusinessPortTypeSOAPBindingStub.searchCorrelationsWithEntities(BusinessPortTypeSOAPBindingStub.java:1644)
        at gov.nih.nci.coppa.services.business.business.client.BusinessClient.searchCorrelationsWithEntities(BusinessClient.java:277)
        ... 21 more
13:56:31,325 | ERROR | pool-flow.seda.servicemix-bean-thread-9 | CoppaInvocationStrategy  | ations.CoppaInvocationStrategy  141 | Failed to invoke grid service.https://ctms-services-po-3-1-qa.nci.nih.gov:19543/wsrf/services/cagrid/Business
gov.nih.nci.caXchange.outbound.GridInvocationException: Exception invoking searchCorrelationsWithEntities on gov.nih.nci.coppa.services.business.business.client.BusinessClient.null:java.rmi.RemoteException: Unsupported exception, skipping fault transformation; nested exception is:
        gov.nih.nci.coppa.services.grid.remote.InvokeCoppaServiceException: java.lang.reflect.UndeclaredThrowableException
        at gov.nih.nci.caXchange.outbound.operations.CoppaInvocationStrategy.invokeGridOperation(CoppaInvocationStrategy.java:351)
        at gov.nih.nci.caXchange.outbound.operations.CoppaInvocationStrategy.invokeGridService(CoppaInvocationStrategy.java:116)
        at gov.nih.nci.caXchange.outbound.GridSU.executeStrategy(GridSU.java:221)
        at gov.nih.nci.caXchange.outbound.GridSU.onMessageExchange(GridSU.java:119)
        at org.apache.servicemix.bean.BeanEndpoint.onProviderExchange(BeanEndpoint.java:230)
        at org.apache.servicemix.bean.BeanEndpoint.process(BeanEndpoint.java:217)
        at org.apache.servicemix.common.AsyncBaseLifeCycle.doProcess(AsyncBaseLifeCycle.java:627)
        at org.apache.servicemix.common.AsyncBaseLifeCycle.processExchange(AsyncBaseLifeCycle.java:581)
        at org.apache.servicemix.common.AsyncBaseLifeCycle.onMessageExchange(AsyncBaseLifeCycle.java:535)
        at org.apache.servicemix.common.SyncLifeCycleWrapper.onMessageExchange(SyncLifeCycleWrapper.java:60)
        at org.apache.servicemix.jbi.messaging.DeliveryChannelImpl.processInBound(DeliveryChannelImpl.java:623)
        at org.apache.servicemix.jbi.nmr.flow.AbstractFlow.doRouting(AbstractFlow.java:172)
        at org.apache.servicemix.jbi.nmr.flow.seda.SedaFlow.doRouting(SedaFlow.java:168)
        at org.apache.servicemix.jbi.nmr.flow.seda.SedaQueue$1.run(SedaQueue.java:134)
        at java.util.concurrent.ThreadPoolExecutor$Worker.runTask(ThreadPoolExecutor.java:650)
        at java.util.concurrent.ThreadPoolExecutor$Worker.run(ThreadPoolExecutor.java:675)
        at java.lang.Thread.run(Thread.java:595)
Caused by: java.lang.reflect.InvocationTargetException
        at sun.reflect.NativeMethodAccessorImpl.invoke0(Native Method)
        at sun.reflect.NativeMethodAccessorImpl.invoke(NativeMethodAccessorImpl.java:39)
        at sun.reflect.DelegatingMethodAccessorImpl.invoke(DelegatingMethodAccessorImpl.java:25)
        at java.lang.reflect.Method.invoke(Method.java:585)
        at gov.nih.nci.caXchange.outbound.operations.CoppaInvocationStrategy.invokeGridOperation(CoppaInvocationStrategy.java:340)
        ... 16 more
Caused by: java.rmi.RemoteException: Unsupported exception, skipping fault transformation; nested exception is:
        gov.nih.nci.coppa.services.grid.remote.InvokeCoppaServiceException: java.lang.reflect.UndeclaredThrowableException
        at org.apache.axis.message.SOAPFaultBuilder.createFault(SOAPFaultBuilder.java:221)
        at org.apache.axis.message.SOAPFaultBuilder.endElement(SOAPFaultBuilder.java:128)
        at org.apache.axis.encoding.DeserializationContext.endElement(DeserializationContext.java:1087)
        at org.apache.xerces.parsers.AbstractSAXParser.endElement(Unknown Source)
        at org.apache.xerces.impl.XMLNSDocumentScannerImpl.scanEndElement(Unknown Source)
        at org.apache.xerces.impl.XMLDocumentFragmentScannerImpl$FragmentContentDispatcher.dispatch(Unknown Source)
        at org.apache.xerces.impl.XMLDocumentFragmentScannerImpl.scanDocument(Unknown Source)
        at org.apache.xerces.parsers.XML11Configuration.parse(Unknown Source)
        at org.apache.xerces.parsers.XML11Configuration.parse(Unknown Source)
        at org.apache.xerces.parsers.XMLParser.parse(Unknown Source)
        at org.apache.xerces.parsers.AbstractSAXParser.parse(Unknown Source)
        at org.apache.xerces.jaxp.SAXParserImpl$JAXPSAXParser.parse(Unknown Source)
        at org.apache.xerces.jaxp.SAXParserImpl.parse(Unknown Source)
        at org.apache.axis.encoding.DeserializationContext.parse(DeserializationContext.java:227)
        at org.apache.axis.SOAPPart.getAsSOAPEnvelope(SOAPPart.java:645)
        at org.apache.axis.Message.getSOAPEnvelope(Message.java:424)
        at org.apache.axis.message.addressing.handler.AddressingHandler.processClientResponse(AddressingHandler.java:305)
        at org.apache.axis.message.addressing.handler.AddressingHandler.invoke(AddressingHandler.java:110)
        at org.apache.axis.strategies.InvocationStrategy.visit(InvocationStrategy.java:32)
        at org.apache.axis.SimpleChain.doVisiting(SimpleChain.java:118)
        at org.apache.axis.SimpleChain.invoke(SimpleChain.java:83)
        at org.apache.axis.client.AxisClient.invoke(AxisClient.java:190)
        at org.apache.axis.client.Call.invokeEngine(Call.java:2727)
        at org.apache.axis.client.Call.invoke(Call.java:2710)
        at org.apache.axis.client.Call.invoke(Call.java:2386)
        at org.apache.axis.client.Call.invoke(Call.java:2309)
        at org.apache.axis.client.Call.invoke(Call.java:1766)
        at gov.nih.nci.coppa.services.business.business.stubs.bindings.BusinessPortTypeSOAPBindingStub.searchCorrelationsWithEntities(BusinessPortTypeSOAPBindingStub.java:1644)
        at gov.nih.nci.coppa.services.business.business.client.BusinessClient.searchCorrelationsWithEntities(BusinessClient.java:277)
        ... 21 more
13:56:31,326 | ERROR | pool-flow.seda.servicemix-bean-thread-9 | GridSU                   | .nci.caXchange.outbound.GridSU  236 | Failed to invoke grid service.
gov.nih.nci.caXchange.outbound.GridInvocationException: Exception invoking searchCorrelationsWithEntities on gov.nih.nci.coppa.services.business.business.client.BusinessClient.null:java.rmi.RemoteException: Unsupported exception, skipping fault transformation; nested exception is:
        gov.nih.nci.coppa.services.grid.remote.InvokeCoppaServiceException: java.lang.reflect.UndeclaredThrowableException
        at gov.nih.nci.caXchange.outbound.operations.CoppaInvocationStrategy.invokeGridService(CoppaInvocationStrategy.java:142)
        at gov.nih.nci.caXchange.outbound.GridSU.executeStrategy(GridSU.java:221)
        at gov.nih.nci.caXchange.outbound.GridSU.onMessageExchange(GridSU.java:119)
        at org.apache.servicemix.bean.BeanEndpoint.onProviderExchange(BeanEndpoint.java:230)
        at org.apache.servicemix.bean.BeanEndpoint.process(BeanEndpoint.java:217)
        at org.apache.servicemix.common.AsyncBaseLifeCycle.doProcess(AsyncBaseLifeCycle.java:627)
        at org.apache.servicemix.common.AsyncBaseLifeCycle.processExchange(AsyncBaseLifeCycle.java:581)
        at org.apache.servicemix.common.AsyncBaseLifeCycle.onMessageExchange(AsyncBaseLifeCycle.java:535)
        at org.apache.servicemix.common.SyncLifeCycleWrapper.onMessageExchange(SyncLifeCycleWrapper.java:60)
        at org.apache.servicemix.jbi.messaging.DeliveryChannelImpl.processInBound(DeliveryChannelImpl.java:623)
        at org.apache.servicemix.jbi.nmr.flow.AbstractFlow.doRouting(AbstractFlow.java:172)
        at org.apache.servicemix.jbi.nmr.flow.seda.SedaFlow.doRouting(SedaFlow.java:168)
        at org.apache.servicemix.jbi.nmr.flow.seda.SedaQueue$1.run(SedaQueue.java:134)
        at java.util.concurrent.ThreadPoolExecutor$Worker.runTask(ThreadPoolExecutor.java:650)
        at java.util.concurrent.ThreadPoolExecutor$Worker.run(ThreadPoolExecutor.java:675)
        at java.lang.Thread.run(Thread.java:595)
Caused by: gov.nih.nci.caXchange.outbound.GridInvocationException: Exception invoking searchCorrelationsWithEntities on gov.nih.nci.coppa.services.business.business.client.BusinessClient.null:java.rmi.RemoteException: Unsupported exception, skipping fault transformation; nested exception is:
        gov.nih.nci.coppa.services.grid.remote.InvokeCoppaServiceException: java.lang.reflect.UndeclaredThrowableException
        at gov.nih.nci.caXchange.outbound.operations.CoppaInvocationStrategy.invokeGridOperation(CoppaInvocationStrategy.java:351)
        at gov.nih.nci.caXchange.outbound.operations.CoppaInvocationStrategy.invokeGridService(CoppaInvocationStrategy.java:116)
        ... 15 more
Caused by: java.lang.reflect.InvocationTargetException
        at sun.reflect.NativeMethodAccessorImpl.invoke0(Native Method)
        at sun.reflect.NativeMethodAccessorImpl.invoke(NativeMethodAccessorImpl.java:39)
        at sun.reflect.DelegatingMethodAccessorImpl.invoke(DelegatingMethodAccessorImpl.java:25)
        at java.lang.reflect.Method.invoke(Method.java:585)
        at gov.nih.nci.caXchange.outbound.operations.CoppaInvocationStrategy.invokeGridOperation(CoppaInvocationStrategy.java:340)
        ... 16 more
Caused by: java.rmi.RemoteException: Unsupported exception, skipping fault transformation; nested exception is:
        gov.nih.nci.coppa.services.grid.remote.InvokeCoppaServiceException: java.lang.reflect.UndeclaredThrowableException
        at org.apache.axis.message.SOAPFaultBuilder.createFault(SOAPFaultBuilder.java:221)
        at org.apache.axis.message.SOAPFaultBuilder.endElement(SOAPFaultBuilder.java:128)
        at org.apache.axis.encoding.DeserializationContext.endElement(DeserializationContext.java:1087)
        at org.apache.xerces.parsers.AbstractSAXParser.endElement(Unknown Source)
        at org.apache.xerces.impl.XMLNSDocumentScannerImpl.scanEndElement(Unknown Source)
        at org.apache.xerces.impl.XMLDocumentFragmentScannerImpl$FragmentContentDispatcher.dispatch(Unknown Source)
        at org.apache.xerces.impl.XMLDocumentFragmentScannerImpl.scanDocument(Unknown Source)
        at org.apache.xerces.parsers.XML11Configuration.parse(Unknown Source)
        at org.apache.xerces.parsers.XML11Configuration.parse(Unknown Source)
        at org.apache.xerces.parsers.XMLParser.parse(Unknown Source)
        at org.apache.xerces.parsers.AbstractSAXParser.parse(Unknown Source)
        at org.apache.xerces.jaxp.SAXParserImpl$JAXPSAXParser.parse(Unknown Source)
        at org.apache.xerces.jaxp.SAXParserImpl.parse(Unknown Source)
        at org.apache.axis.encoding.DeserializationContext.parse(DeserializationContext.java:227)
        at org.apache.axis.SOAPPart.getAsSOAPEnvelope(SOAPPart.java:645)
        at org.apache.axis.Message.getSOAPEnvelope(Message.java:424)
        at org.apache.axis.message.addressing.handler.AddressingHandler.processClientResponse(AddressingHandler.java:305)
        at org.apache.axis.message.addressing.handler.AddressingHandler.invoke(AddressingHandler.java:110)
        at org.apache.axis.strategies.InvocationStrategy.visit(InvocationStrategy.java:32)
        at org.apache.axis.SimpleChain.doVisiting(SimpleChain.java:118)
        at org.apache.axis.SimpleChain.invoke(SimpleChain.java:83)
        at org.apache.axis.client.AxisClient.invoke(AxisClient.java:190)
        at org.apache.axis.client.Call.invokeEngine(Call.java:2727)
        at org.apache.axis.client.Call.invoke(Call.java:2710)
        at org.apache.axis.client.Call.invoke(Call.java:2386)
        at org.apache.axis.client.Call.invoke(Call.java:2309)
        at org.apache.axis.client.Call.invoke(Call.java:1766)
        at gov.nih.nci.coppa.services.business.business.stubs.bindings.BusinessPortTypeSOAPBindingStub.searchCorrelationsWithEntities(BusinessPortTypeSOAPBindingStub.java:1644)
        at gov.nih.nci.coppa.services.business.business.client.BusinessClient.searchCorrelationsWithEntities(BusinessClient.java:277)
        ... 21 more

