
gov.nih.nci.security.exceptions.CSException: Object Id can't be null!
        at gov.nih.nci.security.dao.AuthorizationDAOImpl.getAccessibleGroups(AuthorizationDAOImpl.java:1281)
        at gov.nih.nci.security.dao.AuthorizationDAOImpl.getAccessibleGroups(AuthorizationDAOImpl.java:1267)
        at gov.nih.nci.security.dao.DIAuthorizationDao.getAccessibleGroups(DIAuthorizationDao.java:135)
        at gov.nih.nci.security.provisioning.UserProvisioningManagerImpl.getAccessibleGroups(UserProvisioningManagerImpl.java:554)
        at gov.nih.nci.security.acegi.csm.authorization.CSMGroupAuthorizationCheck.checkAuthorizationForObjectId(CSMGroupAuthorizationCheck.java:33)
        at gov.nih.nci.security.acegi.csm.authorization.DelegatingObjectPrivilegeCSMAuthorizationCheck.checkAuthorizationForObjectId(DelegatingObjectPrivilegeCSMAuthorizationCheck.java:32)
        at gov.nih.nci.security.acegi.csm.authorization.AbstractCSMAuthorizationCheck.checkAuthorizationForObjectIds(AbstractCSMAuthorizationCheck.java:92)
        at gov.nih.nci.security.acegi.csm.authorization.AbstractCSMAuthorizationCheck.checkAuthorization(AbstractCSMAuthorizationCheck.java:78)
        at gov.nih.nci.security.acegi.csm.authorization.AbstractObjectPrivilegeCSMAuthorizationCheck.checkAuthorization(AbstractObjectPrivilegeCSMAuthorizationCheck.java:45)
        at gov.nih.nci.security.acegi.csm.vote.CSMAuthorizationCheckVoter.vote(CSMAuthorizationCheckVoter.java:53)
        at org.acegisecurity.vote.AffirmativeBased.decide(AffirmativeBased.java:51)
        at org.acegisecurity.intercept.AbstractSecurityInterceptor.beforeInvocation(AbstractSecurityInterceptor.java:285)
        at org.acegisecurity.intercept.web.FilterSecurityInterceptor.invoke(FilterSecurityInterceptor.java:104)
        at org.acegisecurity.intercept.web.FilterSecurityInterceptor.doFilter(FilterSecurityInterceptor.java:72)
        at org.acegisecurity.util.FilterChainProxy$VirtualFilterChain.doFilter(FilterChainProxy.java:274)
        at org.acegisecurity.ui.ExceptionTranslationFilter.doFilter(ExceptionTranslationFilter.java:110)
        at org.acegisecurity.util.FilterChainProxy$VirtualFilterChain.doFilter(FilterChainProxy.java:274)
        at org.acegisecurity.wrapper.SecurityContextHolderAwareRequestFilter.doFilter(SecurityContextHolderAwareRequestFilter.java:81)
        at org.acegisecurity.util.FilterChainProxy$VirtualFilterChain.doFilter(FilterChainProxy.java:274)
        at org.acegisecurity.ui.AbstractProcessingFilter.doFilter(AbstractProcessingFilter.java:217)
        at org.acegisecurity.util.FilterChainProxy$VirtualFilterChain.doFilter(FilterChainProxy.java:274)
        at org.acegisecurity.ui.logout.LogoutFilter.doFilter(LogoutFilter.java:106)
        at org.acegisecurity.util.FilterChainProxy$VirtualFilterChain.doFilter(FilterChainProxy.java:274)
        at org.acegisecurity.context.HttpSessionContextIntegrationFilter.doFilter(HttpSessionContextIntegrationFilter.java:229)
        at org.acegisecurity.util.FilterChainProxy$VirtualFilterChain.doFilter(FilterChainProxy.java:274)
        at org.acegisecurity.securechannel.ChannelProcessingFilter.doFilter(ChannelProcessingFilter.java:138)
        at org.acegisecurity.util.FilterChainProxy$VirtualFilterChain.doFilter(FilterChainProxy.java:274)
        at org.acegisecurity.util.FilterChainProxy.doFilter(FilterChainProxy.java:148)
        at org.acegisecurity.util.FilterToBeanProxy.doFilter(FilterToBeanProxy.java:98)
        at org.apache.catalina.core.ApplicationFilterChain.internalDoFilter(ApplicationFilterChain.java:215)
        at org.apache.catalina.core.ApplicationFilterChain.doFilter(ApplicationFilterChain.java:188)
        at gov.nih.nci.cabig.ctms.web.filters.BeansInRequestFilter.doFilter(BeansInRequestFilter.java:39)
        at org.apache.catalina.core.ApplicationFilterChain.internalDoFilter(ApplicationFilterChain.java:215)
        at org.apache.catalina.core.ApplicationFilterChain.doFilter(ApplicationFilterChain.java:188)
        at edu.duke.cabig.c3pr.utils.web.filter.PostAuthenticationSetupFilter.doFilter(PostAuthenticationSetupFilter.java:49)
        at org.apache.catalina.core.ApplicationFilterChain.internalDoFilter(ApplicationFilterChain.java:215)
        at org.apache.catalina.core.ApplicationFilterChain.doFilter(ApplicationFilterChain.java:188)
        at edu.duke.cabig.c3pr.utils.web.filter.PreAuthenticationSetupFilter.doFilter(PreAuthenticationSetupFilter.java:51)
        at org.apache.catalina.core.ApplicationFilterChain.internalDoFilter(ApplicationFilterChain.java:215)
        at org.apache.catalina.core.ApplicationFilterChain.doFilter(ApplicationFilterChain.java:188)
        at com.opensymphony.module.sitemesh.filter.PageFilter.parsePage(PageFilter.java:118)
        at com.opensymphony.module.sitemesh.filter.PageFilter.doFilter(PageFilter.java:52)
        at org.extremecomponents.table.filter.SitemeshPageFilter.doFilter(SitemeshPageFilter.java:39)
        at org.apache.catalina.core.ApplicationFilterChain.internalDoFilter(ApplicationFilterChain.java:215)
        at org.apache.catalina.core.ApplicationFilterChain.doFilter(ApplicationFilterChain.java:188)
        at edu.duke.cabig.c3pr.utils.web.filter.GzipFilter.doFilter(GzipFilter.java:64)
        at net.sf.ehcache.constructs.web.filter.Filter.doFilter(Filter.java:89)
        at org.apache.catalina.core.ApplicationFilterChain.internalDoFilter(ApplicationFilterChain.java:215)
        at org.apache.catalina.core.ApplicationFilterChain.doFilter(ApplicationFilterChain.java:188)
        at net.sf.infrared.aspects.servlet.InfraREDServletFilter.doFilter(InfraREDServletFilter.java:68)
        at org.apache.catalina.core.ApplicationFilterChain.internalDoFilter(ApplicationFilterChain.java:215)
        at org.apache.catalina.core.ApplicationFilterChain.doFilter(ApplicationFilterChain.java:188)
        at org.apache.catalina.core.StandardWrapperValve.invoke(StandardWrapperValve.java:213)
        at org.apache.catalina.core.StandardContextValve.invoke(StandardContextValve.java:172)
        at org.apache.catalina.authenticator.AuthenticatorBase.invoke(AuthenticatorBase.java:525)
        at org.apache.catalina.core.StandardHostValve.invoke(StandardHostValve.java:127)
        at org.apache.catalina.valves.ErrorReportValve.invoke(ErrorReportValve.java:117)
        at org.apache.catalina.core.StandardEngineValve.invoke(StandardEngineValve.java:108)
        at org.globus.tomcat.coyote.valves.HTTPSValve55.invoke(HTTPSValve55.java:45)
        at org.apache.catalina.connector.CoyoteAdapter.service(CoyoteAdapter.java:174)
        at org.apache.coyote.http11.Http11Processor.process(Http11Processor.java:875)
        at org.apache.coyote.http11.Http11BaseProtocol$Http11ConnectionHandler.processConnection(Http11BaseProtocol.java:665)
        at org.apache.tomcat.util.net.PoolTcpEndpoint.processSocket(PoolTcpEndpoint.java:528)
        at org.apache.tomcat.util.net.LeaderFollowerWorkerThread.runIt(LeaderFollowerWorkerThread.java:81)
        at org.apache.tomcat.util.threads.ThreadPool$ControlRunnable.run(ThreadPool.java:689)
        at java.lang.Thread.run(Thread.java:595)
13:56:42.589 [ContainerBackgroundProcessor[StandardEngine[Catalina]]] DEBUG o.a.catalina.session.ManagerBase - Start expire sessions StandardManager at 1267729002589 sessioncount 0
13:56:42.589 [ContainerBackgroundProcessor[StandardEngine[Catalina]]] DEBUG o.a.catalina.session.ManagerBase - End expire sessions StandardManager processingTime 0 expired sessions: 0
