
2010-01-11 08:43:29,250 DEBUG [edu.duke.cabig.c3pr.web.security.RegexPrivilegeAndObjectIdGenerator] - ############### Returning edu.duke.cabig.c3pr.domain.Study:READ #################
2010-01-11 08:43:29,250 DEBUG [edu.duke.cabig.c3pr.web.security.RegexPrivilegeAndObjectIdGenerator] - ############### Returning edu.duke.cabig.c3pr.domain.Study:READ #################
2010-01-11 08:43:29,250 DEBUG [gov.nih.nci.security.acegi.csm.authorization.AbstractCSMAuthorizationCheck] - ###### AuthorizationSwitch[0x8124710] is ON #####
2010-01-11 08:43:29,251 DEBUG [edu.duke.cabig.c3pr.web.security.RegexPrivilegeAndObjectIdGenerator] - ############### Returning edu.duke.cabig.c3pr.domain.Study:READ #################
2010-01-11 08:43:29,251 DEBUG [edu.duke.cabig.c3pr.web.security.RegexPrivilegeAndObjectIdGenerator] - ############### Returning edu.duke.cabig.c3pr.domain.Study:READ #################
2010-01-11 08:43:29,263 DEBUG [gov.nih.nci.security.dao.AuthorizationDAOImpl] - Authorization|||getObjectByPrimaryKey|Success|Success in retrieving object of type gov.nih.nci.security.authorization.domainobjects.Group|
2010-01-11 08:43:29,267 DEBUG [gov.nih.nci.security.dao.AuthorizationDAOImpl] - Authorization|||getObjectByPrimaryKey|Success|Success in retrieving object of type gov.nih.nci.security.authorization.domainobjects.Group|
2010-01-11 08:43:29,271 DEBUG [gov.nih.nci.security.dao.AuthorizationDAOImpl] - Authorization|||getObjectByPrimaryKey|Success|Success in retrieving object of type gov.nih.nci.security.authorization.domainobjects.Group|
2010-01-11 08:43:29,275 DEBUG [gov.nih.nci.security.dao.AuthorizationDAOImpl] - Authorization|||getObjectByPrimaryKey|Success|Success in retrieving object of type gov.nih.nci.security.authorization.domainobjects.Group|
2010-01-11 08:43:29,278 DEBUG [gov.nih.nci.security.dao.AuthorizationDAOImpl] - Authorization|||getObjectByPrimaryKey|Success|Success in retrieving object of type gov.nih.nci.security.authorization.domainobjects.Group|
2010-01-11 08:43:29,288 DEBUG [gov.nih.nci.security.dao.AuthorizationDAOImpl] - Authorization|||getObjectByPrimaryKey|Success|Success in retrieving object of type gov.nih.nci.security.authorization.domainobjects.User|
2010-01-11 08:43:29,291 DEBUG [gov.nih.nci.security.dao.AuthorizationDAOImpl] - The result size:2
2010-01-11 08:43:29,292 DEBUG [gov.nih.nci.security.dao.AuthorizationDAOImpl] - Authorization|||getGroups|Success|Successful in obtaining Groups for User Id 9|
2010-01-11 08:43:29,292 DEBUG [gov.nih.nci.security.acegi.csm.authorization.CSMGroupAuthorizationCheck] - isMember? true
2010-01-11 08:43:29,292 DEBUG [edu.duke.cabig.c3pr.web.study.AmendStudyController] - Removing form session attribute [edu.duke.cabig.c3pr.web.study.AmendStudyController.FORM.command]
2010-01-11 08:43:29,292 DEBUG [edu.duke.cabig.c3pr.web.study.AmendStudyController] - Removing form session attribute [edu.duke.cabig.c3pr.web.study.AmendStudyController.FORM.command]
2010-01-11 08:43:29,294 DEBUG [edu.duke.cabig.c3pr.web.study.AmendStudyController] - Invoking onBind for tab 9 (Summary)
2010-01-11 08:43:29,294 DEBUG [edu.duke.cabig.c3pr.web.study.AmendStudyController] - Invoking onBind for tab 9 (Summary)
2010-01-11 08:43:29,294 DEBUG [edu.duke.cabig.c3pr.web.study.AmendStudyController] - Removing page session attribute [edu.duke.cabig.c3pr.web.study.AmendStudyController.PAGE.command]
2010-01-11 08:43:29,294 DEBUG [edu.duke.cabig.c3pr.web.study.AmendStudyController] - Removing page session attribute [edu.duke.cabig.c3pr.web.study.AmendStudyController.PAGE.command]
2010-01-11 08:43:29,294 DEBUG [edu.duke.cabig.c3pr.web.study.AmendStudyController] - Validating wizard page 9 for form bean 'command'
2010-01-11 08:43:29,294 DEBUG [edu.duke.cabig.c3pr.web.study.AmendStudyController] - Validating wizard page 9 for form bean 'command'
2010-01-11 08:43:31,284 DEBUG [gov.nih.nci.security.acegi.csm.authorization.AbstractCSMAuthorizationCheck] - ###### AuthorizationSwitch[0x8124710] is ON #####
2010-01-11 08:43:31,298 DEBUG [gov.nih.nci.security.dao.AuthorizationDAOImpl] - Authorization|||getObjectByPrimaryKey|Success|Success in retrieving object of type gov.nih.nci.security.authorization.domainobjects.Group|
2010-01-11 08:43:31,303 DEBUG [gov.nih.nci.security.dao.AuthorizationDAOImpl] - Authorization|||getObjectByPrimaryKey|Success|Success in retrieving object of type gov.nih.nci.security.authorization.domainobjects.Group|
2010-01-11 08:43:31,308 DEBUG [gov.nih.nci.security.dao.AuthorizationDAOImpl] - Authorization|||getObjectByPrimaryKey|Success|Success in retrieving object of type gov.nih.nci.security.authorization.domainobjects.Group|
2010-01-11 08:43:31,312 DEBUG [gov.nih.nci.security.dao.AuthorizationDAOImpl] - Authorization|||getObjectByPrimaryKey|Success|Success in retrieving object of type gov.nih.nci.security.authorization.domainobjects.Group|
2010-01-11 08:43:31,316 DEBUG [gov.nih.nci.security.dao.AuthorizationDAOImpl] - Authorization|||getObjectByPrimaryKey|Success|Success in retrieving object of type gov.nih.nci.security.authorization.domainobjects.Group|
2010-01-11 08:43:31,325 DEBUG [gov.nih.nci.security.dao.AuthorizationDAOImpl] - Authorization|||getObjectByPrimaryKey|Success|Success in retrieving object of type gov.nih.nci.security.authorization.domainobjects.User|
2010-01-11 08:43:31,330 DEBUG [gov.nih.nci.security.dao.AuthorizationDAOImpl] - The result size:2
2010-01-11 08:43:31,330 DEBUG [gov.nih.nci.security.dao.AuthorizationDAOImpl] - Authorization|||getGroups|Success|Successful in obtaining Groups for User Id 9|
2010-01-11 08:43:31,330 DEBUG [gov.nih.nci.security.acegi.csm.authorization.CSMGroupAuthorizationCheck] - isMember? true
2010-01-11 08:43:31,420 ERROR [org.apache.catalina.core.ContainerBase.[Catalina].[localhost].[/c3pr].[c3pr]] - Servlet.service() for servlet c3pr threw exception
edu.duke.cabig.c3pr.exception.C3PRCodedRuntimeException: 241:Study has no pending amendment.<>
        at edu.duke.cabig.c3pr.exception.C3PRExceptionHelper.getRuntimeException(C3PRExceptionHelper.java:73)
        at edu.duke.cabig.c3pr.domain.Study.applyAmendment(Study.java:1295)
        at edu.duke.cabig.c3pr.domain.repository.impl.StudyRepositoryImpl.applyAmendment(StudyRepositoryImpl.java:744)
        at edu.duke.cabig.c3pr.domain.repository.impl.StudyRepositoryImpl$$FastClassByCGLIB$$feea7024.invoke(<generated>)
        at net.sf.cglib.proxy.MethodProxy.invoke(MethodProxy.java:149)
        at org.springframework.aop.framework.Cglib2AopProxy$CglibMethodInvocation.invokeJoinpoint(Cglib2AopProxy.java:694)
        at org.springframework.aop.framework.ReflectiveMethodInvocation.proceed(ReflectiveMethodInvocation.java:149)
        at org.springframework.transaction.interceptor.TransactionInterceptor.invoke(TransactionInterceptor.java:106)
        at org.springframework.aop.framework.ReflectiveMethodInvocation.proceed(ReflectiveMethodInvocation.java:171)
        at org.springframework.transaction.interceptor.TransactionInterceptor.invoke(TransactionInterceptor.java:106)
        at org.springframework.aop.framework.ReflectiveMethodInvocation.proceed(ReflectiveMethodInvocation.java:171)
        at org.springframework.aop.framework.Cglib2AopProxy$DynamicAdvisedInterceptor.intercept(Cglib2AopProxy.java:629)
        at edu.duke.cabig.c3pr.domain.repository.impl.StudyRepositoryImpl$$EnhancerByCGLIB$$b0ea3d4b.applyAmendment(<generated>)
        at edu.duke.cabig.c3pr.web.study.tabs.StudyOverviewTab.postProcessOnValidation(StudyOverviewTab.java:112)
        at edu.duke.cabig.c3pr.web.study.tabs.StudyTab.postProcess(StudyTab.java:236)
        at edu.duke.cabig.c3pr.web.study.tabs.StudyTab.postProcess(StudyTab.java:32)
        at gov.nih.nci.cabig.ctms.web.tabs.AbstractTabbedFlowFormController.postProcessPage(AbstractTabbedFlowFormController.java:128)
        at gov.nih.nci.cabig.ctms.web.tabs.AutomaticSaveFlowFormController.postProcessPage(AutomaticSaveFlowFormController.java:118)
        at edu.duke.cabig.c3pr.utils.web.spring.tabbedflow.AutomaticSaveAjaxableFormController.postProcessPage(AutomaticSaveAjaxableFormController.java:62)
        at edu.duke.cabig.c3pr.web.study.AmendStudyController.postProcessPage(AmendStudyController.java:158)
        at org.springframework.web.servlet.mvc.AbstractWizardFormController.processFormSubmission(AbstractWizardFormController.java:506)
        at org.springframework.web.servlet.mvc.AbstractFormController.handleRequestInternal(AbstractFormController.java:265)
        at edu.duke.cabig.c3pr.utils.web.spring.tabbedflow.AutomaticSaveAjaxableFormController.handleRequestInternal(AutomaticSaveAjaxableFormController.java:38)
        at org.springframework.web.servlet.mvc.AbstractController.handleRequest(AbstractController.java:153)
        at org.springframework.web.servlet.mvc.SimpleControllerHandlerAdapter.handle(SimpleControllerHandlerAdapter.java:48)
        at org.springframework.web.servlet.DispatcherServlet.doDispatch(DispatcherServlet.java:858)
        at org.springframework.web.servlet.DispatcherServlet.doService(DispatcherServlet.java:792)
        at org.springframework.web.servlet.FrameworkServlet.processRequest(FrameworkServlet.java:476)
        at org.springframework.web.servlet.FrameworkServlet.doPost(FrameworkServlet.java:441)
        at javax.servlet.http.HttpServlet.service(HttpServlet.java:647)
        at javax.servlet.http.HttpServlet.service(HttpServlet.java:729)
        at org.apache.catalina.core.ApplicationFilterChain.internalDoFilter(ApplicationFilterChain.java:269)
        at org.apache.catalina.core.ApplicationFilterChain.doFilter(ApplicationFilterChain.java:188)
        at edu.duke.cabig.c3pr.web.SkinFilter.doFilter(SkinFilter.java:87)
        at org.apache.catalina.core.ApplicationFilterChain.internalDoFilter(ApplicationFilterChain.java:215)
        at org.apache.catalina.core.ApplicationFilterChain.doFilter(ApplicationFilterChain.java:188)
        at com.opensymphony.module.sitemesh.filter.PageFilter.parsePage(PageFilter.java:118)
        at com.opensymphony.module.sitemesh.filter.PageFilter.doFilter(PageFilter.java:52)
        at org.extremecomponents.table.filter.SitemeshPageFilter.doFilter(SitemeshPageFilter.java:39)
        at org.apache.catalina.core.ApplicationFilterChain.internalDoFilter(ApplicationFilterChain.java:215)
        at org.apache.catalina.core.ApplicationFilterChain.doFilter(ApplicationFilterChain.java:188)
        at org.extremecomponents.table.filter.AbstractExportFilter.doFilter(AbstractExportFilter.java:49)
        at org.apache.catalina.core.ApplicationFilterChain.internalDoFilter(ApplicationFilterChain.java:215)
        at org.apache.catalina.core.ApplicationFilterChain.doFilter(ApplicationFilterChain.java:188)
        at edu.duke.cabig.c3pr.utils.web.OpenSessionInViewInterceptorFilter.doFilter(OpenSessionInViewInterceptorFilter.java:45)
        at org.apache.catalina.core.ApplicationFilterChain.internalDoFilter(ApplicationFilterChain.java:215)
        at org.apache.catalina.core.ApplicationFilterChain.doFilter(ApplicationFilterChain.java:188)
        at edu.duke.cabig.c3pr.utils.web.OpenSessionInViewInterceptorFilter.doFilter(OpenSessionInViewInterceptorFilter.java:45)
        at org.apache.catalina.core.ApplicationFilterChain.internalDoFilter(ApplicationFilterChain.java:215)
        at org.apache.catalina.core.ApplicationFilterChain.doFilter(ApplicationFilterChain.java:188)
        at edu.duke.cabig.c3pr.utils.web.AuditInfoFilter.doFilter(AuditInfoFilter.java:37)
        at org.apache.catalina.core.ApplicationFilterChain.internalDoFilter(ApplicationFilterChain.java:215)
        at org.apache.catalina.core.ApplicationFilterChain.doFilter(ApplicationFilterChain.java:188)
        at org.acegisecurity.util.FilterChainProxy$VirtualFilterChain.doFilter(FilterChainProxy.java:264)
        at org.acegisecurity.intercept.web.FilterSecurityInterceptor.invoke(FilterSecurityInterceptor.java:107)
        at org.acegisecurity.intercept.web.FilterSecurityInterceptor.doFilter(FilterSecurityInterceptor.java:72)
        at org.acegisecurity.util.FilterChainProxy$VirtualFilterChain.doFilter(FilterChainProxy.java:274)
        at org.acegisecurity.ui.ExceptionTranslationFilter.doFilter(ExceptionTranslationFilter.java:110)
        at org.acegisecurity.util.FilterChainProxy$VirtualFilterChain.doFilter(FilterChainProxy.java:274)
        at org.acegisecurity.wrapper.SecurityContextHolderAwareRequestFilter.doFilter(SecurityContextHolderAwareRequestFilter.java:81)
        at org.acegisecurity.util.FilterChainProxy$VirtualFilterChain.doFilter(FilterChainProxy.java:274)
        at org.acegisecurity.ui.AbstractProcessingFilter.doFilter(AbstractProcessingFilter.java:217)
        at org.acegisecurity.util.FilterChainProxy$VirtualFilterChain.doFilter(FilterChainProxy.java:274)
        at org.acegisecurity.ui.logout.LogoutFilter.doFilter(LogoutFilter.java:106)
        at org.acegisecurity.util.FilterChainProxy$VirtualFilterChain.doFilter(FilterChainProxy.java:274)
        at org.acegisecurity.context.HttpSessionContextIntegrationFilter.doFilter(HttpSessionContextIntegrationFilter.java:229)
        at org.acegisecurity.util.FilterChainProxy$VirtualFilterChain.doFilter(FilterChainProxy.java:274)
        at org.acegisecurity.securechannel.ChannelProcessingFilter.doFilter(ChannelProcessingFilter.java:138)
        at org.acegisecurity.util.FilterChainProxy$VirtualFilterChain.doFilter(FilterChainProxy.java:274)
        at org.acegisecurity.util.FilterChainProxy.doFilter(FilterChainProxy.java:148)
        at org.acegisecurity.util.FilterToBeanProxy.doFilter(FilterToBeanProxy.java:98)
        at org.apache.catalina.core.ApplicationFilterChain.internalDoFilter(ApplicationFilterChain.java:215)
        at org.apache.catalina.core.ApplicationFilterChain.doFilter(ApplicationFilterChain.java:188)
        at gov.nih.nci.cabig.ctms.web.filters.BeansInRequestFilter.doFilter(BeansInRequestFilter.java:39)
        at org.apache.catalina.core.ApplicationFilterChain.internalDoFilter(ApplicationFilterChain.java:215)
        at org.apache.catalina.core.ApplicationFilterChain.doFilter(ApplicationFilterChain.java:188)
        at net.sf.infrared.aspects.servlet.InfraREDServletFilter.doFilter(InfraREDServletFilter.java:68)
        at org.apache.catalina.core.ApplicationFilterChain.internalDoFilter(ApplicationFilterChain.java:215)
        at org.apache.catalina.core.ApplicationFilterChain.doFilter(ApplicationFilterChain.java:188)
        at org.apache.catalina.core.StandardWrapperValve.invoke(StandardWrapperValve.java:213)
        at org.apache.catalina.core.StandardContextValve.invoke(StandardContextValve.java:172)
        at org.apache.catalina.authenticator.AuthenticatorBase.invoke(AuthenticatorBase.java:525)
        at org.apache.catalina.core.StandardHostValve.invoke(StandardHostValve.java:127)
        at org.apache.catalina.valves.ErrorReportValve.invoke(ErrorReportValve.java:117)
        at org.apache.catalina.core.StandardEngineValve.invoke(StandardEngineValve.java:108)
        at org.globus.tomcat.coyote.valves.HTTPSValve55.invoke(HTTPSValve55.java:45)
        at org.apache.catalina.connector.CoyoteAdapter.service(CoyoteAdapter.java:174)
        at org.apache.coyote.http11.Http11Processor.process(Http11Processor.java:875)
        at org.apache.coyote.http11.Http11BaseProtocol$Http11ConnectionHandler.processConnection(Http11BaseProtocol.java:665)
        at org.apache.tomcat.util.net.PoolTcpEndpoint.processSocket(PoolTcpEndpoint.java:528)
        at org.apache.tomcat.util.net.LeaderFollowerWorkerThread.runIt(LeaderFollowerWorkerThread.java:81)
        at org.apache.tomcat.util.threads.ThreadPool$ControlRunnable.run(ThreadPool.java:689)
        at java.lang.Thread.run(Thread.java:595)
2010-01-11 08:43:31,420 ERROR [org.apache.catalina.core.ContainerBase.[Catalina].[localhost].[/c3pr].[c3pr]] - Servlet.service() for servlet c3pr threw exception
edu.duke.cabig.c3pr.exception.C3PRCodedRuntimeException: 241:Study has no pending amendment.<>
        at edu.duke.cabig.c3pr.exception.C3PRExceptionHelper.getRuntimeException(C3PRExceptionHelper.java:73)
        at edu.duke.cabig.c3pr.domain.Study.applyAmendment(Study.java:1295)
        at edu.duke.cabig.c3pr.domain.repository.impl.StudyRepositoryImpl.applyAmendment(StudyRepositoryImpl.java:744)
        at edu.duke.cabig.c3pr.domain.repository.impl.StudyRepositoryImpl$$FastClassByCGLIB$$feea7024.invoke(<generated>)
        at net.sf.cglib.proxy.MethodProxy.invoke(MethodProxy.java:149)
        at org.springframework.aop.framework.Cglib2AopProxy$CglibMethodInvocation.invokeJoinpoint(Cglib2AopProxy.java:694)
        at org.springframework.aop.framework.ReflectiveMethodInvocation.proceed(ReflectiveMethodInvocation.java:149)
        at org.springframework.transaction.interceptor.TransactionInterceptor.invoke(TransactionInterceptor.java:106)
        at org.springframework.aop.framework.ReflectiveMethodInvocation.proceed(ReflectiveMethodInvocation.java:171)
        at org.springframework.transaction.interceptor.TransactionInterceptor.invoke(TransactionInterceptor.java:106)
        at org.springframework.aop.framework.ReflectiveMethodInvocation.proceed(ReflectiveMethodInvocation.java:171)
        at org.springframework.aop.framework.Cglib2AopProxy$DynamicAdvisedInterceptor.intercept(Cglib2AopProxy.java:629)
        at edu.duke.cabig.c3pr.domain.repository.impl.StudyRepositoryImpl$$EnhancerByCGLIB$$b0ea3d4b.applyAmendment(<generated>)
        at edu.duke.cabig.c3pr.web.study.tabs.StudyOverviewTab.postProcessOnValidation(StudyOverviewTab.java:112)
        at edu.duke.cabig.c3pr.web.study.tabs.StudyTab.postProcess(StudyTab.java:236)
        at edu.duke.cabig.c3pr.web.study.tabs.StudyTab.postProcess(StudyTab.java:32)
        at gov.nih.nci.cabig.ctms.web.tabs.AbstractTabbedFlowFormController.postProcessPage(AbstractTabbedFlowFormController.java:128)
        at gov.nih.nci.cabig.ctms.web.tabs.AutomaticSaveFlowFormController.postProcessPage(AutomaticSaveFlowFormController.java:118)
        at edu.duke.cabig.c3pr.utils.web.spring.tabbedflow.AutomaticSaveAjaxableFormController.postProcessPage(AutomaticSaveAjaxableFormController.java:62)
        at edu.duke.cabig.c3pr.web.study.AmendStudyController.postProcessPage(AmendStudyController.java:158)
        at org.springframework.web.servlet.mvc.AbstractWizardFormController.processFormSubmission(AbstractWizardFormController.java:506)
        at org.springframework.web.servlet.mvc.AbstractFormController.handleRequestInternal(AbstractFormController.java:265)
        at edu.duke.cabig.c3pr.utils.web.spring.tabbedflow.AutomaticSaveAjaxableFormController.handleRequestInternal(AutomaticSaveAjaxableFormController.java:38)
        at org.springframework.web.servlet.mvc.AbstractController.handleRequest(AbstractController.java:153)
        at org.springframework.web.servlet.mvc.SimpleControllerHandlerAdapter.handle(SimpleControllerHandlerAdapter.java:48)
        at org.springframework.web.servlet.DispatcherServlet.doDispatch(DispatcherServlet.java:858)
        at org.springframework.web.servlet.DispatcherServlet.doService(DispatcherServlet.java:792)
        at org.springframework.web.servlet.FrameworkServlet.processRequest(FrameworkServlet.java:476)
        at org.springframework.web.servlet.FrameworkServlet.doPost(FrameworkServlet.java:441)
        at javax.servlet.http.HttpServlet.service(HttpServlet.java:647)
        at javax.servlet.http.HttpServlet.service(HttpServlet.java:729)
        at org.apache.catalina.core.ApplicationFilterChain.internalDoFilter(ApplicationFilterChain.java:269)
        at org.apache.catalina.core.ApplicationFilterChain.doFilter(ApplicationFilterChain.java:188)
        at edu.duke.cabig.c3pr.web.SkinFilter.doFilter(SkinFilter.java:87)
        at org.apache.catalina.core.ApplicationFilterChain.internalDoFilter(ApplicationFilterChain.java:215)
        at org.apache.catalina.core.ApplicationFilterChain.doFilter(ApplicationFilterChain.java:188)
        at com.opensymphony.module.sitemesh.filter.PageFilter.parsePage(PageFilter.java:118)
        at com.opensymphony.module.sitemesh.filter.PageFilter.doFilter(PageFilter.java:52)
        at org.extremecomponents.table.filter.SitemeshPageFilter.doFilter(SitemeshPageFilter.java:39)
        at org.apache.catalina.core.ApplicationFilterChain.internalDoFilter(ApplicationFilterChain.java:215)
        at org.apache.catalina.core.ApplicationFilterChain.doFilter(ApplicationFilterChain.java:188)
        at org.extremecomponents.table.filter.AbstractExportFilter.doFilter(AbstractExportFilter.java:49)
        at org.apache.catalina.core.ApplicationFilterChain.internalDoFilter(ApplicationFilterChain.java:215)
        at org.apache.catalina.core.ApplicationFilterChain.doFilter(ApplicationFilterChain.java:188)
        at edu.duke.cabig.c3pr.utils.web.OpenSessionInViewInterceptorFilter.doFilter(OpenSessionInViewInterceptorFilter.java:45)
        at org.apache.catalina.core.ApplicationFilterChain.internalDoFilter(ApplicationFilterChain.java:215)
        at org.apache.catalina.core.ApplicationFilterChain.doFilter(ApplicationFilterChain.java:188)
        at edu.duke.cabig.c3pr.utils.web.OpenSessionInViewInterceptorFilter.doFilter(OpenSessionInViewInterceptorFilter.java:45)
        at org.apache.catalina.core.ApplicationFilterChain.internalDoFilter(ApplicationFilterChain.java:215)
        at org.apache.catalina.core.ApplicationFilterChain.doFilter(ApplicationFilterChain.java:188)
        at edu.duke.cabig.c3pr.utils.web.AuditInfoFilter.doFilter(AuditInfoFilter.java:37)
        at org.apache.catalina.core.ApplicationFilterChain.internalDoFilter(ApplicationFilterChain.java:215)
        at org.apache.catalina.core.ApplicationFilterChain.doFilter(ApplicationFilterChain.java:188)
        at org.acegisecurity.util.FilterChainProxy$VirtualFilterChain.doFilter(FilterChainProxy.java:264)
        at org.acegisecurity.intercept.web.FilterSecurityInterceptor.invoke(FilterSecurityInterceptor.java:107)
        at org.acegisecurity.intercept.web.FilterSecurityInterceptor.doFilter(FilterSecurityInterceptor.java:72)
        at org.acegisecurity.util.FilterChainProxy$VirtualFilterChain.doFilter(FilterChainProxy.java:274)
        at org.acegisecurity.ui.ExceptionTranslationFilter.doFilter(ExceptionTranslationFilter.java:110)
        at org.acegisecurity.util.FilterChainProxy$VirtualFilterChain.doFilter(FilterChainProxy.java:274)
        at org.acegisecurity.wrapper.SecurityContextHolderAwareRequestFilter.doFilter(SecurityContextHolderAwareRequestFilter.java:81)
        at org.acegisecurity.util.FilterChainProxy$VirtualFilterChain.doFilter(FilterChainProxy.java:274)
        at org.acegisecurity.ui.AbstractProcessingFilter.doFilter(AbstractProcessingFilter.java:217)
        at org.acegisecurity.util.FilterChainProxy$VirtualFilterChain.doFilter(FilterChainProxy.java:274)
        at org.acegisecurity.ui.logout.LogoutFilter.doFilter(LogoutFilter.java:106)
        at org.acegisecurity.util.FilterChainProxy$VirtualFilterChain.doFilter(FilterChainProxy.java:274)
        at org.acegisecurity.context.HttpSessionContextIntegrationFilter.doFilter(HttpSessionContextIntegrationFilter.java:229)
        at org.acegisecurity.util.FilterChainProxy$VirtualFilterChain.doFilter(FilterChainProxy.java:274)
        at org.acegisecurity.securechannel.ChannelProcessingFilter.doFilter(ChannelProcessingFilter.java:138)
        at org.acegisecurity.util.FilterChainProxy$VirtualFilterChain.doFilter(FilterChainProxy.java:274)
        at org.acegisecurity.util.FilterChainProxy.doFilter(FilterChainProxy.java:148)
        at org.acegisecurity.util.FilterToBeanProxy.doFilter(FilterToBeanProxy.java:98)
        at org.apache.catalina.core.ApplicationFilterChain.internalDoFilter(ApplicationFilterChain.java:215)
        at org.apache.catalina.core.ApplicationFilterChain.doFilter(ApplicationFilterChain.java:188)
        at gov.nih.nci.cabig.ctms.web.filters.BeansInRequestFilter.doFilter(BeansInRequestFilter.java:39)
        at org.apache.catalina.core.ApplicationFilterChain.internalDoFilter(ApplicationFilterChain.java:215)
        at org.apache.catalina.core.ApplicationFilterChain.doFilter(ApplicationFilterChain.java:188)
        at net.sf.infrared.aspects.servlet.InfraREDServletFilter.doFilter(InfraREDServletFilter.java:68)
        at org.apache.catalina.core.ApplicationFilterChain.internalDoFilter(ApplicationFilterChain.java:215)
        at org.apache.catalina.core.ApplicationFilterChain.doFilter(ApplicationFilterChain.java:188)
        at org.apache.catalina.core.StandardWrapperValve.invoke(StandardWrapperValve.java:213)
        at org.apache.catalina.core.StandardContextValve.invoke(StandardContextValve.java:172)
        at org.apache.catalina.authenticator.AuthenticatorBase.invoke(AuthenticatorBase.java:525)
        at org.apache.catalina.core.StandardHostValve.invoke(StandardHostValve.java:127)
        at org.apache.catalina.valves.ErrorReportValve.invoke(ErrorReportValve.java:117)
        at org.apache.catalina.core.StandardEngineValve.invoke(StandardEngineValve.java:108)
        at org.globus.tomcat.coyote.valves.HTTPSValve55.invoke(HTTPSValve55.java:45)
        at org.apache.catalina.connector.CoyoteAdapter.service(CoyoteAdapter.java:174)
        at org.apache.coyote.http11.Http11Processor.process(Http11Processor.java:875)
        at org.apache.coyote.http11.Http11BaseProtocol$Http11ConnectionHandler.processConnection(Http11BaseProtocol.java:665)
        at org.apache.tomcat.util.net.PoolTcpEndpoint.processSocket(PoolTcpEndpoint.java:528)
        at org.apache.tomcat.util.net.LeaderFollowerWorkerThread.runIt(LeaderFollowerWorkerThread.java:81)
        at org.apache.tomcat.util.threads.ThreadPool$ControlRunnable.run(ThreadPool.java:689)
        at java.lang.Thread.run(Thread.java:595)
2010-01-11 08:43:31,428 DEBUG [gov.nih.nci.security.acegi.csm.web.CSMAccessControlTag] - Authorization succeeded, evaluating body
2010-01-11 08:43:31,429 DEBUG [gov.nih.nci.security.acegi.csm.web.CSMAccessControlTag] - No permission, so skipping tag body
2010-01-11 08:43:31,429 DEBUG [edu.duke.cabig.c3pr.web.security.RegexPrivilegeAndObjectIdGenerator] - ############### Returning edu.duke.cabig.c3pr.domain.Investigator:CREATE #################
2010-01-11 08:43:31,429 DEBUG [edu.duke.cabig.c3pr.web.security.RegexPrivilegeAndObjectIdGenerator] - ############### Returning edu.duke.cabig.c3pr.domain.Investigator:CREATE #################
2010-01-11 08:43:31,429 DEBUG [gov.nih.nci.security.acegi.csm.authorization.AbstractCSMAuthorizationCheck] - ###### AuthorizationSwitch[0x8124710] is ON #####
2010-01-11 08:43:31,429 DEBUG [edu.duke.cabig.c3pr.web.security.RegexPrivilegeAndObjectIdGenerator] - ############### Returning edu.duke.cabig.c3pr.domain.Investigator:CREATE #################
2010-01-11 08:43:31,429 DEBUG [edu.duke.cabig.c3pr.web.security.RegexPrivilegeAndObjectIdGenerator] - ############### Returning edu.duke.cabig.c3pr.domain.Investigator:CREATE #################
2010-01-11 08:43:31,442 DEBUG [gov.nih.nci.security.dao.AuthorizationDAOImpl] - Authorization|||getObjectByPrimaryKey|Success|Success in retrieving object of type gov.nih.nci.security.authorization.domainobjects.Group|
2010-01-11 08:43:31,446 DEBUG [gov.nih.nci.security.dao.AuthorizationDAOImpl] - Authorization|||getObjectByPrimaryKey|Success|Success in retrieving object of type gov.nih.nci.security.authorization.domainobjects.Group|
2010-01-11 08:43:31,456 DEBUG [gov.nih.nci.security.dao.AuthorizationDAOImpl] - Authorization|||getObjectByPrimaryKey|Success|Success in retrieving object of type gov.nih.nci.security.authorization.domainobjects.User|
2010-01-11 08:43:31,460 DEBUG [gov.nih.nci.security.dao.AuthorizationDAOImpl] - The result size:2
2010-01-11 08:43:31,461 DEBUG [gov.nih.nci.security.dao.AuthorizationDAOImpl] - Authorization|||getGroups|Success|Successful in obtaining Groups for User Id 9|
2010-01-11 08:43:31,461 DEBUG [gov.nih.nci.security.acegi.csm.authorization.CSMGroupAuthorizationCheck] - isMember? true
2010-01-11 08:43:31,461 DEBUG [gov.nih.nci.security.acegi.csm.web.CSMAccessControlTag] - Authorization succeeded, evaluating body
2010-01-11 08:43:31,461 DEBUG [gov.nih.nci.security.acegi.csm.authorization.AbstractCSMAuthorizationCheck] - ###### AuthorizationSwitch[0x8124710] is ON #####
2010-01-11 08:43:31,462 DEBUG [gov.nih.nci.security.acegi.csm.authorization.CSMGroupAuthorizationCheck] - gov.nih.nci.security.exceptions.CSException: Object Id can't be null!
2010-01-11 08:43:31,462 DEBUG [gov.nih.nci.security.acegi.csm.web.CSMAccessControlTag] - No permission, so skipping tag body
2010-01-11 08:43:31,462 DEBUG [gov.nih.nci.security.acegi.csm.authorization.AbstractCSMAuthorizationCheck] - ###### AuthorizationSwitch[0x8124710] is ON #####
2010-01-11 08:43:31,463 DEBUG [gov.nih.nci.security.acegi.csm.authorization.CSMGroupAuthorizationCheck] - gov.nih.nci.security.exceptions.CSException: Object Id can't be null!
2010-01-11 08:43:31,463 DEBUG [gov.nih.nci.security.acegi.csm.web.CSMAccessControlTag] - No permission, so skipping tag body
2010-01-11 08:43:31,463 DEBUG [gov.nih.nci.security.acegi.csm.authorization.AbstractCSMAuthorizationCheck] - ###### AuthorizationSwitch[0x8124710] is ON #####
2010-01-11 08:43:31,476 DEBUG [gov.nih.nci.security.dao.AuthorizationDAOImpl] - Authorization|||getObjectByPrimaryKey|Success|Success in retrieving object of type gov.nih.nci.security.authorization.domainobjects.Group|
2010-01-11 08:43:31,480 DEBUG [gov.nih.nci.security.dao.AuthorizationDAOImpl] - Authorization|||getObjectByPrimaryKey|Success|Success in retrieving object of type gov.nih.nci.security.authorization.domainobjects.Group|
2010-01-11 08:43:31,485 DEBUG [gov.nih.nci.security.dao.AuthorizationDAOImpl] - Authorization|||getObjectByPrimaryKey|Success|Success in retrieving object of type gov.nih.nci.security.authorization.domainobjects.Group|
2010-01-11 08:43:31,494 DEBUG [gov.nih.nci.security.dao.AuthorizationDAOImpl] - Authorization|||getObjectByPrimaryKey|Success|Success in retrieving object of type gov.nih.nci.security.authorization.domainobjects.User|
2010-01-11 08:43:31,498 DEBUG [gov.nih.nci.security.dao.AuthorizationDAOImpl] - The result size:2
2010-01-11 08:43:31,498 DEBUG [gov.nih.nci.security.dao.AuthorizationDAOImpl] - Authorization|||getGroups|Success|Successful in obtaining Groups for User Id 9|
2010-01-11 08:43:31,498 DEBUG [gov.nih.nci.security.acegi.csm.authorization.CSMGroupAuthorizationCheck] - isMember? true
2010-01-11 08:43:31,498 DEBUG [gov.nih.nci.security.acegi.csm.web.CSMAccessControlTag] - Authorization succeeded, evaluating body
2010-01-11 08:43:31,499 DEBUG [gov.nih.nci.security.acegi.csm.authorization.AbstractCSMAuthorizationCheck] - ###### AuthorizationSwitch[0x8124710] is ON #####
2010-01-11 08:43:31,512 DEBUG [gov.nih.nci.security.dao.AuthorizationDAOImpl] - Authorization|||getObjectByPrimaryKey|Success|Success in retrieving object of type gov.nih.nci.security.authorization.domainobjects.Group|
2010-01-11 08:43:31,516 DEBUG [gov.nih.nci.security.dao.AuthorizationDAOImpl] - Authorization|||getObjectByPrimaryKey|Success|Success in retrieving object of type gov.nih.nci.security.authorization.domainobjects.Group|
2010-01-11 08:43:31,521 DEBUG [gov.nih.nci.security.dao.AuthorizationDAOImpl] - Authorization|||getObjectByPrimaryKey|Success|Success in retrieving object of type gov.nih.nci.security.authorization.domainobjects.Group|
2010-01-11 08:43:31,525 DEBUG [gov.nih.nci.security.dao.AuthorizationDAOImpl] - Authorization|||getObjectByPrimaryKey|Success|Success in retrieving object of type gov.nih.nci.security.authorization.domainobjects.Group|
2010-01-11 08:43:31,530 DEBUG [gov.nih.nci.security.dao.AuthorizationDAOImpl] - Authorization|||getObjectByPrimaryKey|Success|Success in retrieving object of type gov.nih.nci.security.authorization.domainobjects.Group|
2010-01-11 08:43:31,540 DEBUG [gov.nih.nci.security.dao.AuthorizationDAOImpl] - Authorization|||getObjectByPrimaryKey|Success|Success in retrieving object of type gov.nih.nci.security.authorization.domainobjects.User|
2010-01-11 08:43:31,545 DEBUG [gov.nih.nci.security.dao.AuthorizationDAOImpl] - The result size:2
2010-01-11 08:43:31,545 DEBUG [gov.nih.nci.security.dao.AuthorizationDAOImpl] - Authorization|||getGroups|Success|Successful in obtaining Groups for User Id 9|
2010-01-11 08:43:31,545 DEBUG [gov.nih.nci.security.acegi.csm.authorization.CSMGroupAuthorizationCheck] - isMember? true
2010-01-11 08:43:31,545 DEBUG [gov.nih.nci.security.acegi.csm.web.CSMAccessControlTag] - Authorization succeeded, evaluating body
2010-01-11 08:43:31,545 DEBUG [gov.nih.nci.security.acegi.csm.authorization.AbstractCSMAuthorizationCheck] - ###### AuthorizationSwitch[0x8124710] is ON #####
2010-01-11 08:43:31,557 DEBUG [gov.nih.nci.security.dao.AuthorizationDAOImpl] - Authorization|||getObjectByPrimaryKey|Success|Success in retrieving object of type gov.nih.nci.security.authorization.domainobjects.Group|
2010-01-11 08:43:31,561 DEBUG [gov.nih.nci.security.dao.AuthorizationDAOImpl] - Authorization|||getObjectByPrimaryKey|Success|Success in retrieving object of type gov.nih.nci.security.authorization.domainobjects.Group|
2010-01-11 08:43:31,566 DEBUG [gov.nih.nci.security.dao.AuthorizationDAOImpl] - Authorization|||getObjectByPrimaryKey|Success|Success in retrieving object of type gov.nih.nci.security.authorization.domainobjects.Group|
2010-01-11 08:43:31,570 DEBUG [gov.nih.nci.security.dao.AuthorizationDAOImpl] - Authorization|||getObjectByPrimaryKey|Success|Success in retrieving object of type gov.nih.nci.security.authorization.domainobjects.Group|
2010-01-11 08:43:31,580 DEBUG [gov.nih.nci.security.dao.AuthorizationDAOImpl] - Authorization|||getObjectByPrimaryKey|Success|Success in retrieving object of type gov.nih.nci.security.authorization.domainobjects.User|
2010-01-11 08:43:31,585 DEBUG [gov.nih.nci.security.dao.AuthorizationDAOImpl] - The result size:2
2010-01-11 08:43:31,585 DEBUG [gov.nih.nci.security.dao.AuthorizationDAOImpl] - Authorization|||getGroups|Success|Successful in obtaining Groups for User Id 9|
2010-01-11 08:43:31,585 DEBUG [gov.nih.nci.security.acegi.csm.authorization.CSMGroupAuthorizationCheck] - isMember? true
2010-01-11 08:43:31,585 DEBUG [gov.nih.nci.security.acegi.csm.web.CSMAccessControlTag] - Authorization succeeded, evaluating body
2010-01-11 08:43:31,585 DEBUG [gov.nih.nci.security.acegi.csm.authorization.AbstractCSMAuthorizationCheck] - ###### AuthorizationSwitch[0x8124710] is ON #####
2010-01-11 08:43:31,598 DEBUG [gov.nih.nci.security.dao.AuthorizationDAOImpl] - Authorization|||getObjectByPrimaryKey|Success|Success in retrieving object of type gov.nih.nci.security.authorization.domainobjects.Group|
2010-01-11 08:43:31,601 DEBUG [gov.nih.nci.security.dao.AuthorizationDAOImpl] - Authorization|||getObjectByPrimaryKey|Success|Success in retrieving object of type gov.nih.nci.security.authorization.domainobjects.Group|
2010-01-11 08:43:31,610 DEBUG [gov.nih.nci.security.dao.AuthorizationDAOImpl] - Authorization|||getObjectByPrimaryKey|Success|Success in retrieving object of type gov.nih.nci.security.authorization.domainobjects.User|
2010-01-11 08:43:31,615 DEBUG [gov.nih.nci.security.dao.AuthorizationDAOImpl] - The result size:2
2010-01-11 08:43:31,615 DEBUG [gov.nih.nci.security.dao.AuthorizationDAOImpl] - Authorization|||getGroups|Success|Successful in obtaining Groups for User Id 9|
2010-01-11 08:43:31,615 DEBUG [gov.nih.nci.security.acegi.csm.authorization.CSMGroupAuthorizationCheck] - isMember? true
2010-01-11 08:43:31,615 DEBUG [gov.nih.nci.security.acegi.csm.web.CSMAccessControlTag] - Authorization succeeded, evaluating body
2010-01-11 08:43:31,615 DEBUG [gov.nih.nci.security.acegi.csm.authorization.AbstractCSMAuthorizationCheck] - ###### AuthorizationSwitch[0x8124710] is ON #####
2010-01-11 08:43:31,628 DEBUG [gov.nih.nci.security.dao.AuthorizationDAOImpl] - Authorization|||getObjectByPrimaryKey|Success|Success in retrieving object of type gov.nih.nci.security.authorization.domainobjects.Group|
2010-01-11 08:43:31,632 DEBUG [gov.nih.nci.security.dao.AuthorizationDAOImpl] - Authorization|||getObjectByPrimaryKey|Success|Success in retrieving object of type gov.nih.nci.security.authorization.domainobjects.Group|
2010-01-11 08:43:31,636 DEBUG [gov.nih.nci.security.dao.AuthorizationDAOImpl] - Authorization|||getObjectByPrimaryKey|Success|Success in retrieving object of type gov.nih.nci.security.authorization.domainobjects.Group|
2010-01-11 08:43:31,640 DEBUG [gov.nih.nci.security.dao.AuthorizationDAOImpl] - Authorization|||getObjectByPrimaryKey|Success|Success in retrieving object of type gov.nih.nci.security.authorization.domainobjects.Group|
2010-01-11 08:43:31,645 DEBUG [gov.nih.nci.security.dao.AuthorizationDAOImpl] - Authorization|||getObjectByPrimaryKey|Success|Success in retrieving object of type gov.nih.nci.security.authorization.domainobjects.Group|
2010-01-11 08:43:31,654 DEBUG [gov.nih.nci.security.dao.AuthorizationDAOImpl] - Authorization|||getObjectByPrimaryKey|Success|Success in retrieving object of type gov.nih.nci.security.authorization.domainobjects.User|
2010-01-11 08:43:31,658 DEBUG [gov.nih.nci.security.dao.AuthorizationDAOImpl] - The result size:2
2010-01-11 08:43:31,658 DEBUG [gov.nih.nci.security.dao.AuthorizationDAOImpl] - Authorization|||getGroups|Success|Successful in obtaining Groups for User Id 9|
2010-01-11 08:43:31,658 DEBUG [gov.nih.nci.security.acegi.csm.authorization.CSMGroupAuthorizationCheck] - isMember? true
2010-01-11 08:43:31,658 DEBUG [gov.nih.nci.security.acegi.csm.web.CSMAccessControlTag] - Authorization succeeded, evaluating body
2010-01-11 08:43:31,659 DEBUG [gov.nih.nci.security.acegi.csm.authorization.AbstractCSMAuthorizationCheck] - ###### AuthorizationSwitch[0x8124710] is ON #####
2010-01-11 08:43:31,671 DEBUG [gov.nih.nci.security.dao.AuthorizationDAOImpl] - Authorization|||getObjectByPrimaryKey|Success|Success in retrieving object of type gov.nih.nci.security.authorization.domainobjects.Group|
2010-01-11 08:43:31,675 DEBUG [gov.nih.nci.security.dao.AuthorizationDAOImpl] - Authorization|||getObjectByPrimaryKey|Success|Success in retrieving object of type gov.nih.nci.security.authorization.domainobjects.Group|
2010-01-11 08:43:31,680 DEBUG [gov.nih.nci.security.dao.AuthorizationDAOImpl] - Authorization|||getObjectByPrimaryKey|Success|Success in retrieving object of type gov.nih.nci.security.authorization.domainobjects.Group|
2010-01-11 08:43:31,684 DEBUG [gov.nih.nci.security.dao.AuthorizationDAOImpl] - Authorization|||getObjectByPrimaryKey|Success|Success in retrieving object of type gov.nih.nci.security.authorization.domainobjects.Group|
2010-01-11 08:43:31,689 DEBUG [gov.nih.nci.security.dao.AuthorizationDAOImpl] - Authorization|||getObjectByPrimaryKey|Success|Success in retrieving object of type gov.nih.nci.security.authorization.domainobjects.Group|
2010-01-11 08:43:31,698 DEBUG [gov.nih.nci.security.dao.AuthorizationDAOImpl] - Authorization|||getObjectByPrimaryKey|Success|Success in retrieving object of type gov.nih.nci.security.authorization.domainobjects.User|
2010-01-11 08:43:31,703 DEBUG [gov.nih.nci.security.dao.AuthorizationDAOImpl] - The result size:2
2010-01-11 08:43:31,703 DEBUG [gov.nih.nci.security.dao.AuthorizationDAOImpl] - Authorization|||getGroups|Success|Successful in obtaining Groups for User Id 9|
2010-01-11 08:43:31,703 DEBUG [gov.nih.nci.security.acegi.csm.authorization.CSMGroupAuthorizationCheck] - isMember? true
2010-01-11 08:43:31,703 DEBUG [gov.nih.nci.security.acegi.csm.web.CSMAccessControlTag] - Authorization succeeded, evaluating body
2010-01-11 08:43:31,703 DEBUG [gov.nih.nci.security.acegi.csm.authorization.AbstractCSMAuthorizationCheck] - ###### AuthorizationSwitch[0x8124710] is ON #####
2010-01-11 08:43:31,716 DEBUG [gov.nih.nci.security.dao.AuthorizationDAOImpl] - Authorization|||getObjectByPrimaryKey|Success|Success in retrieving object of type gov.nih.nci.security.authorization.domainobjects.Group|
2010-01-11 08:43:31,721 DEBUG [gov.nih.nci.security.dao.AuthorizationDAOImpl] - Authorization|||getObjectByPrimaryKey|Success|Success in retrieving object of type gov.nih.nci.security.authorization.domainobjects.Group|
2010-01-11 08:43:31,730 DEBUG [gov.nih.nci.security.dao.AuthorizationDAOImpl] - Authorization|||getObjectByPrimaryKey|Success|Success in retrieving object of type gov.nih.nci.security.authorization.domainobjects.User|
2010-01-11 08:43:31,735 DEBUG [gov.nih.nci.security.dao.AuthorizationDAOImpl] - The result size:2
2010-01-11 08:43:31,735 DEBUG [gov.nih.nci.security.dao.AuthorizationDAOImpl] - Authorization|||getGroups|Success|Successful in obtaining Groups for User Id 9|
2010-01-11 08:43:31,735 DEBUG [gov.nih.nci.security.acegi.csm.authorization.CSMGroupAuthorizationCheck] - isMember? true
2010-01-11 08:43:31,735 DEBUG [gov.nih.nci.security.acegi.csm.web.CSMAccessControlTag] - Authorization succeeded, evaluating body
2010-01-11 08:43:31,736 DEBUG [gov.nih.nci.security.acegi.csm.authorization.AbstractCSMAuthorizationCheck] - ###### AuthorizationSwitch[0x8124710] is ON #####
2010-01-11 08:43:31,749 DEBUG [gov.nih.nci.security.dao.AuthorizationDAOImpl] - Authorization|||getObjectByPrimaryKey|Success|Success in retrieving object of type gov.nih.nci.security.authorization.domainobjects.Group|
2010-01-11 08:43:31,754 DEBUG [gov.nih.nci.security.dao.AuthorizationDAOImpl] - Authorization|||getObjectByPrimaryKey|Success|Success in retrieving object of type gov.nih.nci.security.authorization.domainobjects.Group|
2010-01-11 08:43:31,976 DEBUG [gov.nih.nci.security.dao.AuthorizationDAOImpl] - Authorization|||getObjectByPrimaryKey|Success|Success in retrieving object of type gov.nih.nci.security.authorization.domainobjects.User|
2010-01-11 08:43:31,981 DEBUG [gov.nih.nci.security.dao.AuthorizationDAOImpl] - The result size:2
2010-01-11 08:43:31,981 DEBUG [gov.nih.nci.security.dao.AuthorizationDAOImpl] - Authorization|||getGroups|Success|Successful in obtaining Groups for User Id 9|
2010-01-11 08:43:31,981 DEBUG [gov.nih.nci.security.acegi.csm.authorization.CSMGroupAuthorizationCheck] - isMember? true
2010-01-11 08:43:31,981 DEBUG [gov.nih.nci.security.acegi.csm.web.CSMAccessControlTag] - Authorization succeeded, evaluating body
2010-01-11 08:43:31,981 DEBUG [gov.nih.nci.security.acegi.csm.web.CSMAccessControlTag] - Authorization succeeded, evaluating body
2010-01-11 08:43:32,242 DEBUG [edu.duke.cabig.c3pr.web.security.RegexPrivilegeAndObjectIdGenerator] - ############### Returning null #################
2010-01-11 08:43:32,242 DEBUG [edu.duke.cabig.c3pr.web.security.RegexPrivilegeAndObjectIdGenerator] - ############### Returning null #################
2010-01-11 08:43:32,242 DEBUG [gov.nih.nci.security.acegi.csm.authorization.AbstractCSMAuthorizationCheck] - ###### AuthorizationSwitch[0x8124710] is ON #####
2010-01-11 08:43:32,242 DEBUG [edu.duke.cabig.c3pr.web.security.RegexPrivilegeAndObjectIdGenerator] - ############### Returning null #################
2010-01-11 08:43:32,242 DEBUG [edu.duke.cabig.c3pr.web.security.RegexPrivilegeAndObjectIdGenerator] - ############### Returning null #################
2010-01-11 08:43:32,243 DEBUG [gov.nih.nci.security.acegi.csm.authorization.CSMGroupAuthorizationCheck] - gov.nih.nci.security.exceptions.CSException: Object Id can't be null!
2010-01-11 08:43:32,245 DEBUG [gov.nih.nci.security.acegi.csm.web.CSMAccessControlTag] - Authorization succeeded, evaluating body
2010-01-11 08:43:32,245 DEBUG [gov.nih.nci.security.acegi.csm.web.CSMAccessControlTag] - No permission, so skipping tag body
2010-01-11 08:43:32,245 DEBUG [edu.duke.cabig.c3pr.web.security.RegexPrivilegeAndObjectIdGenerator] - ############### Returning edu.duke.cabig.c3pr.domain.Investigator:CREATE #################
2010-01-11 08:43:32,245 DEBUG [edu.duke.cabig.c3pr.web.security.RegexPrivilegeAndObjectIdGenerator] - ############### Returning edu.duke.cabig.c3pr.domain.Investigator:CREATE #################
2010-01-11 08:43:32,246 DEBUG [gov.nih.nci.security.acegi.csm.authorization.AbstractCSMAuthorizationCheck] - ###### AuthorizationSwitch[0x8124710] is ON #####
2010-01-11 08:43:32,246 DEBUG [edu.duke.cabig.c3pr.web.security.RegexPrivilegeAndObjectIdGenerator] - ############### Returning edu.duke.cabig.c3pr.domain.Investigator:CREATE #################
2010-01-11 08:43:32,246 DEBUG [edu.duke.cabig.c3pr.web.security.RegexPrivilegeAndObjectIdGenerator] - ############### Returning edu.duke.cabig.c3pr.domain.Investigator:CREATE #################
2010-01-11 08:43:32,247 DEBUG [edu.duke.cabig.c3pr.web.security.RegexPrivilegeAndObjectIdGenerator] - ############### Returning null #################
2010-01-11 08:43:32,247 DEBUG [edu.duke.cabig.c3pr.web.security.RegexPrivilegeAndObjectIdGenerator] - ############### Returning null #################
2010-01-11 08:43:32,247 DEBUG [gov.nih.nci.security.acegi.csm.authorization.AbstractCSMAuthorizationCheck] - ###### AuthorizationSwitch[0x8124710] is ON #####
2010-01-11 08:43:32,247 DEBUG [edu.duke.cabig.c3pr.web.security.RegexPrivilegeAndObjectIdGenerator] - ############### Returning null #################
2010-01-11 08:43:32,247 DEBUG [edu.duke.cabig.c3pr.web.security.RegexPrivilegeAndObjectIdGenerator] - ############### Returning null #################
2010-01-11 08:43:32,249 DEBUG [gov.nih.nci.security.acegi.csm.authorization.CSMGroupAuthorizationCheck] - gov.nih.nci.security.exceptions.CSException: Object Id can't be null!
2010-01-11 08:43:32,250 DEBUG [gov.nih.nci.security.acegi.csm.web.CSMAccessControlTag] - Authorization succeeded, evaluating body
2010-01-11 08:43:32,250 DEBUG [gov.nih.nci.security.acegi.csm.web.CSMAccessControlTag] - No permission, so skipping tag body
2010-01-11 08:43:32,250 DEBUG [edu.duke.cabig.c3pr.web.security.RegexPrivilegeAndObjectIdGenerator] - ############### Returning edu.duke.cabig.c3pr.domain.Investigator:CREATE #################
2010-01-11 08:43:32,250 DEBUG [edu.duke.cabig.c3pr.web.security.RegexPrivilegeAndObjectIdGenerator] - ############### Returning edu.duke.cabig.c3pr.domain.Investigator:CREATE #################
2010-01-11 08:43:32,250 DEBUG [gov.nih.nci.security.acegi.csm.authorization.AbstractCSMAuthorizationCheck] - ###### AuthorizationSwitch[0x8124710] is ON #####
2010-01-11 08:43:32,250 DEBUG [edu.duke.cabig.c3pr.web.security.RegexPrivilegeAndObjectIdGenerator] - ############### Returning edu.duke.cabig.c3pr.domain.Investigator:CREATE #################
2010-01-11 08:43:32,250 DEBUG [edu.duke.cabig.c3pr.web.security.RegexPrivilegeAndObjectIdGenerator] - ############### Returning edu.duke.cabig.c3pr.domain.Investigator:CREATE #################
2010-01-11 08:43:32,253 DEBUG [edu.duke.cabig.c3pr.web.security.RegexPrivilegeAndObjectIdGenerator] - ############### Returning null #################
2010-01-11 08:43:32,253 DEBUG [edu.duke.cabig.c3pr.web.security.RegexPrivilegeAndObjectIdGenerator] - ############### Returning null #################
2010-01-11 08:43:32,253 DEBUG [gov.nih.nci.security.acegi.csm.authorization.AbstractCSMAuthorizationCheck] - ###### AuthorizationSwitch[0x8124710] is ON #####
2010-01-11 08:43:32,253 DEBUG [edu.duke.cabig.c3pr.web.security.RegexPrivilegeAndObjectIdGenerator] - ############### Returning null #################
2010-01-11 08:43:32,253 DEBUG [edu.duke.cabig.c3pr.web.security.RegexPrivilegeAndObjectIdGenerator] - ############### Returning null #################
2010-01-11 08:43:32,254 DEBUG [gov.nih.nci.security.acegi.csm.authorization.CSMGroupAuthorizationCheck] - gov.nih.nci.security.exceptions.CSException: Object Id can't be null!
2010-01-11 08:43:32,255 DEBUG [gov.nih.nci.security.acegi.csm.web.CSMAccessControlTag] - Authorization succeeded, evaluating body
2010-01-11 08:43:32,256 DEBUG [gov.nih.nci.security.acegi.csm.web.CSMAccessControlTag] - No permission, so skipping tag body
2010-01-11 08:43:32,256 DEBUG [edu.duke.cabig.c3pr.web.security.RegexPrivilegeAndObjectIdGenerator] - ############### Returning edu.duke.cabig.c3pr.domain.Investigator:CREATE #################
2010-01-11 08:43:32,256 DEBUG [edu.duke.cabig.c3pr.web.security.RegexPrivilegeAndObjectIdGenerator] - ############### Returning edu.duke.cabig.c3pr.domain.Investigator:CREATE #################
2010-01-11 08:43:32,256 DEBUG [gov.nih.nci.security.acegi.csm.authorization.AbstractCSMAuthorizationCheck] - ###### AuthorizationSwitch[0x8124710] is ON #####
2010-01-11 08:43:32,256 DEBUG [edu.duke.cabig.c3pr.web.security.RegexPrivilegeAndObjectIdGenerator] - ############### Returning edu.duke.cabig.c3pr.domain.Investigator:CREATE #################
2010-01-11 08:43:32,256 DEBUG [edu.duke.cabig.c3pr.web.security.RegexPrivilegeAndObjectIdGenerator] - ############### Returning edu.duke.cabig.c3pr.domain.Investigator:CREATE #################
2010-01-11 08:43:32,257 DEBUG [edu.duke.cabig.c3pr.web.security.RegexPrivilegeAndObjectIdGenerator] - ############### Returning null #################
2010-01-11 08:43:32,257 DEBUG [edu.duke.cabig.c3pr.web.security.RegexPrivilegeAndObjectIdGenerator] - ############### Returning null #################
2010-01-11 08:43:32,257 DEBUG [gov.nih.nci.security.acegi.csm.authorization.AbstractCSMAuthorizationCheck] - ###### AuthorizationSwitch[0x8124710] is ON #####
2010-01-11 08:43:32,257 DEBUG [edu.duke.cabig.c3pr.web.security.RegexPrivilegeAndObjectIdGenerator] - ############### Returning null #################
2010-01-11 08:43:32,257 DEBUG [edu.duke.cabig.c3pr.web.security.RegexPrivilegeAndObjectIdGenerator] - ############### Returning null #################
2010-01-11 08:43:32,259 DEBUG [gov.nih.nci.security.acegi.csm.authorization.CSMGroupAuthorizationCheck] - gov.nih.nci.security.exceptions.CSException: Object Id can't be null!
2010-01-11 08:43:32,260 DEBUG [edu.duke.cabig.c3pr.web.security.RegexPrivilegeAndObjectIdGenerator] - ############### Returning null #################
2010-01-11 08:43:32,260 DEBUG [edu.duke.cabig.c3pr.web.security.RegexPrivilegeAndObjectIdGenerator] - ############### Returning null #################
2010-01-11 08:43:32,260 DEBUG [gov.nih.nci.security.acegi.csm.authorization.AbstractCSMAuthorizationCheck] - ###### AuthorizationSwitch[0x8124710] is ON #####
2010-01-11 08:43:32,260 DEBUG [edu.duke.cabig.c3pr.web.security.RegexPrivilegeAndObjectIdGenerator] - ############### Returning null #################
2010-01-11 08:43:32,260 DEBUG [edu.duke.cabig.c3pr.web.security.RegexPrivilegeAndObjectIdGenerator] - ############### Returning null #################
2010-01-11 08:43:32,262 DEBUG [gov.nih.nci.security.dao.AuthorizationDAOImpl] - Authorization|||getObjectByPrimaryKey|Success|Success in retrieving object of type gov.nih.nci.security.authorization.domainobjects.Group|
2010-01-11 08:43:32,260 DEBUG [gov.nih.nci.security.acegi.csm.authorization.CSMGroupAuthorizationCheck] - gov.nih.nci.security.exceptions.CSException: Object Id can't be null!
2010-01-11 08:43:32,263 DEBUG [gov.nih.nci.security.acegi.csm.web.CSMAccessControlTag] - Authorization succeeded, evaluating body
2010-01-11 08:43:32,263 DEBUG [gov.nih.nci.security.acegi.csm.web.CSMAccessControlTag] - No permission, so skipping tag body
2010-01-11 08:43:32,263 DEBUG [edu.duke.cabig.c3pr.web.security.RegexPrivilegeAndObjectIdGenerator] - ############### Returning edu.duke.cabig.c3pr.domain.Investigator:CREATE #################
2010-01-11 08:43:32,263 DEBUG [edu.duke.cabig.c3pr.web.security.RegexPrivilegeAndObjectIdGenerator] - ############### Returning edu.duke.cabig.c3pr.domain.Investigator:CREATE #################
2010-01-11 08:43:32,263 DEBUG [gov.nih.nci.security.acegi.csm.authorization.AbstractCSMAuthorizationCheck] - ###### AuthorizationSwitch[0x8124710] is ON #####
2010-01-11 08:43:32,263 DEBUG [edu.duke.cabig.c3pr.web.security.RegexPrivilegeAndObjectIdGenerator] - ############### Returning edu.duke.cabig.c3pr.domain.Investigator:CREATE #################
2010-01-11 08:43:32,263 DEBUG [edu.duke.cabig.c3pr.web.security.RegexPrivilegeAndObjectIdGenerator] - ############### Returning edu.duke.cabig.c3pr.domain.Investigator:CREATE #################
2010-01-11 08:43:32,264 DEBUG [gov.nih.nci.security.dao.AuthorizationDAOImpl] - Authorization|||getObjectByPrimaryKey|Success|Success in retrieving object of type gov.nih.nci.security.authorization.domainobjects.Group|
2010-01-11 08:43:32,268 DEBUG [gov.nih.nci.security.dao.AuthorizationDAOImpl] - Authorization|||getObjectByPrimaryKey|Success|Success in retrieving object of type gov.nih.nci.security.authorization.domainobjects.Group|
2010-01-11 08:43:32,269 DEBUG [gov.nih.nci.security.dao.AuthorizationDAOImpl] - Authorization|||getObjectByPrimaryKey|Success|Success in retrieving object of type gov.nih.nci.security.authorization.domainobjects.Group|
2010-01-11 08:43:32,272 DEBUG [gov.nih.nci.security.dao.AuthorizationDAOImpl] - Authorization|||getObjectByPrimaryKey|Success|Success in retrieving object of type gov.nih.nci.security.authorization.domainobjects.Group|
2010-01-11 08:43:32,274 DEBUG [gov.nih.nci.security.acegi.csm.web.CSMAccessControlTag] - Authorization succeeded, evaluating body
2010-01-11 08:43:32,275 DEBUG [gov.nih.nci.security.acegi.csm.web.CSMAccessControlTag] - No permission, so skipping tag body
2010-01-11 08:43:32,275 DEBUG [edu.duke.cabig.c3pr.web.security.RegexPrivilegeAndObjectIdGenerator] - ############### Returning edu.duke.cabig.c3pr.domain.Investigator:CREATE #################
2010-01-11 08:43:32,275 DEBUG [edu.duke.cabig.c3pr.web.security.RegexPrivilegeAndObjectIdGenerator] - ############### Returning edu.duke.cabig.c3pr.domain.Investigator:CREATE #################
2010-01-11 08:43:32,275 DEBUG [gov.nih.nci.security.acegi.csm.authorization.AbstractCSMAuthorizationCheck] - ###### AuthorizationSwitch[0x8124710] is ON #####
2010-01-11 08:43:32,275 DEBUG [edu.duke.cabig.c3pr.web.security.RegexPrivilegeAndObjectIdGenerator] - ############### Returning edu.duke.cabig.c3pr.domain.Investigator:CREATE #################
2010-01-11 08:43:32,275 DEBUG [edu.duke.cabig.c3pr.web.security.RegexPrivilegeAndObjectIdGenerator] - ############### Returning edu.duke.cabig.c3pr.domain.Investigator:CREATE #################
2010-01-11 08:43:32,277 DEBUG [gov.nih.nci.security.dao.AuthorizationDAOImpl] - Authorization|||getObjectByPrimaryKey|Success|Success in retrieving object of type gov.nih.nci.security.authorization.domainobjects.Group|
2010-01-11 08:43:32,278 DEBUG [edu.duke.cabig.c3pr.web.security.RegexPrivilegeAndObjectIdGenerator] - ############### Returning null #################
2010-01-11 08:43:32,278 DEBUG [edu.duke.cabig.c3pr.web.security.RegexPrivilegeAndObjectIdGenerator] - ############### Returning null #################
2010-01-11 08:43:32,278 DEBUG [gov.nih.nci.security.acegi.csm.authorization.AbstractCSMAuthorizationCheck] - ###### AuthorizationSwitch[0x8124710] is ON #####
2010-01-11 08:43:32,279 DEBUG [edu.duke.cabig.c3pr.web.security.RegexPrivilegeAndObjectIdGenerator] - ############### Returning null #################
2010-01-11 08:43:32,279 DEBUG [edu.duke.cabig.c3pr.web.security.RegexPrivilegeAndObjectIdGenerator] - ############### Returning null #################
2010-01-11 08:43:32,280 DEBUG [gov.nih.nci.security.acegi.csm.authorization.CSMGroupAuthorizationCheck] - gov.nih.nci.security.exceptions.CSException: Object Id can't be null!
2010-01-11 08:43:32,282 DEBUG [gov.nih.nci.security.dao.AuthorizationDAOImpl] - Authorization|||getObjectByPrimaryKey|Success|Success in retrieving object of type gov.nih.nci.security.authorization.domainobjects.User|
2010-01-11 08:43:32,282 DEBUG [gov.nih.nci.security.dao.AuthorizationDAOImpl] - Authorization|||getObjectByPrimaryKey|Success|Success in retrieving object of type gov.nih.nci.security.authorization.domainobjects.Group|
2010-01-11 08:43:32,283 DEBUG [gov.nih.nci.security.acegi.csm.web.CSMAccessControlTag] - Authorization succeeded, evaluating body
2010-01-11 08:43:32,283 DEBUG [gov.nih.nci.security.acegi.csm.web.CSMAccessControlTag] - No permission, so skipping tag body
2010-01-11 08:43:32,283 DEBUG [edu.duke.cabig.c3pr.web.security.RegexPrivilegeAndObjectIdGenerator] - ############### Returning edu.duke.cabig.c3pr.domain.Investigator:CREATE #################
2010-01-11 08:43:32,283 DEBUG [edu.duke.cabig.c3pr.web.security.RegexPrivilegeAndObjectIdGenerator] - ############### Returning edu.duke.cabig.c3pr.domain.Investigator:CREATE #################
2010-01-11 08:43:32,283 DEBUG [gov.nih.nci.security.acegi.csm.authorization.AbstractCSMAuthorizationCheck] - ###### AuthorizationSwitch[0x8124710] is ON #####
2010-01-11 08:43:32,283 DEBUG [edu.duke.cabig.c3pr.web.security.RegexPrivilegeAndObjectIdGenerator] - ############### Returning edu.duke.cabig.c3pr.domain.Investigator:CREATE #################
2010-01-11 08:43:32,283 DEBUG [edu.duke.cabig.c3pr.web.security.RegexPrivilegeAndObjectIdGenerator] - ############### Returning edu.duke.cabig.c3pr.domain.Investigator:CREATE #################
2010-01-11 08:43:32,288 DEBUG [gov.nih.nci.security.dao.AuthorizationDAOImpl] - The result size:2
2010-01-11 08:43:32,288 DEBUG [gov.nih.nci.security.dao.AuthorizationDAOImpl] - Authorization|||getGroups|Success|Successful in obtaining Groups for User Id 9|
2010-01-11 08:43:32,288 DEBUG [gov.nih.nci.security.acegi.csm.authorization.CSMGroupAuthorizationCheck] - isMember? true
2010-01-11 08:43:32,288 DEBUG [gov.nih.nci.security.acegi.csm.web.CSMAccessControlTag] - Authorization succeeded, evaluating body
2010-01-11 08:43:32,288 DEBUG [gov.nih.nci.security.acegi.csm.web.CSMAccessControlTag] - Authorization succeeded, evaluating body
2010-01-11 08:43:32,290 DEBUG [gov.nih.nci.security.dao.AuthorizationDAOImpl] - Authorization|||getObjectByPrimaryKey|Success|Success in retrieving object of type gov.nih.nci.security.authorization.domainobjects.Group|
2010-01-11 08:43:32,292 DEBUG [edu.duke.cabig.c3pr.web.security.RegexPrivilegeAndObjectIdGenerator] - ############### Returning null #################
2010-01-11 08:43:32,292 DEBUG [edu.duke.cabig.c3pr.web.security.RegexPrivilegeAndObjectIdGenerator] - ############### Returning null #################
2010-01-11 08:43:32,292 DEBUG [gov.nih.nci.security.acegi.csm.authorization.AbstractCSMAuthorizationCheck] - ###### AuthorizationSwitch[0x8124710] is ON #####
2010-01-11 08:43:32,292 DEBUG [edu.duke.cabig.c3pr.web.security.RegexPrivilegeAndObjectIdGenerator] - ############### Returning null #################
2010-01-11 08:43:32,292 DEBUG [edu.duke.cabig.c3pr.web.security.RegexPrivilegeAndObjectIdGenerator] - ############### Returning null #################
2010-01-11 08:43:32,293 DEBUG [gov.nih.nci.security.acegi.csm.authorization.CSMGroupAuthorizationCheck] - gov.nih.nci.security.exceptions.CSException: Object Id can't be null!
2010-01-11 08:43:32,295 DEBUG [gov.nih.nci.security.acegi.csm.web.CSMAccessControlTag] - Authorization succeeded, evaluating body
2010-01-11 08:43:32,295 DEBUG [gov.nih.nci.security.acegi.csm.web.CSMAccessControlTag] - No permission, so skipping tag body
2010-01-11 08:43:32,295 DEBUG [edu.duke.cabig.c3pr.web.security.RegexPrivilegeAndObjectIdGenerator] - ############### Returning edu.duke.cabig.c3pr.domain.Investigator:CREATE #################
2010-01-11 08:43:32,295 DEBUG [edu.duke.cabig.c3pr.web.security.RegexPrivilegeAndObjectIdGenerator] - ############### Returning edu.duke.cabig.c3pr.domain.Investigator:CREATE #################
2010-01-11 08:43:32,295 DEBUG [gov.nih.nci.security.acegi.csm.authorization.AbstractCSMAuthorizationCheck] - ###### AuthorizationSwitch[0x8124710] is ON #####
2010-01-11 08:43:32,295 DEBUG [edu.duke.cabig.c3pr.web.security.RegexPrivilegeAndObjectIdGenerator] - ############### Returning edu.duke.cabig.c3pr.domain.Investigator:CREATE #################
2010-01-11 08:43:32,295 DEBUG [edu.duke.cabig.c3pr.web.security.RegexPrivilegeAndObjectIdGenerator] - ############### Returning edu.duke.cabig.c3pr.domain.Investigator:CREATE #################
2010-01-11 08:43:32,296 DEBUG [gov.nih.nci.security.dao.AuthorizationDAOImpl] - Authorization|||getObjectByPrimaryKey|Success|Success in retrieving object of type gov.nih.nci.security.authorization.domainobjects.User|
2010-01-11 08:43:32,297 DEBUG [gov.nih.nci.security.dao.AuthorizationDAOImpl] - Authorization|||getObjectByPrimaryKey|Success|Success in retrieving object of type gov.nih.nci.security.authorization.domainobjects.Group|
2010-01-11 08:43:32,307 DEBUG [gov.nih.nci.security.dao.AuthorizationDAOImpl] - The result size:2
2010-01-11 08:43:32,308 DEBUG [gov.nih.nci.security.dao.AuthorizationDAOImpl] - Authorization|||getGroups|Success|Successful in obtaining Groups for User Id 9|
2010-01-11 08:43:32,308 DEBUG [gov.nih.nci.security.acegi.csm.authorization.CSMGroupAuthorizationCheck] - isMember? true
2010-01-11 08:43:32,308 DEBUG [gov.nih.nci.security.acegi.csm.web.CSMAccessControlTag] - Authorization succeeded, evaluating body
2010-01-11 08:43:32,308 DEBUG [gov.nih.nci.security.acegi.csm.web.CSMAccessControlTag] - Authorization succeeded, evaluating body
2010-01-11 08:43:32,309 DEBUG [gov.nih.nci.security.dao.AuthorizationDAOImpl] - Authorization|||getObjectByPrimaryKey|Success|Success in retrieving object of type gov.nih.nci.security.authorization.domainobjects.Group|
2010-01-11 08:43:32,310 DEBUG [gov.nih.nci.security.dao.AuthorizationDAOImpl] - Authorization|||getObjectByPrimaryKey|Success|Success in retrieving object of type gov.nih.nci.security.authorization.domainobjects.Group|
2010-01-11 08:43:32,314 DEBUG [edu.duke.cabig.c3pr.web.security.RegexPrivilegeAndObjectIdGenerator] - ############### Returning null #################
2010-01-11 08:43:32,314 DEBUG [edu.duke.cabig.c3pr.web.security.RegexPrivilegeAndObjectIdGenerator] - ############### Returning null #################
2010-01-11 08:43:32,314 DEBUG [gov.nih.nci.security.acegi.csm.authorization.AbstractCSMAuthorizationCheck] - ###### AuthorizationSwitch[0x8124710] is ON #####
2010-01-11 08:43:32,314 DEBUG [edu.duke.cabig.c3pr.web.security.RegexPrivilegeAndObjectIdGenerator] - ############### Returning null #################
2010-01-11 08:43:32,314 DEBUG [edu.duke.cabig.c3pr.web.security.RegexPrivilegeAndObjectIdGenerator] - ############### Returning null #################
2010-01-11 08:43:32,315 DEBUG [gov.nih.nci.security.acegi.csm.authorization.CSMGroupAuthorizationCheck] - gov.nih.nci.security.exceptions.CSException: Object Id can't be null!
2010-01-11 08:43:32,316 DEBUG [gov.nih.nci.security.acegi.csm.web.CSMAccessControlTag] - Authorization succeeded, evaluating body
2010-01-11 08:43:32,316 DEBUG [gov.nih.nci.security.acegi.csm.web.CSMAccessControlTag] - No permission, so skipping tag body
2010-01-11 08:43:32,316 DEBUG [edu.duke.cabig.c3pr.web.security.RegexPrivilegeAndObjectIdGenerator] - ############### Returning edu.duke.cabig.c3pr.domain.Investigator:CREATE #################
2010-01-11 08:43:32,316 DEBUG [edu.duke.cabig.c3pr.web.security.RegexPrivilegeAndObjectIdGenerator] - ############### Returning edu.duke.cabig.c3pr.domain.Investigator:CREATE #################
2010-01-11 08:43:32,317 DEBUG [gov.nih.nci.security.acegi.csm.authorization.AbstractCSMAuthorizationCheck] - ###### AuthorizationSwitch[0x8124710] is ON #####
2010-01-11 08:43:32,317 DEBUG [edu.duke.cabig.c3pr.web.security.RegexPrivilegeAndObjectIdGenerator] - ############### Returning edu.duke.cabig.c3pr.domain.Investigator:CREATE #################
2010-01-11 08:43:32,317 DEBUG [edu.duke.cabig.c3pr.web.security.RegexPrivilegeAndObjectIdGenerator] - ############### Returning edu.duke.cabig.c3pr.domain.Investigator:CREATE #################
2010-01-11 08:43:32,318 DEBUG [gov.nih.nci.security.dao.AuthorizationDAOImpl] - Authorization|||getObjectByPrimaryKey|Success|Success in retrieving object of type gov.nih.nci.security.authorization.domainobjects.User|
2010-01-11 08:43:32,318 DEBUG [gov.nih.nci.security.dao.AuthorizationDAOImpl] - Authorization|||getObjectByPrimaryKey|Success|Success in retrieving object of type gov.nih.nci.security.authorization.domainobjects.Group|
2010-01-11 08:43:32,329 DEBUG [gov.nih.nci.security.dao.AuthorizationDAOImpl] - The result size:2
2010-01-11 08:43:32,329 DEBUG [gov.nih.nci.security.dao.AuthorizationDAOImpl] - Authorization|||getGroups|Success|Successful in obtaining Groups for User Id 9|
2010-01-11 08:43:32,329 DEBUG [gov.nih.nci.security.acegi.csm.authorization.CSMGroupAuthorizationCheck] - isMember? true
2010-01-11 08:43:32,329 DEBUG [gov.nih.nci.security.acegi.csm.web.CSMAccessControlTag] - Authorization succeeded, evaluating body
2010-01-11 08:43:32,330 DEBUG [gov.nih.nci.security.acegi.csm.web.CSMAccessControlTag] - Authorization succeeded, evaluating body
2010-01-11 08:43:32,332 DEBUG [gov.nih.nci.security.dao.AuthorizationDAOImpl] - Authorization|||getObjectByPrimaryKey|Success|Success in retrieving object of type gov.nih.nci.security.authorization.domainobjects.User|
2010-01-11 08:43:32,333 DEBUG [gov.nih.nci.security.dao.AuthorizationDAOImpl] - Authorization|||getObjectByPrimaryKey|Success|Success in retrieving object of type gov.nih.nci.security.authorization.domainobjects.Group|
2010-01-11 08:43:32,336 DEBUG [gov.nih.nci.security.dao.AuthorizationDAOImpl] - Authorization|||getObjectByPrimaryKey|Success|Success in retrieving object of type gov.nih.nci.security.authorization.domainobjects.User|
2010-01-11 08:43:32,337 DEBUG [gov.nih.nci.security.dao.AuthorizationDAOImpl] - The result size:2
2010-01-11 08:43:32,337 DEBUG [gov.nih.nci.security.dao.AuthorizationDAOImpl] - Authorization|||getGroups|Success|Successful in obtaining Groups for User Id 9|
2010-01-11 08:43:32,337 DEBUG [gov.nih.nci.security.acegi.csm.authorization.CSMGroupAuthorizationCheck] - isMember? true
2010-01-11 08:43:32,337 DEBUG [gov.nih.nci.security.acegi.csm.web.CSMAccessControlTag] - Authorization succeeded, evaluating body
2010-01-11 08:43:32,337 DEBUG [gov.nih.nci.security.acegi.csm.web.CSMAccessControlTag] - Authorization succeeded, evaluating body
2010-01-11 08:43:32,339 DEBUG [gov.nih.nci.security.dao.AuthorizationDAOImpl] - Authorization|||getObjectByPrimaryKey|Success|Success in retrieving object of type gov.nih.nci.security.authorization.domainobjects.Group|
2010-01-11 08:43:32,342 DEBUG [gov.nih.nci.security.dao.AuthorizationDAOImpl] - The result size:2
2010-01-11 08:43:32,342 DEBUG [gov.nih.nci.security.dao.AuthorizationDAOImpl] - Authorization|||getGroups|Success|Successful in obtaining Groups for User Id 9|
2010-01-11 08:43:32,342 DEBUG [gov.nih.nci.security.acegi.csm.authorization.CSMGroupAuthorizationCheck] - isMember? true
2010-01-11 08:43:32,342 DEBUG [gov.nih.nci.security.acegi.csm.web.CSMAccessControlTag] - Authorization succeeded, evaluating body
2010-01-11 08:43:32,342 DEBUG [gov.nih.nci.security.acegi.csm.web.CSMAccessControlTag] - Authorization succeeded, evaluating body
2010-01-11 08:43:32,349 DEBUG [gov.nih.nci.security.dao.AuthorizationDAOImpl] - Authorization|||getObjectByPrimaryKey|Success|Success in retrieving object of type gov.nih.nci.security.authorization.domainobjects.User|
2010-01-11 08:43:32,354 DEBUG [gov.nih.nci.security.dao.AuthorizationDAOImpl] - The result size:2
2010-01-11 08:43:32,354 DEBUG [gov.nih.nci.security.dao.AuthorizationDAOImpl] - Authorization|||getGroups|Success|Successful in obtaining Groups for User Id 9|
2010-01-11 08:43:32,354 DEBUG [gov.nih.nci.security.acegi.csm.authorization.CSMGroupAuthorizationCheck] - isMember? true
2010-01-11 08:43:32,354 DEBUG [gov.nih.nci.security.acegi.csm.web.CSMAccessControlTag] - Authorization succeeded, evaluating body
2010-01-11 08:43:32,354 DEBUG [gov.nih.nci.security.acegi.csm.web.CSMAccessControlTag] - Authorization succeeded, evaluating body
2010-01-11 08:43:32,493 DEBUG [gov.nih.nci.security.dao.AuthorizationDAOImpl] - Authorization|||getObjectByPrimaryKey|Success|Success in retrieving object of type gov.nih.nci.security.authorization.domainobjects.User|
2010-01-11 08:43:32,498 DEBUG [gov.nih.nci.security.dao.AuthorizationDAOImpl] - The result size:2
2010-01-11 08:43:32,498 DEBUG [gov.nih.nci.security.dao.AuthorizationDAOImpl] - Authorization|||getGroups|Success|Successful in obtaining Groups for User Id 9|
2010-01-11 08:43:32,498 DEBUG [gov.nih.nci.security.acegi.csm.authorization.CSMGroupAuthorizationCheck] - isMember? true
2010-01-11 08:43:32,498 DEBUG [gov.nih.nci.security.acegi.csm.web.CSMAccessControlTag] - Authorization succeeded, evaluating body
2010-01-11 08:43:32,499 DEBUG [gov.nih.nci.security.acegi.csm.web.CSMAccessControlTag] - Authorization succeeded, evaluating body
2010-01-11 08:43:32,520 DEBUG [gov.nih.nci.security.dao.AuthorizationDAOImpl] - Authorization|||getObjectByPrimaryKey|Success|Success in retrieving object of type gov.nih.nci.security.authorization.domainobjects.Group|
2010-01-11 08:43:32,524 DEBUG [gov.nih.nci.security.dao.AuthorizationDAOImpl] - Authorization|||getObjectByPrimaryKey|Success|Success in retrieving object of type gov.nih.nci.security.authorization.domainobjects.Group|
2010-01-11 08:43:32,534 DEBUG [gov.nih.nci.security.dao.AuthorizationDAOImpl] - Authorization|||getObjectByPrimaryKey|Success|Success in retrieving object of type gov.nih.nci.security.authorization.domainobjects.User|
2010-01-11 08:43:32,538 DEBUG [gov.nih.nci.security.dao.AuthorizationDAOImpl] - The result size:2
2010-01-11 08:43:32,538 DEBUG [gov.nih.nci.security.dao.AuthorizationDAOImpl] - Authorization|||getGroups|Success|Successful in obtaining Groups for User Id 9|
2010-01-11 08:43:32,538 DEBUG [gov.nih.nci.security.acegi.csm.authorization.CSMGroupAuthorizationCheck] - isMember? true
2010-01-11 08:43:32,538 DEBUG [gov.nih.nci.security.acegi.csm.web.CSMAccessControlTag] - Authorization succeeded, evaluating body
2010-01-11 08:43:32,538 DEBUG [gov.nih.nci.security.acegi.csm.web.CSMAccessControlTag] - Authorization succeeded, evaluating body

