Lab Viewer Registration message received
User /O=caBIG/OU=caGrid/OU=Stage LOA1/OU=Dorian/CN=ccts_qa
Found the Application
Authorization|labviewer||getApplicationByName|Success|Application Found for the Context Name labviewer|
Authorization|labviewer||AuthorizationDAOImpl|Success|Instantiated AuthorizationDAOImpl|
Found the Application
Authorization|labviewer||getApplicationByName|Success|Application Found for the Context Name labviewer|
Found the Application
Authorization|labviewer||getApplicationByName|Success|Application Found for the Context Name labviewer|
Authorization|labviewer||AuthorizationDAOImpl|Success|Instantiated AuthorizationDAOImpl|
Found the Application
Authorization|labviewer||getApplicationByName|Success|Application Found for the Context Name labviewer|
Authorization|||getUser|Success|Success in Getting User for Name ccts_qa|
Authorization|||getObjectByPrimaryKey|Success|Success in retrieving object of type gov.nih.nci.security.authorization.domainobjects.ProtectionElement|
Authorization|||getProtectionElementPrivilegeContextForUser|Success|Successful in Obtaining the PE Privileges Map|
Protection Element: labviewer
Check classpath. loaded db driver: org.postgresql.Driver
Check classpath. loaded db driver: org.postgresql.Driver
Connection to db obtained
Connection to db obtained
Lab Viewer Registration message validated
57b9799c-e3ea-4bff-b85c-0a8a5e2d9fd0
95077e57-e11e-43bb-8a33-7cf3e4878e9a 2 124584
95077e57-e11e-43bb-8a33-7cf3e4878e9a 2 124584
Lab Viewer Registration message stored
