HTTP Status 500 -

type Exception report

message

description The server encountered an internal error () that prevented it from fulfilling this request.

exception

org.springframework.web.util.NestedServletException: Request processing failed; nested exception is java.lang.NullPointerException
	org.springframework.web.servlet.FrameworkServlet.processRequest(FrameworkServlet.java:488)
	org.springframework.web.servlet.FrameworkServlet.doGet(FrameworkServlet.java:431)
	javax.servlet.http.HttpServlet.service(HttpServlet.java:627)
	javax.servlet.http.HttpServlet.service(HttpServlet.java:729)
	edu.duke.cabig.c3pr.web.SkinFilter.doFilter(SkinFilter.java:91)
	org.extremecomponents.table.filter.AbstractExportFilter.doFilter(AbstractExportFilter.java:49)
	edu.duke.cabig.c3pr.utils.web.OpenSessionInViewInterceptorFilter.doFilter(OpenSessionInViewInterceptorFilter.java:45)
	edu.duke.cabig.c3pr.utils.web.OpenSessionInViewInterceptorFilter.doFilter(OpenSessionInViewInterceptorFilter.java:45)
	edu.duke.cabig.c3pr.utils.web.AuditInfoFilter.doFilter(AuditInfoFilter.java:42)
	org.acegisecurity.util.FilterChainProxy$VirtualFilterChain.doFilter(FilterChainProxy.java:264)
	org.acegisecurity.intercept.web.FilterSecurityInterceptor.invoke(FilterSecurityInterceptor.java:107)
	org.acegisecurity.intercept.web.FilterSecurityInterceptor.doFilter(FilterSecurityInterceptor.java:72)
	org.acegisecurity.util.FilterChainProxy$VirtualFilterChain.doFilter(FilterChainProxy.java:274)
	org.acegisecurity.ui.ExceptionTranslationFilter.doFilter(ExceptionTranslationFilter.java:110)
	org.acegisecurity.util.FilterChainProxy$VirtualFilterChain.doFilter(FilterChainProxy.java:274)
	org.acegisecurity.wrapper.SecurityContextHolderAwareRequestFilter.doFilter(SecurityContextHolderAwareRequestFilter.java:81)
	org.acegisecurity.util.FilterChainProxy$VirtualFilterChain.doFilter(FilterChainProxy.java:274)
	org.acegisecurity.ui.AbstractProcessingFilter.doFilter(AbstractProcessingFilter.java:217)
	org.acegisecurity.util.FilterChainProxy$VirtualFilterChain.doFilter(FilterChainProxy.java:274)
	org.acegisecurity.ui.logout.LogoutFilter.doFilter(LogoutFilter.java:106)
	org.acegisecurity.util.FilterChainProxy$VirtualFilterChain.doFilter(FilterChainProxy.java:274)
	org.acegisecurity.context.HttpSessionContextIntegrationFilter.doFilter(HttpSessionContextIntegrationFilter.java:229)
	org.acegisecurity.util.FilterChainProxy$VirtualFilterChain.doFilter(FilterChainProxy.java:274)
	org.acegisecurity.securechannel.ChannelProcessingFilter.doFilter(ChannelProcessingFilter.java:138)
	org.acegisecurity.util.FilterChainProxy$VirtualFilterChain.doFilter(FilterChainProxy.java:274)
	org.acegisecurity.util.FilterChainProxy.doFilter(FilterChainProxy.java:148)
	org.acegisecurity.util.FilterToBeanProxy.doFilter(FilterToBeanProxy.java:98)
	gov.nih.nci.cabig.ctms.web.filters.BeansInRequestFilter.doFilter(BeansInRequestFilter.java:39)
	edu.duke.cabig.c3pr.utils.web.filter.PostAuthenticationSetupFilter.doFilter(PostAuthenticationSetupFilter.java:49)
	edu.duke.cabig.c3pr.utils.web.filter.PreAuthenticationSetupFilter.doFilter(PreAuthenticationSetupFilter.java:51)
	com.opensymphony.module.sitemesh.filter.PageFilter.parsePage(PageFilter.java:118)
	com.opensymphony.module.sitemesh.filter.PageFilter.doFilter(PageFilter.java:52)
	org.extremecomponents.table.filter.SitemeshPageFilter.doFilter(SitemeshPageFilter.java:39)
	edu.duke.cabig.c3pr.utils.web.filter.GzipFilter.doFilter(GzipFilter.java:64)
	net.sf.ehcache.constructs.web.filter.Filter.doFilter(Filter.java:89)
	net.sf.infrared.aspects.servlet.InfraREDServletFilter.doFilter(InfraREDServletFilter.java:68)

root cause

java.lang.NullPointerException
	edu.duke.cabig.c3pr.service.impl.PersonnelServiceImpl.getRecentNotifications(PersonnelServiceImpl.java:151)
	edu.duke.cabig.c3pr.service.impl.PersonnelServiceImpl$$FastClassByCGLIB$$4656cf65.invoke(<generated>)
	net.sf.cglib.proxy.MethodProxy.invoke(MethodProxy.java:149)
	org.springframework.aop.framework.Cglib2AopProxy$CglibMethodInvocation.invokeJoinpoint(Cglib2AopProxy.java:694)
	org.springframework.aop.framework.ReflectiveMethodInvocation.proceed(ReflectiveMethodInvocation.java:149)
	org.springframework.aop.interceptor.ExposeInvocationInterceptor.invoke(ExposeInvocationInterceptor.java:89)
	org.springframework.aop.framework.ReflectiveMethodInvocation.proceed(ReflectiveMethodInvocation.java:171)
	org.springframework.aop.framework.Cglib2AopProxy$DynamicAdvisedInterceptor.intercept(Cglib2AopProxy.java:629)
	edu.duke.cabig.c3pr.service.impl.PersonnelServiceImpl$$EnhancerByCGLIB$$689fd9e9.getRecentNotifications(<generated>)
	edu.duke.cabig.c3pr.web.DashboardController.getNotifications(DashboardController.java:136)
	edu.duke.cabig.c3pr.web.DashboardController.handleRequestInternal(DashboardController.java:118)
	org.springframework.web.servlet.mvc.AbstractController.handleRequest(AbstractController.java:153)
	org.springframework.web.servlet.mvc.SimpleControllerHandlerAdapter.handle(SimpleControllerHandlerAdapter.java:48)
	org.springframework.web.servlet.DispatcherServlet.doDispatch(DispatcherServlet.java:858)
	org.springframework.web.servlet.DispatcherServlet.doService(DispatcherServlet.java:792)
	org.springframework.web.servlet.FrameworkServlet.processRequest(FrameworkServlet.java:476)
	org.springframework.web.servlet.FrameworkServlet.doGet(FrameworkServlet.java:431)
	javax.servlet.http.HttpServlet.service(HttpServlet.java:627)
	javax.servlet.http.HttpServlet.service(HttpServlet.java:729)
	edu.duke.cabig.c3pr.web.SkinFilter.doFilter(SkinFilter.java:91)
	org.extremecomponents.table.filter.AbstractExportFilter.doFilter(AbstractExportFilter.java:49)
	edu.duke.cabig.c3pr.utils.web.OpenSessionInViewInterceptorFilter.doFilter(OpenSessionInViewInterceptorFilter.java:45)
	edu.duke.cabig.c3pr.utils.web.OpenSessionInViewInterceptorFilter.doFilter(OpenSessionInViewInterceptorFilter.java:45)
	edu.duke.cabig.c3pr.utils.web.AuditInfoFilter.doFilter(AuditInfoFilter.java:42)
	org.acegisecurity.util.FilterChainProxy$VirtualFilterChain.doFilter(FilterChainProxy.java:264)
	org.acegisecurity.intercept.web.FilterSecurityInterceptor.invoke(FilterSecurityInterceptor.java:107)
	org.acegisecurity.intercept.web.FilterSecurityInterceptor.doFilter(FilterSecurityInterceptor.java:72)
	org.acegisecurity.util.FilterChainProxy$VirtualFilterChain.doFilter(FilterChainProxy.java:274)
	org.acegisecurity.ui.ExceptionTranslationFilter.doFilter(ExceptionTranslationFilter.java:110)
	org.acegisecurity.util.FilterChainProxy$VirtualFilterChain.doFilter(FilterChainProxy.java:274)
	org.acegisecurity.wrapper.SecurityContextHolderAwareRequestFilter.doFilter(SecurityContextHolderAwareRequestFilter.java:81)
	org.acegisecurity.util.FilterChainProxy$VirtualFilterChain.doFilter(FilterChainProxy.java:274)
	org.acegisecurity.ui.AbstractProcessingFilter.doFilter(AbstractProcessingFilter.java:217)
	org.acegisecurity.util.FilterChainProxy$VirtualFilterChain.doFilter(FilterChainProxy.java:274)
	org.acegisecurity.ui.logout.LogoutFilter.doFilter(LogoutFilter.java:106)
	org.acegisecurity.util.FilterChainProxy$VirtualFilterChain.doFilter(FilterChainProxy.java:274)
	org.acegisecurity.context.HttpSessionContextIntegrationFilter.doFilter(HttpSessionContextIntegrationFilter.java:229)
	org.acegisecurity.util.FilterChainProxy$VirtualFilterChain.doFilter(FilterChainProxy.java:274)
	org.acegisecurity.securechannel.ChannelProcessingFilter.doFilter(ChannelProcessingFilter.java:138)
	org.acegisecurity.util.FilterChainProxy$VirtualFilterChain.doFilter(FilterChainProxy.java:274)
	org.acegisecurity.util.FilterChainProxy.doFilter(FilterChainProxy.java:148)
	org.acegisecurity.util.FilterToBeanProxy.doFilter(FilterToBeanProxy.java:98)
	gov.nih.nci.cabig.ctms.web.filters.BeansInRequestFilter.doFilter(BeansInRequestFilter.java:39)
	edu.duke.cabig.c3pr.utils.web.filter.PostAuthenticationSetupFilter.doFilter(PostAuthenticationSetupFilter.java:49)
	edu.duke.cabig.c3pr.utils.web.filter.PreAuthenticationSetupFilter.doFilter(PreAuthenticationSetupFilter.java:51)
	com.opensymphony.module.sitemesh.filter.PageFilter.parsePage(PageFilter.java:118)
	com.opensymphony.module.sitemesh.filter.PageFilter.doFilter(PageFilter.java:52)
	org.extremecomponents.table.filter.SitemeshPageFilter.doFilter(SitemeshPageFilter.java:39)
	edu.duke.cabig.c3pr.utils.web.filter.GzipFilter.doFilter(GzipFilter.java:64)
	net.sf.ehcache.constructs.web.filter.Filter.doFilter(Filter.java:89)
	net.sf.infrared.aspects.servlet.InfraREDServletFilter.doFilter(InfraREDServletFilter.java:68)

note The full stack trace of the root cause is available in the Apache Tomcat/5.5.27 logs.
Apache Tomcat/5.5.27