ERROR - RegistrationInvocationStrategy - Failed to invoke registration service.
AxisFault
 faultCode: {http://schemas.xmlsoap.org/soap/envelope/}Server.generalException
 faultSubcode:
 faultString: User /O=caBIG/OU=caGrid/OU=Stage LOA1/OU=Dorian/CN=tstusr02@nih.gv not authorized for this operation
 faultActor:
 faultNode:
 faultDetail:
        {http://grid.ccts.nci.nih.gov/RegistrationConsumer/types}RegistrationConsumptionException:<ns2:Timestamp xmlns:ns2="http://docs.oasis-open.org/wsrf/2004/06/wsrf-WS-BaseFaults-1.2-draft-01.xsd">2010-01-06T19:27:15.983Z</ns2:Timestamp><ns3:Originator xmlns:ns3="http://docs.oasis-open.org/wsrf/2004/06/wsrf-WS-BaseFaults-1.2-draft-01.xsd"><ns4:Address xmlns:ns4="http://schemas.xmlsoap.org/ws/2004/03/addressing">https://ncias-q291-v.nci.nih.gov:28443/ctom-wsrf/services/cagrid/RegistrationConsumer</ns4:Address><ns5:ReferenceProperties xmlns:ns5="http://schemas.xmlsoap.org/ws/2004/03/addressing"/><ns6:ReferenceParameters xmlns:ns6="http://schemas.xmlsoap.org/ws/2004/03/addressing"/></ns3:Originator>
        {http://xml.apache.org/axis/}exceptionName:gov.nih.nci.ccts.grid.stubs.types.RegistrationConsumptionException
        {http://xml.apache.org/axis/}stackTrace:
        at gov.nih.nci.cabig.labviewer.grid.LabViewerRegistrationConsumer.register(LabViewerRegistrationConsumer.java:171)
        at gov.nih.nci.ccts.grid.service.RegistrationConsumerImpl.register(RegistrationConsumerImpl.java:59)
        at gov.nih.nci.ccts.grid.service.globus.RegistrationConsumerProviderImpl.register(RegistrationConsumerProviderImpl.java:43)
        at sun.reflect.NativeMethodAccessorImpl.invoke0(Native Method)
        at sun.reflect.NativeMethodAccessorImpl.invoke(NativeMethodAccessorImpl.java:39)
        at sun.reflect.DelegatingMethodAccessorImpl.invoke(DelegatingMethodAccessorImpl.java:25)
        at java.lang.reflect.Method.invoke(Method.java:585)
        at org.apache.axis.providers.java.RPCProvider.invokeMethod(RPCProvider.java:384)
        at org.globus.axis.providers.RPCProvider.invokeMethodSub(RPCProvider.java:107)
        at org.globus.axis.providers.PrivilegedInvokeMethodAction.run(PrivilegedInvokeMethodAction.java:42)
        at java.security.AccessController.doPrivileged(Native Method)
        at javax.security.auth.Subject.doAs(Subject.java:396)
        at org.globus.gsi.jaas.GlobusSubject.runAs(GlobusSubject.java:55)
        at org.globus.gsi.jaas.JaasSubject.doAs(JaasSubject.java:90)
        at org.globus.axis.providers.RPCProvider.invokeMethod(RPCProvider.java:97)
        at org.apache.axis.providers.java.RPCProvider.processMessage(RPCProvider.java:281)
        at org.apache.axis.providers.java.JavaProvider.invoke(JavaProvider.java:319)
        at org.apache.axis.strategies.InvocationStrategy.visit(InvocationStrategy.java:32)
        at org.apache.axis.SimpleChain.doVisiting(SimpleChain.java:118)
        at org.apache.axis.SimpleChain.invoke(SimpleChain.java:83)
        at org.apache.axis.handlers.soap.SOAPService.invoke(SOAPService.java:450)
        at org.apache.axis.server.AxisServer.invoke(AxisServer.java:285)
        at org.apache.axis.transport.http.AxisServlet.doPost(AxisServlet.java:697)
        at javax.servlet.http.HttpServlet.service(HttpServlet.java:647)
        at org.apache.axis.transport.http.AxisServletBase.service(AxisServletBase.java:327)
        at javax.servlet.http.HttpServlet.service(HttpServlet.java:729)
        at org.apache.catalina.core.ApplicationFilterChain.internalDoFilter(ApplicationFilterChain.java:269)
        at org.apache.catalina.core.ApplicationFilterChain.doFilter(ApplicationFilterChain.java:188)
        at org.apache.catalina.core.StandardWrapperValve.invoke(StandardWrapperValve.java:213)
        at org.apache.catalina.core.StandardContextValve.invoke(StandardContextValve.java:172)
        at org.apache.catalina.core.StandardHostValve.invoke(StandardHostValve.java:127)
        at org.apache.catalina.valves.ErrorReportValve.invoke(ErrorReportValve.java:117)
        at org.apache.catalina.core.StandardEngineValve.invoke(StandardEngineValve.java:108)
        at org.globus.tomcat.coyote.valves.HTTPSValve55.invoke(HTTPSValve55.java:45)
        at org.apache.catalina.connector.CoyoteAdapter.service(CoyoteAdapter.java:174)
        at org.apache.coyote.http11.Http11Processor.process(Http11Processor.java:875)
        at org.apache.coyote.http11.Http11BaseProtocol$Http11ConnectionHandler.processConnection(Http11BaseProtocol.java:665)
        at org.apache.tomcat.util.net.PoolTcpEndpoint.processSocket(PoolTcpEndpoint.java:528)
        at org.apache.tomcat.util.net.LeaderFollowerWorkerThread.runIt(LeaderFollowerWorkerThread.java:81)
        at org.apache.tomcat.util.threads.ThreadPool$ControlRunnable.run(ThreadPool.java:689)
        at java.lang.Thread.run(Thread.java:595)

        {http://xml.apache.org/axis/}hostname:ncias-q291-v.nci.nih.gov

User /O=caBIG/OU=caGrid/OU=Stage LOA1/OU=Dorian/CN=tstusr02@nih.gv not authorized for this operation
        at sun.reflect.NativeConstructorAccessorImpl.newInstance0(Native Method)
        at sun.reflect.NativeConstructorAccessorImpl.newInstance(NativeConstructorAccessorImpl.java:39)
        at sun.reflect.DelegatingConstructorAccessorImpl.newInstance(DelegatingConstructorAccessorImpl.java:27)
        at java.lang.reflect.Constructor.newInstance(Constructor.java:494)
        at java.lang.Class.newInstance0(Class.java:350)
        at java.lang.Class.newInstance(Class.java:303)
        at org.apache.axis.encoding.ser.BeanDeserializer.<init>(BeanDeserializer.java:90)
        at org.apache.axis.encoding.ser.BeanDeserializer.<init>(BeanDeserializer.java:76)
        at gov.nih.nci.ccts.grid.stubs.types.RegistrationConsumptionException.getDeserializer(RegistrationConsumptionException.java:90)
        at sun.reflect.NativeMethodAccessorImpl.invoke0(Native Method)
        at sun.reflect.NativeMethodAccessorImpl.invoke(NativeMethodAccessorImpl.java:39)
        at sun.reflect.DelegatingMethodAccessorImpl.invoke(DelegatingMethodAccessorImpl.java:25)
        at java.lang.reflect.Method.invoke(Method.java:585)
        at org.apache.axis.encoding.ser.BaseDeserializerFactory.getSpecialized(BaseDeserializerFactory.java:154)
        at org.apache.axis.encoding.ser.BaseDeserializerFactory.getDeserializerAs(BaseDeserializerFactory.java:84)
        at org.apache.axis.encoding.DeserializationContext.getDeserializer(DeserializationContext.java:464)
        at org.apache.axis.encoding.DeserializationContext.getDeserializerForType(DeserializationContext.java:547)
        at org.apache.axis.message.SOAPFaultDetailsBuilder.onStartChild(SOAPFaultDetailsBuilder.java:157)
        at org.apache.axis.encoding.DeserializationContext.startElement(DeserializationContext.java:1035)
        at org.apache.xerces.parsers.AbstractSAXParser.startElement(Unknown Source)
        at org.apache.xerces.impl.XMLNSDocumentScannerImpl.scanStartElement(Unknown Source)
        at org.apache.xerces.impl.XMLDocumentFragmentScannerImpl$FragmentContentDispatcher.dispatch(Unknown Source)
        at org.apache.xerces.impl.XMLDocumentFragmentScannerImpl.scanDocument(Unknown Source)
        at org.apache.xerces.parsers.XML11Configuration.parse(Unknown Source)
        at org.apache.xerces.parsers.XML11Configuration.parse(Unknown Source)
        at org.apache.xerces.parsers.XMLParser.parse(Unknown Source)
        at org.apache.xerces.parsers.AbstractSAXParser.parse(Unknown Source)
        at org.apache.xerces.jaxp.SAXParserImpl$JAXPSAXParser.parse(Unknown Source)
        at org.apache.xerces.jaxp.SAXParserImpl.parse(Unknown Source)
        at org.apache.axis.encoding.DeserializationContext.parse(DeserializationContext.java:227)
        at org.apache.axis.SOAPPart.getAsSOAPEnvelope(SOAPPart.java:645)
        at org.apache.axis.Message.getSOAPEnvelope(Message.java:424)
        at org.apache.axis.message.addressing.handler.AddressingHandler.processClientResponse(AddressingHandler.java:305)
        at org.apache.axis.message.addressing.handler.AddressingHandler.invoke(AddressingHandler.java:110)
        at org.apache.axis.strategies.InvocationStrategy.visit(InvocationStrategy.java:32)
        at org.apache.axis.SimpleChain.doVisiting(SimpleChain.java:118)
        at org.apache.axis.SimpleChain.invoke(SimpleChain.java:83)
        at org.apache.axis.client.AxisClient.invoke(AxisClient.java:190)
        at org.apache.axis.client.Call.invokeEngine(Call.java:2727)
        at org.apache.axis.client.Call.invoke(Call.java:2710)
        at org.apache.axis.client.Call.invoke(Call.java:2386)
        at org.apache.axis.client.Call.invoke(Call.java:2309)
        at org.apache.axis.client.Call.invoke(Call.java:1766)
        at gov.nih.nci.ccts.grid.stubs.bindings.RegistrationConsumerPortTypeSOAPBindingStub.register(RegistrationConsumerPortTypeSOAPBindingStub.java:1274)
        at gov.nih.nci.ccts.grid.client.RegistrationConsumerClient.register(RegistrationConsumerClient.java:128)
        at gov.nih.nci.caXchange.outbound.operations.RegistrationInvocationStrategy.invokeGridService(RegistrationInvocationStrategy.java:90)
        at gov.nih.nci.caXchange.outbound.GridSU.executeStrategy(GridSU.java:221)
        at gov.nih.nci.caXchange.outbound.GridSU.onMessageExchange(GridSU.java:119)
        at org.apache.servicemix.bean.BeanEndpoint.onProviderExchange(BeanEndpoint.java:230)
        at org.apache.servicemix.bean.BeanEndpoint.process(BeanEndpoint.java:217)
        at org.apache.servicemix.common.AsyncBaseLifeCycle.doProcess(AsyncBaseLifeCycle.java:627)
        at org.apache.servicemix.common.AsyncBaseLifeCycle.processExchange(AsyncBaseLifeCycle.java:581)
        at org.apache.servicemix.common.AsyncBaseLifeCycle.onMessageExchange(AsyncBaseLifeCycle.java:535)
        at org.apache.servicemix.common.SyncLifeCycleWrapper.onMessageExchange(SyncLifeCycleWrapper.java:60)
        at org.apache.servicemix.jbi.messaging.DeliveryChannelImpl.processInBound(DeliveryChannelImpl.java:623)
        at org.apache.servicemix.jbi.nmr.flow.AbstractFlow.doRouting(AbstractFlow.java:172)
        at org.apache.servicemix.jbi.nmr.flow.seda.SedaFlow.doRouting(SedaFlow.java:168)
        at org.apache.servicemix.jbi.nmr.flow.seda.SedaQueue$1.run(SedaQueue.java:134)
        at java.util.concurrent.ThreadPoolExecutor$Worker.runTask(ThreadPoolExecutor.java:650)
        at java.util.concurrent.ThreadPoolExecutor$Worker.run(ThreadPoolExecutor.java:675)
        at java.lang.Thread.run(Thread.java:595)
ERROR - GridSU                         - Failed to invoke grid service.
gov.nih.nci.caXchange.outbound.GridInvocationException: User /O=caBIG/OU=caGrid/OU=Stage LOA1/OU=Dorian/CN=tstusr02@nih.gv not authorized for this operation
        at gov.nih.nci.caXchange.outbound.operations.RegistrationInvocationStrategy.invokeGridService(RegistrationInvocationStrategy.java:117)
        at gov.nih.nci.caXchange.outbound.GridSU.executeStrategy(GridSU.java:221)
        at gov.nih.nci.caXchange.outbound.GridSU.onMessageExchange(GridSU.java:119)
        at org.apache.servicemix.bean.BeanEndpoint.onProviderExchange(BeanEndpoint.java:230)
        at org.apache.servicemix.bean.BeanEndpoint.process(BeanEndpoint.java:217)
        at org.apache.servicemix.common.AsyncBaseLifeCycle.doProcess(AsyncBaseLifeCycle.java:627)
        at org.apache.servicemix.common.AsyncBaseLifeCycle.processExchange(AsyncBaseLifeCycle.java:581)
        at org.apache.servicemix.common.AsyncBaseLifeCycle.onMessageExchange(AsyncBaseLifeCycle.java:535)
        at org.apache.servicemix.common.SyncLifeCycleWrapper.onMessageExchange(SyncLifeCycleWrapper.java:60)
        at org.apache.servicemix.jbi.messaging.DeliveryChannelImpl.processInBound(DeliveryChannelImpl.java:623)
        at org.apache.servicemix.jbi.nmr.flow.AbstractFlow.doRouting(AbstractFlow.java:172)
        at org.apache.servicemix.jbi.nmr.flow.seda.SedaFlow.doRouting(SedaFlow.java:168)
        at org.apache.servicemix.jbi.nmr.flow.seda.SedaQueue$1.run(SedaQueue.java:134)
        at java.util.concurrent.ThreadPoolExecutor$Worker.runTask(ThreadPoolExecutor.java:650)
        at java.util.concurrent.ThreadPoolExecutor$Worker.run(ThreadPoolExecutor.java:675)
        at java.lang.Thread.run(Thread.java:595)
Caused by: User /O=caBIG/OU=caGrid/OU=Stage LOA1/OU=Dorian/CN=tstusr02@nih.gv not authorized for this operation
        at sun.reflect.NativeConstructorAccessorImpl.newInstance0(Native Method)
        at sun.reflect.NativeConstructorAccessorImpl.newInstance(NativeConstructorAccessorImpl.java:39)
        at sun.reflect.DelegatingConstructorAccessorImpl.newInstance(DelegatingConstructorAccessorImpl.java:27)
        at java.lang.reflect.Constructor.newInstance(Constructor.java:494)
        at java.lang.Class.newInstance0(Class.java:350)
        at java.lang.Class.newInstance(Class.java:303)
        at org.apache.axis.encoding.ser.BeanDeserializer.<init>(BeanDeserializer.java:90)
        at org.apache.axis.encoding.ser.BeanDeserializer.<init>(BeanDeserializer.java:76)
        at gov.nih.nci.ccts.grid.stubs.types.RegistrationConsumptionException.getDeserializer(RegistrationConsumptionException.java:90)
        at sun.reflect.NativeMethodAccessorImpl.invoke0(Native Method)
        at sun.reflect.NativeMethodAccessorImpl.invoke(NativeMethodAccessorImpl.java:39)
        at sun.reflect.DelegatingMethodAccessorImpl.invoke(DelegatingMethodAccessorImpl.java:25)
        at java.lang.reflect.Method.invoke(Method.java:585)
        at org.apache.axis.encoding.ser.BaseDeserializerFactory.getSpecialized(BaseDeserializerFactory.java:154)
        at org.apache.axis.encoding.ser.BaseDeserializerFactory.getDeserializerAs(BaseDeserializerFactory.java:84)
        at org.apache.axis.encoding.DeserializationContext.getDeserializer(DeserializationContext.java:464)
        at org.apache.axis.encoding.DeserializationContext.getDeserializerForType(DeserializationContext.java:547)
        at org.apache.axis.message.SOAPFaultDetailsBuilder.onStartChild(SOAPFaultDetailsBuilder.java:157)
        at org.apache.axis.encoding.DeserializationContext.startElement(DeserializationContext.java:1035)
        at org.apache.xerces.parsers.AbstractSAXParser.startElement(Unknown Source)
        at org.apache.xerces.impl.XMLNSDocumentScannerImpl.scanStartElement(Unknown Source)
        at org.apache.xerces.impl.XMLDocumentFragmentScannerImpl$FragmentContentDispatcher.dispatch(Unknown Source)
        at org.apache.xerces.impl.XMLDocumentFragmentScannerImpl.scanDocument(Unknown Source)
        at org.apache.xerces.parsers.XML11Configuration.parse(Unknown Source)
        at org.apache.xerces.parsers.XML11Configuration.parse(Unknown Source)
        at org.apache.xerces.parsers.XMLParser.parse(Unknown Source)
        at org.apache.xerces.parsers.AbstractSAXParser.parse(Unknown Source)
        at org.apache.xerces.jaxp.SAXParserImpl$JAXPSAXParser.parse(Unknown Source)
        at org.apache.xerces.jaxp.SAXParserImpl.parse(Unknown Source)
        at org.apache.axis.encoding.DeserializationContext.parse(DeserializationContext.java:227)
        at org.apache.axis.SOAPPart.getAsSOAPEnvelope(SOAPPart.java:645)
        at org.apache.axis.Message.getSOAPEnvelope(Message.java:424)
        at org.apache.axis.message.addressing.handler.AddressingHandler.processClientResponse(AddressingHandler.java:305)
        at org.apache.axis.message.addressing.handler.AddressingHandler.invoke(AddressingHandler.java:110)
        at org.apache.axis.strategies.InvocationStrategy.visit(InvocationStrategy.java:32)
        at org.apache.axis.SimpleChain.doVisiting(SimpleChain.java:118)
        at org.apache.axis.SimpleChain.invoke(SimpleChain.java:83)
        at org.apache.axis.client.AxisClient.invoke(AxisClient.java:190)
        at org.apache.axis.client.Call.invokeEngine(Call.java:2727)
        at org.apache.axis.client.Call.invoke(Call.java:2710)
        at org.apache.axis.client.Call.invoke(Call.java:2386)
        at org.apache.axis.client.Call.invoke(Call.java:2309)
        at org.apache.axis.client.Call.invoke(Call.java:1766)
        at gov.nih.nci.ccts.grid.stubs.bindings.RegistrationConsumerPortTypeSOAPBindingStub.register(RegistrationConsumerPortTypeSOAPBindingStub.java:1274)
        at gov.nih.nci.ccts.grid.client.RegistrationConsumerClient.register(RegistrationConsumerClient.java:128)
        at gov.nih.nci.caXchange.outbound.operations.RegistrationInvocationStrategy.invokeGridService(RegistrationInvocationStrategy.java:90)
        ... 15 more
ERROR - RegistrationRollbackStrategy   - Failed to invoke registration service.
AxisFault
 faultCode: {http://schemas.xmlsoap.org/soap/envelope/}Server.generalException
 faultSubcode:
 faultString: Lab Viewer invalid patient rollback message - no patient found with given gridid
 faultActor:
 faultNode:
 faultDetail:
        {http://grid.ccts.nci.nih.gov/RegistrationConsumer/types}InvalidRegistrationException:<ns2:Timestamp xmlns:ns2="http://docs.oasis-open.org/wsrf/2004/06/wsrf-WS-BaseFaults-1.2-draft-01.xsd">2010-01-06T19:27:21.151Z</ns2:Timestamp><ns3:Originator xmlns:ns3="http://docs.oasis-open.org/wsrf/2004/06/wsrf-WS-BaseFaults-1.2-draft-01.xsd"><ns4:Address xmlns:ns4="http://schemas.xmlsoap.org/ws/2004/03/addressing">https://ncias-q291-v.nci.nih.gov:28443/ctom-wsrf/services/cagrid/RegistrationConsumer</ns4:Address><ns5:ReferenceProperties xmlns:ns5="http://schemas.xmlsoap.org/ws/2004/03/addressing"/><ns6:ReferenceParameters xmlns:ns6="http://schemas.xmlsoap.org/ws/2004/03/addressing"/></ns3:Originator>
        {http://xml.apache.org/axis/}exceptionName:gov.nih.nci.ccts.grid.stubs.types.InvalidRegistrationException
        {http://xml.apache.org/axis/}stackTrace:
        at gov.nih.nci.cabig.labviewer.grid.LabViewerRegistrationConsumer.rollback(LabViewerRegistrationConsumer.java:124)
        at gov.nih.nci.ccts.grid.service.RegistrationConsumerImpl.rollback(RegistrationConsumerImpl.java:49)
        at gov.nih.nci.ccts.grid.service.globus.RegistrationConsumerProviderImpl.rollback(RegistrationConsumerProviderImpl.java:31)
        at sun.reflect.NativeMethodAccessorImpl.invoke0(Native Method)
        at sun.reflect.NativeMethodAccessorImpl.invoke(NativeMethodAccessorImpl.java:39)
        at sun.reflect.DelegatingMethodAccessorImpl.invoke(DelegatingMethodAccessorImpl.java:25)
        at java.lang.reflect.Method.invoke(Method.java:585)
        at org.apache.axis.providers.java.RPCProvider.invokeMethod(RPCProvider.java:384)
        at org.globus.axis.providers.RPCProvider.invokeMethodSub(RPCProvider.java:107)
        at org.globus.axis.providers.PrivilegedInvokeMethodAction.run(PrivilegedInvokeMethodAction.java:42)
        at java.security.AccessController.doPrivileged(Native Method)
        at javax.security.auth.Subject.doAs(Subject.java:396)
        at org.globus.gsi.jaas.GlobusSubject.runAs(GlobusSubject.java:55)
        at org.globus.gsi.jaas.JaasSubject.doAs(JaasSubject.java:90)
        at org.globus.axis.providers.RPCProvider.invokeMethod(RPCProvider.java:97)
        at org.apache.axis.providers.java.RPCProvider.processMessage(RPCProvider.java:281)
        at org.apache.axis.providers.java.JavaProvider.invoke(JavaProvider.java:319)
        at org.apache.axis.strategies.InvocationStrategy.visit(InvocationStrategy.java:32)
        at org.apache.axis.SimpleChain.doVisiting(SimpleChain.java:118)
        at org.apache.axis.SimpleChain.invoke(SimpleChain.java:83)
        at org.apache.axis.handlers.soap.SOAPService.invoke(SOAPService.java:450)
        at org.apache.axis.server.AxisServer.invoke(AxisServer.java:285)
        at org.apache.axis.transport.http.AxisServlet.doPost(AxisServlet.java:697)
        at javax.servlet.http.HttpServlet.service(HttpServlet.java:647)
        at org.apache.axis.transport.http.AxisServletBase.service(AxisServletBase.java:327)
        at javax.servlet.http.HttpServlet.service(HttpServlet.java:729)
        at org.apache.catalina.core.ApplicationFilterChain.internalDoFilter(ApplicationFilterChain.java:269)
        at org.apache.catalina.core.ApplicationFilterChain.doFilter(ApplicationFilterChain.java:188)
        at org.apache.catalina.core.StandardWrapperValve.invoke(StandardWrapperValve.java:213)
        at org.apache.catalina.core.StandardContextValve.invoke(StandardContextValve.java:172)
        at org.apache.catalina.core.StandardHostValve.invoke(StandardHostValve.java:127)
        at org.apache.catalina.valves.ErrorReportValve.invoke(ErrorReportValve.java:117)
        at org.apache.catalina.core.StandardEngineValve.invoke(StandardEngineValve.java:108)
        at org.globus.tomcat.coyote.valves.HTTPSValve55.invoke(HTTPSValve55.java:45)
        at org.apache.catalina.connector.CoyoteAdapter.service(CoyoteAdapter.java:174)
        at org.apache.coyote.http11.Http11Processor.process(Http11Processor.java:875)
        at org.apache.coyote.http11.Http11BaseProtocol$Http11ConnectionHandler.processConnection(Http11BaseProtocol.java:665)
        at org.apache.tomcat.util.net.PoolTcpEndpoint.processSocket(PoolTcpEndpoint.java:528)
        at org.apache.tomcat.util.net.LeaderFollowerWorkerThread.runIt(LeaderFollowerWorkerThread.java:81)
        at org.apache.tomcat.util.threads.ThreadPool$ControlRunnable.run(ThreadPool.java:689)
        at java.lang.Thread.run(Thread.java:595)

        {http://xml.apache.org/axis/}hostname:ncias-q291-v.nci.nih.gov

Lab Viewer invalid patient rollback message - no patient found with given gridid
        at sun.reflect.NativeConstructorAccessorImpl.newInstance0(Native Method)
        at sun.reflect.NativeConstructorAccessorImpl.newInstance(NativeConstructorAccessorImpl.java:39)
        at sun.reflect.DelegatingConstructorAccessorImpl.newInstance(DelegatingConstructorAccessorImpl.java:27)
        at java.lang.reflect.Constructor.newInstance(Constructor.java:494)
        at java.lang.Class.newInstance0(Class.java:350)
        at java.lang.Class.newInstance(Class.java:303)
        at org.apache.axis.encoding.ser.BeanDeserializer.<init>(BeanDeserializer.java:90)
        at org.apache.axis.encoding.ser.BeanDeserializer.<init>(BeanDeserializer.java:76)
        at gov.nih.nci.ccts.grid.stubs.types.InvalidRegistrationException.getDeserializer(InvalidRegistrationException.java:90)
        at sun.reflect.NativeMethodAccessorImpl.invoke0(Native Method)
        at sun.reflect.NativeMethodAccessorImpl.invoke(NativeMethodAccessorImpl.java:39)
        at sun.reflect.DelegatingMethodAccessorImpl.invoke(DelegatingMethodAccessorImpl.java:25)
        at java.lang.reflect.Method.invoke(Method.java:585)
        at org.apache.axis.encoding.ser.BaseDeserializerFactory.getSpecialized(BaseDeserializerFactory.java:154)
        at org.apache.axis.encoding.ser.BaseDeserializerFactory.getDeserializerAs(BaseDeserializerFactory.java:84)
        at org.apache.axis.encoding.DeserializationContext.getDeserializer(DeserializationContext.java:464)
        at org.apache.axis.encoding.DeserializationContext.getDeserializerForType(DeserializationContext.java:547)
        at org.apache.axis.message.SOAPFaultDetailsBuilder.onStartChild(SOAPFaultDetailsBuilder.java:157)
        at org.apache.axis.encoding.DeserializationContext.startElement(DeserializationContext.java:1035)
        at org.apache.xerces.parsers.AbstractSAXParser.startElement(Unknown Source)
        at org.apache.xerces.impl.XMLNSDocumentScannerImpl.scanStartElement(Unknown Source)
        at org.apache.xerces.impl.XMLDocumentFragmentScannerImpl$FragmentContentDispatcher.dispatch(Unknown Source)
        at org.apache.xerces.impl.XMLDocumentFragmentScannerImpl.scanDocument(Unknown Source)
        at org.apache.xerces.parsers.XML11Configuration.parse(Unknown Source)
        at org.apache.xerces.parsers.XML11Configuration.parse(Unknown Source)
        at org.apache.xerces.parsers.XMLParser.parse(Unknown Source)
        at org.apache.xerces.parsers.AbstractSAXParser.parse(Unknown Source)
        at org.apache.xerces.jaxp.SAXParserImpl$JAXPSAXParser.parse(Unknown Source)
        at org.apache.xerces.jaxp.SAXParserImpl.parse(Unknown Source)
        at org.apache.axis.encoding.DeserializationContext.parse(DeserializationContext.java:227)
        at org.apache.axis.SOAPPart.getAsSOAPEnvelope(SOAPPart.java:645)
        at org.apache.axis.Message.getSOAPEnvelope(Message.java:424)
        at org.apache.axis.message.addressing.handler.AddressingHandler.processClientResponse(AddressingHandler.java:305)
        at org.apache.axis.message.addressing.handler.AddressingHandler.invoke(AddressingHandler.java:110)
        at org.apache.axis.strategies.InvocationStrategy.visit(InvocationStrategy.java:32)
        at org.apache.axis.SimpleChain.doVisiting(SimpleChain.java:118)
        at org.apache.axis.SimpleChain.invoke(SimpleChain.java:83)
        at org.apache.axis.client.AxisClient.invoke(AxisClient.java:190)
        at org.apache.axis.client.Call.invokeEngine(Call.java:2727)
        at org.apache.axis.client.Call.invoke(Call.java:2710)
        at org.apache.axis.client.Call.invoke(Call.java:2386)
        at org.apache.axis.client.Call.invoke(Call.java:2309)
        at org.apache.axis.client.Call.invoke(Call.java:1766)
        at gov.nih.nci.ccts.grid.stubs.bindings.RegistrationConsumerPortTypeSOAPBindingStub.rollback(RegistrationConsumerPortTypeSOAPBindingStub.java:1212)
        at gov.nih.nci.ccts.grid.client.RegistrationConsumerClient.rollback(RegistrationConsumerClient.java:106)
        at gov.nih.nci.caXchange.outbound.operations.RegistrationRollbackStrategy.invokeGridService(RegistrationRollbackStrategy.java:83)
        at gov.nih.nci.caXchange.outbound.GridSU.executeStrategy(GridSU.java:221)
        at gov.nih.nci.caXchange.outbound.GridSU.onMessageExchange(GridSU.java:119)
        at org.apache.servicemix.bean.BeanEndpoint.onProviderExchange(BeanEndpoint.java:230)
        at org.apache.servicemix.bean.BeanEndpoint.process(BeanEndpoint.java:217)
        at org.apache.servicemix.common.AsyncBaseLifeCycle.doProcess(AsyncBaseLifeCycle.java:627)
        at org.apache.servicemix.common.AsyncBaseLifeCycle.processExchange(AsyncBaseLifeCycle.java:581)
        at org.apache.servicemix.common.AsyncBaseLifeCycle.onMessageExchange(AsyncBaseLifeCycle.java:535)
        at org.apache.servicemix.common.SyncLifeCycleWrapper.onMessageExchange(SyncLifeCycleWrapper.java:60)
        at org.apache.servicemix.jbi.messaging.DeliveryChannelImpl.processInBound(DeliveryChannelImpl.java:623)
        at org.apache.servicemix.jbi.nmr.flow.AbstractFlow.doRouting(AbstractFlow.java:172)
        at org.apache.servicemix.jbi.nmr.flow.seda.SedaFlow.doRouting(SedaFlow.java:168)
        at org.apache.servicemix.jbi.nmr.flow.seda.SedaQueue$1.run(SedaQueue.java:134)
        at java.util.concurrent.ThreadPoolExecutor$Worker.runTask(ThreadPoolExecutor.java:650)
        at java.util.concurrent.ThreadPoolExecutor$Worker.run(ThreadPoolExecutor.java:675)
        at java.lang.Thread.run(Thread.java:595)
ERROR - GridSU                         - Failed to invoke grid service.
gov.nih.nci.caXchange.outbound.GridInvocationException: Lab Viewer invalid patient rollback message - no patient found with given gridid
        at gov.nih.nci.caXchange.outbound.operations.RegistrationRollbackStrategy.invokeGridService(RegistrationRollbackStrategy.java:98)
        at gov.nih.nci.caXchange.outbound.GridSU.executeStrategy(GridSU.java:221)
        at gov.nih.nci.caXchange.outbound.GridSU.onMessageExchange(GridSU.java:119)
        at org.apache.servicemix.bean.BeanEndpoint.onProviderExchange(BeanEndpoint.java:230)
        at org.apache.servicemix.bean.BeanEndpoint.process(BeanEndpoint.java:217)
        at org.apache.servicemix.common.AsyncBaseLifeCycle.doProcess(AsyncBaseLifeCycle.java:627)
        at org.apache.servicemix.common.AsyncBaseLifeCycle.processExchange(AsyncBaseLifeCycle.java:581)
        at org.apache.servicemix.common.AsyncBaseLifeCycle.onMessageExchange(AsyncBaseLifeCycle.java:535)
        at org.apache.servicemix.common.SyncLifeCycleWrapper.onMessageExchange(SyncLifeCycleWrapper.java:60)
        at org.apache.servicemix.jbi.messaging.DeliveryChannelImpl.processInBound(DeliveryChannelImpl.java:623)
        at org.apache.servicemix.jbi.nmr.flow.AbstractFlow.doRouting(AbstractFlow.java:172)
        at org.apache.servicemix.jbi.nmr.flow.seda.SedaFlow.doRouting(SedaFlow.java:168)
        at org.apache.servicemix.jbi.nmr.flow.seda.SedaQueue$1.run(SedaQueue.java:134)
        at java.util.concurrent.ThreadPoolExecutor$Worker.runTask(ThreadPoolExecutor.java:650)
        at java.util.concurrent.ThreadPoolExecutor$Worker.run(ThreadPoolExecutor.java:675)
        at java.lang.Thread.run(Thread.java:595)
Caused by: Lab Viewer invalid patient rollback message - no patient found with given gridid
        at sun.reflect.NativeConstructorAccessorImpl.newInstance0(Native Method)
        at sun.reflect.NativeConstructorAccessorImpl.newInstance(NativeConstructorAccessorImpl.java:39)
        at sun.reflect.DelegatingConstructorAccessorImpl.newInstance(DelegatingConstructorAccessorImpl.java:27)
        at java.lang.reflect.Constructor.newInstance(Constructor.java:494)
        at java.lang.Class.newInstance0(Class.java:350)
        at java.lang.Class.newInstance(Class.java:303)
        at org.apache.axis.encoding.ser.BeanDeserializer.<init>(BeanDeserializer.java:90)
        at org.apache.axis.encoding.ser.BeanDeserializer.<init>(BeanDeserializer.java:76)
        at gov.nih.nci.ccts.grid.stubs.types.InvalidRegistrationException.getDeserializer(InvalidRegistrationException.java:90)
        at sun.reflect.NativeMethodAccessorImpl.invoke0(Native Method)
        at sun.reflect.NativeMethodAccessorImpl.invoke(NativeMethodAccessorImpl.java:39)
        at sun.reflect.DelegatingMethodAccessorImpl.invoke(DelegatingMethodAccessorImpl.java:25)
        at java.lang.reflect.Method.invoke(Method.java:585)
        at org.apache.axis.encoding.ser.BaseDeserializerFactory.getSpecialized(BaseDeserializerFactory.java:154)
        at org.apache.axis.encoding.ser.BaseDeserializerFactory.getDeserializerAs(BaseDeserializerFactory.java:84)
        at org.apache.axis.encoding.DeserializationContext.getDeserializer(DeserializationContext.java:464)
        at org.apache.axis.encoding.DeserializationContext.getDeserializerForType(DeserializationContext.java:547)
        at org.apache.axis.message.SOAPFaultDetailsBuilder.onStartChild(SOAPFaultDetailsBuilder.java:157)
        at org.apache.axis.encoding.DeserializationContext.startElement(DeserializationContext.java:1035)
        at org.apache.xerces.parsers.AbstractSAXParser.startElement(Unknown Source)
        at org.apache.xerces.impl.XMLNSDocumentScannerImpl.scanStartElement(Unknown Source)
        at org.apache.xerces.impl.XMLDocumentFragmentScannerImpl$FragmentContentDispatcher.dispatch(Unknown Source)
        at org.apache.xerces.impl.XMLDocumentFragmentScannerImpl.scanDocument(Unknown Source)
        at org.apache.xerces.parsers.XML11Configuration.parse(Unknown Source)
        at org.apache.xerces.parsers.XML11Configuration.parse(Unknown Source)
        at org.apache.xerces.parsers.XMLParser.parse(Unknown Source)
        at org.apache.xerces.parsers.AbstractSAXParser.parse(Unknown Source)
        at org.apache.xerces.jaxp.SAXParserImpl$JAXPSAXParser.parse(Unknown Source)
        at org.apache.xerces.jaxp.SAXParserImpl.parse(Unknown Source)
        at org.apache.axis.encoding.DeserializationContext.parse(DeserializationContext.java:227)
        at org.apache.axis.SOAPPart.getAsSOAPEnvelope(SOAPPart.java:645)
        at org.apache.axis.Message.getSOAPEnvelope(Message.java:424)
        at org.apache.axis.message.addressing.handler.AddressingHandler.processClientResponse(AddressingHandler.java:305)
        at org.apache.axis.message.addressing.handler.AddressingHandler.invoke(AddressingHandler.java:110)
        at org.apache.axis.strategies.InvocationStrategy.visit(InvocationStrategy.java:32)
        at org.apache.axis.SimpleChain.doVisiting(SimpleChain.java:118)
        at org.apache.axis.SimpleChain.invoke(SimpleChain.java:83)
        at org.apache.axis.client.AxisClient.invoke(AxisClient.java:190)
        at org.apache.axis.client.Call.invokeEngine(Call.java:2727)
        at org.apache.axis.client.Call.invoke(Call.java:2710)
        at org.apache.axis.client.Call.invoke(Call.java:2386)
        at org.apache.axis.client.Call.invoke(Call.java:2309)
        at org.apache.axis.client.Call.invoke(Call.java:1766)
        at gov.nih.nci.ccts.grid.stubs.bindings.RegistrationConsumerPortTypeSOAPBindingStub.rollback(RegistrationConsumerPortTypeSOAPBindingStub.java:1212)
        at gov.nih.nci.ccts.grid.client.RegistrationConsumerClient.rollback(RegistrationConsumerClient.java:106)
        at gov.nih.nci.caXchange.outbound.operations.RegistrationRollbackStrategy.invokeGridService(RegistrationRollbackStrategy.java:83)
        ... 15 more

