2009-11-17 10:05:37,032 [http-18443-Processor23] ERROR org.apache.catalina.core.ContainerBase.[Catalina].[localhost].[/caaers].[jsp] : Servlet.service() for servlet jsp threw exception
java.lang.NullPointerException
	at org.apache.jsp.decorated_002derror_jsp._jspService(decorated_002derror_jsp.java:361)
	at org.apache.jasper.runtime.HttpJspBase.service(HttpJspBase.java:98)
	at javax.servlet.http.HttpServlet.service(HttpServlet.java:729)
	at org.apache.jasper.servlet.JspServletWrapper.service(JspServletWrapper.java:331)
	at org.apache.jasper.servlet.JspServlet.serviceJspFile(JspServlet.java:329)
	at org.apache.jasper.servlet.JspServlet.service(JspServlet.java:265)
	at javax.servlet.http.HttpServlet.service(HttpServlet.java:729)
	at org.apache.catalina.core.ApplicationFilterChain.internalDoFilter(ApplicationFilterChain.java:269)
	at org.apache.catalina.core.ApplicationFilterChain.doFilter(ApplicationFilterChain.java:188)
	at com.opensymphony.module.sitemesh.filter.PageFilter.doFilter(PageFilter.java:39)
	at org.extremecomponents.table.filter.SitemeshPageFilter.doFilter(SitemeshPageFilter.java:39)
	at org.apache.catalina.core.ApplicationFilterChain.internalDoFilter(ApplicationFilterChain.java:215)
	at org.apache.catalina.core.ApplicationFilterChain.doFilter(ApplicationFilterChain.java:188)
	at org.extremecomponents.table.filter.AbstractExportFilter.doFilter(AbstractExportFilter.java:49)
	at org.apache.catalina.core.ApplicationFilterChain.internalDoFilter(ApplicationFilterChain.java:215)
	at org.apache.catalina.core.ApplicationFilterChain.doFilter(ApplicationFilterChain.java:188)
	at gov.nih.nci.cabig.caaers.web.AuditInfoFilter.doFilter(AuditInfoFilter.java:35)
	at org.apache.catalina.core.ApplicationFilterChain.internalDoFilter(ApplicationFilterChain.java:215)
	at org.apache.catalina.core.ApplicationFilterChain.doFilter(ApplicationFilterChain.java:188)
	at gov.nih.nci.cabig.ctms.web.filters.BeansInRequestFilter.doFilter(BeansInRequestFilter.java:39)
	at org.apache.catalina.core.ApplicationFilterChain.internalDoFilter(ApplicationFilterChain.java:215)
	at org.apache.catalina.core.ApplicationFilterChain.doFilter(ApplicationFilterChain.java:188)
	at com.opensymphony.module.sitemesh.filter.PageFilter.parsePage(PageFilter.java:118)
	at com.opensymphony.module.sitemesh.filter.PageFilter.doFilter(PageFilter.java:52)
	at org.apache.catalina.core.ApplicationFilterChain.internalDoFilter(ApplicationFilterChain.java:215)
	at org.apache.catalina.core.ApplicationFilterChain.doFilter(ApplicationFilterChain.java:188)
	at org.acegisecurity.util.FilterChainProxy$VirtualFilterChain.doFilter(FilterChainProxy.java:264)
	at org.acegisecurity.intercept.web.FilterSecurityInterceptor.invoke(FilterSecurityInterceptor.java:107)
	at org.acegisecurity.intercept.web.FilterSecurityInterceptor.doFilter(FilterSecurityInterceptor.java:72)
	at org.acegisecurity.util.FilterChainProxy$VirtualFilterChain.doFilter(FilterChainProxy.java:274)
	at org.acegisecurity.ui.ExceptionTranslationFilter.doFilter(ExceptionTranslationFilter.java:110)
	at org.acegisecurity.util.FilterChainProxy$VirtualFilterChain.doFilter(FilterChainProxy.java:274)
	at org.acegisecurity.providers.anonymous.AnonymousProcessingFilter.doFilter(AnonymousProcessingFilter.java:125)
	at org.acegisecurity.util.FilterChainProxy$VirtualFilterChain.doFilter(FilterChainProxy.java:274)
	at org.acegisecurity.wrapper.SecurityContextHolderAwareRequestFilter.doFilter(SecurityContextHolderAwareRequestFilter.java:81)
	at org.acegisecurity.util.FilterChainProxy$VirtualFilterChain.doFilter(FilterChainProxy.java:274)
	at org.acegisecurity.ui.AbstractProcessingFilter.doFilter(AbstractProcessingFilter.java:217)
	at org.acegisecurity.util.FilterChainProxy$VirtualFilterChain.doFilter(FilterChainProxy.java:274)
	at org.acegisecurity.ui.logout.LogoutFilter.doFilter(LogoutFilter.java:106)
	at org.acegisecurity.util.FilterChainProxy$VirtualFilterChain.doFilter(FilterChainProxy.java:274)
	at org.acegisecurity.context.HttpSessionContextIntegrationFilter.doFilter(HttpSessionContextIntegrationFilter.java:229)
	at org.acegisecurity.util.FilterChainProxy$VirtualFilterChain.doFilter(FilterChainProxy.java:274)
	at org.acegisecurity.securechannel.ChannelProcessingFilter.doFilter(ChannelProcessingFilter.java:138)
	at org.acegisecurity.util.FilterChainProxy$VirtualFilterChain.doFilter(FilterChainProxy.java:274)
	at org.acegisecurity.util.FilterChainProxy.doFilter(FilterChainProxy.java:148)
	at org.acegisecurity.util.FilterToBeanProxy.doFilter(FilterToBeanProxy.java:98)
	at org.apache.catalina.core.ApplicationFilterChain.internalDoFilter(ApplicationFilterChain.java:215)
	at org.apache.catalina.core.ApplicationFilterChain.doFilter(ApplicationFilterChain.java:188)
	at org.apache.catalina.core.StandardWrapperValve.invoke(StandardWrapperValve.java:213)
	at org.apache.catalina.core.StandardContextValve.invoke(StandardContextValve.java:172)
	at org.apache.catalina.authenticator.AuthenticatorBase.invoke(AuthenticatorBase.java:525)
	at org.apache.catalina.core.StandardHostValve.invoke(StandardHostValve.java:127)
	at org.apache.catalina.valves.ErrorReportValve.invoke(ErrorReportValve.java:117)
	at org.apache.catalina.core.StandardEngineValve.invoke(StandardEngineValve.java:108)
	at org.globus.tomcat.coyote.valves.HTTPSValve55.invoke(HTTPSValve55.java:45)
	at org.apache.catalina.connector.CoyoteAdapter.service(CoyoteAdapter.java:174)
	at org.apache.coyote.http11.Http11Processor.process(Http11Processor.java:875)
	at org.apache.coyote.http11.Http11BaseProtocol$Http11ConnectionHandler.processConnection(Http11BaseProtocol.java:665)
	at org.apache.tomcat.util.net.PoolTcpEndpoint.processSocket(PoolTcpEndpoint.java:528)
	at org.apache.tomcat.util.net.LeaderFollowerWorkerThread.runIt(LeaderFollowerWorkerThread.java:81)
	at org.apache.tomcat.util.threads.ThreadPool$ControlRunnable.run(ThreadPool.java:689)
	at java.lang.Thread.run(Thread.java:595)
2009-11-17 10:43:23,340 [http-18443-Processor18] ERROR org.apache.catalina.core.ContainerBase.[Catalina].[localhost].[/caaers].[jsp] : Servlet.service() for servlet jsp threw exception
java.lang.NullPointerException
	at org.apache.jsp.decorated_002derror_jsp._jspService(decorated_002derror_jsp.java:361)
	at org.apache.jasper.runtime.HttpJspBase.service(HttpJspBase.java:98)
	at javax.servlet.http.HttpServlet.service(HttpServlet.java:729)
	at org.apache.jasper.servlet.JspServletWrapper.service(JspServletWrapper.java:331)
	at org.apache.jasper.servlet.JspServlet.serviceJspFile(JspServlet.java:329)
	at org.apache.jasper.servlet.JspServlet.service(JspServlet.java:265)
	at javax.servlet.http.HttpServlet.service(HttpServlet.java:729)
	at org.apache.catalina.core.ApplicationFilterChain.internalDoFilter(ApplicationFilterChain.java:269)
	at org.apache.catalina.core.ApplicationFilterChain.doFilter(ApplicationFilterChain.java:188)
	at com.opensymphony.module.sitemesh.filter.PageFilter.doFilter(PageFilter.java:39)
	at org.extremecomponents.table.filter.SitemeshPageFilter.doFilter(SitemeshPageFilter.java:39)
	at org.apache.catalina.core.ApplicationFilterChain.internalDoFilter(ApplicationFilterChain.java:215)
	at org.apache.catalina.core.ApplicationFilterChain.doFilter(ApplicationFilterChain.java:188)
	at org.extremecomponents.table.filter.AbstractExportFilter.doFilter(AbstractExportFilter.java:49)
	at org.apache.catalina.core.ApplicationFilterChain.internalDoFilter(ApplicationFilterChain.java:215)
	at org.apache.catalina.core.ApplicationFilterChain.doFilter(ApplicationFilterChain.java:188)
	at gov.nih.nci.cabig.caaers.web.AuditInfoFilter.doFilter(AuditInfoFilter.java:35)
	at org.apache.catalina.core.ApplicationFilterChain.internalDoFilter(ApplicationFilterChain.java:215)
	at org.apache.catalina.core.ApplicationFilterChain.doFilter(ApplicationFilterChain.java:188)
	at gov.nih.nci.cabig.ctms.web.filters.BeansInRequestFilter.doFilter(BeansInRequestFilter.java:39)
	at org.apache.catalina.core.ApplicationFilterChain.internalDoFilter(ApplicationFilterChain.java:215)
	at org.apache.catalina.core.ApplicationFilterChain.doFilter(ApplicationFilterChain.java:188)
	at com.opensymphony.module.sitemesh.filter.PageFilter.parsePage(PageFilter.java:118)
	at com.opensymphony.module.sitemesh.filter.PageFilter.doFilter(PageFilter.java:52)
	at org.apache.catalina.core.ApplicationFilterChain.internalDoFilter(ApplicationFilterChain.java:215)
	at org.apache.catalina.core.ApplicationFilterChain.doFilter(ApplicationFilterChain.java:188)
	at org.acegisecurity.util.FilterChainProxy$VirtualFilterChain.doFilter(FilterChainProxy.java:264)
	at org.acegisecurity.intercept.web.FilterSecurityInterceptor.invoke(FilterSecurityInterceptor.java:107)
	at org.acegisecurity.intercept.web.FilterSecurityInterceptor.doFilter(FilterSecurityInterceptor.java:72)
	at org.acegisecurity.util.FilterChainProxy$VirtualFilterChain.doFilter(FilterChainProxy.java:274)
	at org.acegisecurity.ui.ExceptionTranslationFilter.doFilter(ExceptionTranslationFilter.java:110)
	at org.acegisecurity.util.FilterChainProxy$VirtualFilterChain.doFilter(FilterChainProxy.java:274)
	at org.acegisecurity.providers.anonymous.AnonymousProcessingFilter.doFilter(AnonymousProcessingFilter.java:125)
	at org.acegisecurity.util.FilterChainProxy$VirtualFilterChain.doFilter(FilterChainProxy.java:274)
	at org.acegisecurity.wrapper.SecurityContextHolderAwareRequestFilter.doFilter(SecurityContextHolderAwareRequestFilter.java:81)
	at org.acegisecurity.util.FilterChainProxy$VirtualFilterChain.doFilter(FilterChainProxy.java:274)
	at org.acegisecurity.ui.AbstractProcessingFilter.doFilter(AbstractProcessingFilter.java:217)
	at org.acegisecurity.util.FilterChainProxy$VirtualFilterChain.doFilter(FilterChainProxy.java:274)
	at org.acegisecurity.ui.logout.LogoutFilter.doFilter(LogoutFilter.java:106)
	at org.acegisecurity.util.FilterChainProxy$VirtualFilterChain.doFilter(FilterChainProxy.java:274)
	at org.acegisecurity.context.HttpSessionContextIntegrationFilter.doFilter(HttpSessionContextIntegrationFilter.java:229)
	at org.acegisecurity.util.FilterChainProxy$VirtualFilterChain.doFilter(FilterChainProxy.java:274)
	at org.acegisecurity.securechannel.ChannelProcessingFilter.doFilter(ChannelProcessingFilter.java:138)
	at org.acegisecurity.util.FilterChainProxy$VirtualFilterChain.doFilter(FilterChainProxy.java:274)
	at org.acegisecurity.util.FilterChainProxy.doFilter(FilterChainProxy.java:148)
	at org.acegisecurity.util.FilterToBeanProxy.doFilter(FilterToBeanProxy.java:98)
	at org.apache.catalina.core.ApplicationFilterChain.internalDoFilter(ApplicationFilterChain.java:215)
	at org.apache.catalina.core.ApplicationFilterChain.doFilter(ApplicationFilterChain.java:188)
	at org.apache.catalina.core.StandardWrapperValve.invoke(StandardWrapperValve.java:213)
	at org.apache.catalina.core.StandardContextValve.invoke(StandardContextValve.java:172)
	at org.apache.catalina.authenticator.AuthenticatorBase.invoke(AuthenticatorBase.java:525)
	at org.apache.catalina.core.StandardHostValve.invoke(StandardHostValve.java:127)
	at org.apache.catalina.valves.ErrorReportValve.invoke(ErrorReportValve.java:117)
	at org.apache.catalina.core.StandardEngineValve.invoke(StandardEngineValve.java:108)
	at org.globus.tomcat.coyote.valves.HTTPSValve55.invoke(HTTPSValve55.java:45)
	at org.apache.catalina.connector.CoyoteAdapter.service(CoyoteAdapter.java:174)
	at org.apache.coyote.http11.Http11Processor.process(Http11Processor.java:875)
	at org.apache.coyote.http11.Http11BaseProtocol$Http11ConnectionHandler.processConnection(Http11BaseProtocol.java:665)
	at org.apache.tomcat.util.net.PoolTcpEndpoint.processSocket(PoolTcpEndpoint.java:528)
	at org.apache.tomcat.util.net.LeaderFollowerWorkerThread.runIt(LeaderFollowerWorkerThread.java:81)
	at org.apache.tomcat.util.threads.ThreadPool$ControlRunnable.run(ThreadPool.java:689)
	at java.lang.Thread.run(Thread.java:595)
2009-11-17 10:43:57,211 [http-18443-Processor17] ERROR org.apache.catalina.core.ContainerBase.[Catalina].[localhost].[/caaers].[pages] : Servlet.service() for servlet pages threw exception
java.lang.NullPointerException
	at gov.nih.nci.cabig.caaers.web.participant.ParticipantInputCommand.refreshStudyDiseases_aroundBody0(ParticipantInputCommand.java:106)
	at gov.nih.nci.cabig.caaers.web.participant.ParticipantInputCommand$AjcClosure1.run(ParticipantInputCommand.java:1)
	at org.aspectj.runtime.reflect.JoinPointImpl.proceed(JoinPointImpl.java:101)
	at gov.nih.nci.cabig.caaers.tools.logging.CaaersLoggingAspect.log(CaaersLoggingAspect.java:45)
	at gov.nih.nci.cabig.caaers.web.participant.ParticipantInputCommand.refreshStudyDiseases(ParticipantInputCommand.java:102)
	at gov.nih.nci.cabig.caaers.web.participant.SubjectMedHistoryTab.referenceData_aroundBody2(SubjectMedHistoryTab.java:82)
	at gov.nih.nci.cabig.caaers.web.participant.SubjectMedHistoryTab$AjcClosure3.run(SubjectMedHistoryTab.java:1)
	at org.aspectj.runtime.reflect.JoinPointImpl.proceed(JoinPointImpl.java:101)
	at gov.nih.nci.cabig.caaers.tools.logging.CaaersLoggingAspect.log(CaaersLoggingAspect.java:45)
	at gov.nih.nci.cabig.caaers.web.participant.SubjectMedHistoryTab.referenceData(SubjectMedHistoryTab.java:80)
	at gov.nih.nci.cabig.caaers.web.participant.SubjectMedHistoryTab.referenceData(SubjectMedHistoryTab.java:1)
	at gov.nih.nci.cabig.caaers.tools.spring.tabbedflow.AutomaticSaveAjaxableFormController.referenceData(AutomaticSaveAjaxableFormController.java:57)
	at gov.nih.nci.cabig.caaers.web.participant.ParticipantController.referenceData(ParticipantController.java:171)
	at gov.nih.nci.cabig.caaers.web.participant.EditParticipantController.referenceData(EditParticipantController.java:132)
	at org.springframework.web.servlet.mvc.AbstractWizardFormController.referenceData(AbstractWizardFormController.java:267)
	at org.springframework.web.servlet.mvc.AbstractFormController.showForm(AbstractFormController.java:559)
	at org.springframework.web.servlet.mvc.AbstractWizardFormController.showPage(AbstractWizardFormController.java:351)
	at org.springframework.web.servlet.mvc.AbstractWizardFormController.processFormSubmission(AbstractWizardFormController.java:513)
	at org.springframework.web.servlet.mvc.AbstractFormController.handleRequestInternal(AbstractFormController.java:250)
	at gov.nih.nci.cabig.caaers.tools.spring.tabbedflow.AutomaticSaveAjaxableFormController.handleRequestInternal(AutomaticSaveAjaxableFormController.java:47)
	at org.springframework.web.servlet.mvc.AbstractController.handleRequest(AbstractController.java:153)
	at org.springframework.web.servlet.mvc.SimpleControllerHandlerAdapter.handle(SimpleControllerHandlerAdapter.java:45)
	at org.springframework.web.servlet.DispatcherServlet.doDispatch(DispatcherServlet.java:820)
	at org.springframework.web.servlet.DispatcherServlet.doService(DispatcherServlet.java:755)
	at org.springframework.web.servlet.FrameworkServlet.processRequest(FrameworkServlet.java:396)
	at org.springframework.web.servlet.FrameworkServlet.doPost(FrameworkServlet.java:360)
	at javax.servlet.http.HttpServlet.service(HttpServlet.java:647)
	at javax.servlet.http.HttpServlet.service(HttpServlet.java:729)
	at org.apache.catalina.core.ApplicationFilterChain.internalDoFilter(ApplicationFilterChain.java:269)
	at org.apache.catalina.core.ApplicationFilterChain.doFilter(ApplicationFilterChain.java:188)
	at com.opensymphony.module.sitemesh.filter.PageFilter.doFilter(PageFilter.java:39)
	at org.extremecomponents.table.filter.SitemeshPageFilter.doFilter(SitemeshPageFilter.java:39)
	at org.apache.catalina.core.ApplicationFilterChain.internalDoFilter(ApplicationFilterChain.java:215)
	at org.apache.catalina.core.ApplicationFilterChain.doFilter(ApplicationFilterChain.java:188)
	at org.extremecomponents.table.filter.AbstractExportFilter.doFilter(AbstractExportFilter.java:49)
	at org.apache.catalina.core.ApplicationFilterChain.internalDoFilter(ApplicationFilterChain.java:215)
	at org.apache.catalina.core.ApplicationFilterChain.doFilter(ApplicationFilterChain.java:188)
	at gov.nih.nci.cabig.caaers.web.AuditInfoFilter.doFilter(AuditInfoFilter.java:35)
	at org.apache.catalina.core.ApplicationFilterChain.internalDoFilter(ApplicationFilterChain.java:215)
	at org.apache.catalina.core.ApplicationFilterChain.doFilter(ApplicationFilterChain.java:188)
	at gov.nih.nci.cabig.ctms.web.filters.BeansInRequestFilter.doFilter(BeansInRequestFilter.java:39)
	at org.apache.catalina.core.ApplicationFilterChain.internalDoFilter(ApplicationFilterChain.java:215)
	at org.apache.catalina.core.ApplicationFilterChain.doFilter(ApplicationFilterChain.java:188)
	at gov.nih.nci.cabig.caaers.web.OpenSessionInViewInterceptorFilter.doFilter(OpenSessionInViewInterceptorFilter.java:49)
	at org.apache.catalina.core.ApplicationFilterChain.internalDoFilter(ApplicationFilterChain.java:215)
	at org.apache.catalina.core.ApplicationFilterChain.doFilter(ApplicationFilterChain.java:188)
	at com.opensymphony.module.sitemesh.filter.PageFilter.parsePage(PageFilter.java:118)
	at com.opensymphony.module.sitemesh.filter.PageFilter.doFilter(PageFilter.java:52)
	at org.apache.catalina.core.ApplicationFilterChain.internalDoFilter(ApplicationFilterChain.java:215)
	at org.apache.catalina.core.ApplicationFilterChain.doFilter(ApplicationFilterChain.java:188)
	at gov.nih.nci.cabig.caaers.web.filters.GzipFilter.doFilter(GzipFilter.java:64)
	at net.sf.ehcache.constructs.web.filter.Filter.doFilter(Filter.java:89)
	at org.apache.catalina.core.ApplicationFilterChain.internalDoFilter(ApplicationFilterChain.java:215)
	at org.apache.catalina.core.ApplicationFilterChain.doFilter(ApplicationFilterChain.java:188)
	at org.acegisecurity.util.FilterChainProxy$VirtualFilterChain.doFilter(FilterChainProxy.java:264)
	at org.acegisecurity.intercept.web.FilterSecurityInterceptor.invoke(FilterSecurityInterceptor.java:107)
	at org.acegisecurity.intercept.web.FilterSecurityInterceptor.doFilter(FilterSecurityInterceptor.java:72)
	at org.acegisecurity.util.FilterChainProxy$VirtualFilterChain.doFilter(FilterChainProxy.java:274)
	at org.acegisecurity.ui.ExceptionTranslationFilter.doFilter(ExceptionTranslationFilter.java:110)
	at org.acegisecurity.util.FilterChainProxy$VirtualFilterChain.doFilter(FilterChainProxy.java:274)
	at org.acegisecurity.providers.anonymous.AnonymousProcessingFilter.doFilter(AnonymousProcessingFilter.java:125)
	at org.acegisecurity.util.FilterChainProxy$VirtualFilterChain.doFilter(FilterChainProxy.java:274)
	at org.acegisecurity.wrapper.SecurityContextHolderAwareRequestFilter.doFilter(SecurityContextHolderAwareRequestFilter.java:81)
	at org.acegisecurity.util.FilterChainProxy$VirtualFilterChain.doFilter(FilterChainProxy.java:274)
	at org.acegisecurity.ui.AbstractProcessingFilter.doFilter(AbstractProcessingFilter.java:217)
	at org.acegisecurity.util.FilterChainProxy$VirtualFilterChain.doFilter(FilterChainProxy.java:274)
	at org.acegisecurity.ui.logout.LogoutFilter.doFilter(LogoutFilter.java:106)
	at org.acegisecurity.util.FilterChainProxy$VirtualFilterChain.doFilter(FilterChainProxy.java:274)
	at org.acegisecurity.context.HttpSessionContextIntegrationFilter.doFilter(HttpSessionContextIntegrationFilter.java:229)
	at org.acegisecurity.util.FilterChainProxy$VirtualFilterChain.doFilter(FilterChainProxy.java:274)
	at org.acegisecurity.securechannel.ChannelProcessingFilter.doFilter(ChannelProcessingFilter.java:138)
	at org.acegisecurity.util.FilterChainProxy$VirtualFilterChain.doFilter(FilterChainProxy.java:274)
	at org.acegisecurity.util.FilterChainProxy.doFilter(FilterChainProxy.java:148)
	at org.acegisecurity.util.FilterToBeanProxy.doFilter(FilterToBeanProxy.java:98)
	at org.apache.catalina.core.ApplicationFilterChain.internalDoFilter(ApplicationFilterChain.java:215)
	at org.apache.catalina.core.ApplicationFilterChain.doFilter(ApplicationFilterChain.java:188)
	at org.apache.catalina.core.StandardWrapperValve.invoke(StandardWrapperValve.java:213)
	at org.apache.catalina.core.StandardContextValve.invoke(StandardContextValve.java:172)
	at org.apache.catalina.authenticator.AuthenticatorBase.invoke(AuthenticatorBase.java:525)
	at org.apache.catalina.core.StandardHostValve.invoke(StandardHostValve.java:127)
	at org.apache.catalina.valves.ErrorReportValve.invoke(ErrorReportValve.java:117)
	at org.apache.catalina.core.StandardEngineValve.invoke(StandardEngineValve.java:108)
	at org.globus.tomcat.coyote.valves.HTTPSValve55.invoke(HTTPSValve55.java:45)
	at org.apache.catalina.connector.CoyoteAdapter.service(CoyoteAdapter.java:174)
	at org.apache.coyote.http11.Http11Processor.process(Http11Processor.java:875)
	at org.apache.coyote.http11.Http11BaseProtocol$Http11ConnectionHandler.processConnection(Http11BaseProtocol.java:665)
	at org.apache.tomcat.util.net.PoolTcpEndpoint.processSocket(PoolTcpEndpoint.java:528)
	at org.apache.tomcat.util.net.LeaderFollowerWorkerThread.runIt(LeaderFollowerWorkerThread.java:81)
	at org.apache.tomcat.util.threads.ThreadPool$ControlRunnable.run(ThreadPool.java:689)
	at java.lang.Thread.run(Thread.java:595)
2009-11-17 10:49:42,688 [http-18443-Processor20] ERROR org.apache.catalina.core.ContainerBase.[Catalina].[localhost].[/caaers].[pages] : Servlet.service() for servlet pages threw exception
java.lang.NullPointerException
	at gov.nih.nci.cabig.caaers.web.participant.ParticipantInputCommand.refreshStudyDiseases_aroundBody0(ParticipantInputCommand.java:106)
	at gov.nih.nci.cabig.caaers.web.participant.ParticipantInputCommand$AjcClosure1.run(ParticipantInputCommand.java:1)
	at org.aspectj.runtime.reflect.JoinPointImpl.proceed(JoinPointImpl.java:101)
	at gov.nih.nci.cabig.caaers.tools.logging.CaaersLoggingAspect.log(CaaersLoggingAspect.java:45)
	at gov.nih.nci.cabig.caaers.web.participant.ParticipantInputCommand.refreshStudyDiseases(ParticipantInputCommand.java:102)
	at gov.nih.nci.cabig.caaers.web.participant.SubjectMedHistoryTab.referenceData_aroundBody2(SubjectMedHistoryTab.java:82)
	at gov.nih.nci.cabig.caaers.web.participant.SubjectMedHistoryTab$AjcClosure3.run(SubjectMedHistoryTab.java:1)
	at org.aspectj.runtime.reflect.JoinPointImpl.proceed(JoinPointImpl.java:101)
	at gov.nih.nci.cabig.caaers.tools.logging.CaaersLoggingAspect.log(CaaersLoggingAspect.java:45)
	at gov.nih.nci.cabig.caaers.web.participant.SubjectMedHistoryTab.referenceData(SubjectMedHistoryTab.java:80)
	at gov.nih.nci.cabig.caaers.web.participant.SubjectMedHistoryTab.referenceData(SubjectMedHistoryTab.java:1)
	at gov.nih.nci.cabig.caaers.tools.spring.tabbedflow.AutomaticSaveAjaxableFormController.referenceData(AutomaticSaveAjaxableFormController.java:57)
	at gov.nih.nci.cabig.caaers.web.participant.ParticipantController.referenceData(ParticipantController.java:171)
	at gov.nih.nci.cabig.caaers.web.participant.EditParticipantController.referenceData(EditParticipantController.java:132)
	at org.springframework.web.servlet.mvc.AbstractWizardFormController.referenceData(AbstractWizardFormController.java:267)
	at org.springframework.web.servlet.mvc.AbstractFormController.showForm(AbstractFormController.java:559)
	at org.springframework.web.servlet.mvc.AbstractWizardFormController.showPage(AbstractWizardFormController.java:351)
	at org.springframework.web.servlet.mvc.AbstractWizardFormController.processFormSubmission(AbstractWizardFormController.java:513)
	at org.springframework.web.servlet.mvc.AbstractFormController.handleRequestInternal(AbstractFormController.java:250)
	at gov.nih.nci.cabig.caaers.tools.spring.tabbedflow.AutomaticSaveAjaxableFormController.handleRequestInternal(AutomaticSaveAjaxableFormController.java:47)
	at org.springframework.web.servlet.mvc.AbstractController.handleRequest(AbstractController.java:153)
	at org.springframework.web.servlet.mvc.SimpleControllerHandlerAdapter.handle(SimpleControllerHandlerAdapter.java:45)
	at org.springframework.web.servlet.DispatcherServlet.doDispatch(DispatcherServlet.java:820)
	at org.springframework.web.servlet.DispatcherServlet.doService(DispatcherServlet.java:755)
	at org.springframework.web.servlet.FrameworkServlet.processRequest(FrameworkServlet.java:396)
	at org.springframework.web.servlet.FrameworkServlet.doPost(FrameworkServlet.java:360)
	at javax.servlet.http.HttpServlet.service(HttpServlet.java:647)
	at javax.servlet.http.HttpServlet.service(HttpServlet.java:729)
	at org.apache.catalina.core.ApplicationFilterChain.internalDoFilter(ApplicationFilterChain.java:269)
	at org.apache.catalina.core.ApplicationFilterChain.doFilter(ApplicationFilterChain.java:188)
	at com.opensymphony.module.sitemesh.filter.PageFilter.doFilter(PageFilter.java:39)
	at org.extremecomponents.table.filter.SitemeshPageFilter.doFilter(SitemeshPageFilter.java:39)
	at org.apache.catalina.core.ApplicationFilterChain.internalDoFilter(ApplicationFilterChain.java:215)
	at org.apache.catalina.core.ApplicationFilterChain.doFilter(ApplicationFilterChain.java:188)
	at org.extremecomponents.table.filter.AbstractExportFilter.doFilter(AbstractExportFilter.java:49)
	at org.apache.catalina.core.ApplicationFilterChain.internalDoFilter(ApplicationFilterChain.java:215)
	at org.apache.catalina.core.ApplicationFilterChain.doFilter(ApplicationFilterChain.java:188)
	at gov.nih.nci.cabig.caaers.web.AuditInfoFilter.doFilter(AuditInfoFilter.java:35)
	at org.apache.catalina.core.ApplicationFilterChain.internalDoFilter(ApplicationFilterChain.java:215)
	at org.apache.catalina.core.ApplicationFilterChain.doFilter(ApplicationFilterChain.java:188)
	at gov.nih.nci.cabig.ctms.web.filters.BeansInRequestFilter.doFilter(BeansInRequestFilter.java:39)
	at org.apache.catalina.core.ApplicationFilterChain.internalDoFilter(ApplicationFilterChain.java:215)
	at org.apache.catalina.core.ApplicationFilterChain.doFilter(ApplicationFilterChain.java:188)
	at gov.nih.nci.cabig.caaers.web.OpenSessionInViewInterceptorFilter.doFilter(OpenSessionInViewInterceptorFilter.java:49)
	at org.apache.catalina.core.ApplicationFilterChain.internalDoFilter(ApplicationFilterChain.java:215)
	at org.apache.catalina.core.ApplicationFilterChain.doFilter(ApplicationFilterChain.java:188)
	at com.opensymphony.module.sitemesh.filter.PageFilter.parsePage(PageFilter.java:118)
	at com.opensymphony.module.sitemesh.filter.PageFilter.doFilter(PageFilter.java:52)
	at org.apache.catalina.core.ApplicationFilterChain.internalDoFilter(ApplicationFilterChain.java:215)
	at org.apache.catalina.core.ApplicationFilterChain.doFilter(ApplicationFilterChain.java:188)
	at gov.nih.nci.cabig.caaers.web.filters.GzipFilter.doFilter(GzipFilter.java:64)
	at net.sf.ehcache.constructs.web.filter.Filter.doFilter(Filter.java:89)
	at org.apache.catalina.core.ApplicationFilterChain.internalDoFilter(ApplicationFilterChain.java:215)
	at org.apache.catalina.core.ApplicationFilterChain.doFilter(ApplicationFilterChain.java:188)
	at org.acegisecurity.util.FilterChainProxy$VirtualFilterChain.doFilter(FilterChainProxy.java:264)
	at org.acegisecurity.intercept.web.FilterSecurityInterceptor.invoke(FilterSecurityInterceptor.java:107)
	at org.acegisecurity.intercept.web.FilterSecurityInterceptor.doFilter(FilterSecurityInterceptor.java:72)
	at org.acegisecurity.util.FilterChainProxy$VirtualFilterChain.doFilter(FilterChainProxy.java:274)
	at org.acegisecurity.ui.ExceptionTranslationFilter.doFilter(ExceptionTranslationFilter.java:110)
	at org.acegisecurity.util.FilterChainProxy$VirtualFilterChain.doFilter(FilterChainProxy.java:274)
	at org.acegisecurity.providers.anonymous.AnonymousProcessingFilter.doFilter(AnonymousProcessingFilter.java:125)
	at org.acegisecurity.util.FilterChainProxy$VirtualFilterChain.doFilter(FilterChainProxy.java:274)
	at org.acegisecurity.wrapper.SecurityContextHolderAwareRequestFilter.doFilter(SecurityContextHolderAwareRequestFilter.java:81)
	at org.acegisecurity.util.FilterChainProxy$VirtualFilterChain.doFilter(FilterChainProxy.java:274)
	at org.acegisecurity.ui.AbstractProcessingFilter.doFilter(AbstractProcessingFilter.java:217)
	at org.acegisecurity.util.FilterChainProxy$VirtualFilterChain.doFilter(FilterChainProxy.java:274)
	at org.acegisecurity.ui.logout.LogoutFilter.doFilter(LogoutFilter.java:106)
	at org.acegisecurity.util.FilterChainProxy$VirtualFilterChain.doFilter(FilterChainProxy.java:274)
	at org.acegisecurity.context.HttpSessionContextIntegrationFilter.doFilter(HttpSessionContextIntegrationFilter.java:229)
	at org.acegisecurity.util.FilterChainProxy$VirtualFilterChain.doFilter(FilterChainProxy.java:274)
	at org.acegisecurity.securechannel.ChannelProcessingFilter.doFilter(ChannelProcessingFilter.java:138)
	at org.acegisecurity.util.FilterChainProxy$VirtualFilterChain.doFilter(FilterChainProxy.java:274)
	at org.acegisecurity.util.FilterChainProxy.doFilter(FilterChainProxy.java:148)
	at org.acegisecurity.util.FilterToBeanProxy.doFilter(FilterToBeanProxy.java:98)
	at org.apache.catalina.core.ApplicationFilterChain.internalDoFilter(ApplicationFilterChain.java:215)
	at org.apache.catalina.core.ApplicationFilterChain.doFilter(ApplicationFilterChain.java:188)
	at org.apache.catalina.core.StandardWrapperValve.invoke(StandardWrapperValve.java:213)
	at org.apache.catalina.core.StandardContextValve.invoke(StandardContextValve.java:172)
	at org.apache.catalina.authenticator.AuthenticatorBase.invoke(AuthenticatorBase.java:525)
	at org.apache.catalina.core.StandardHostValve.invoke(StandardHostValve.java:127)
	at org.apache.catalina.valves.ErrorReportValve.invoke(ErrorReportValve.java:117)
	at org.apache.catalina.core.StandardEngineValve.invoke(StandardEngineValve.java:108)
	at org.globus.tomcat.coyote.valves.HTTPSValve55.invoke(HTTPSValve55.java:45)
	at org.apache.catalina.connector.CoyoteAdapter.service(CoyoteAdapter.java:174)
	at org.apache.coyote.http11.Http11Processor.process(Http11Processor.java:875)
	at org.apache.coyote.http11.Http11BaseProtocol$Http11ConnectionHandler.processConnection(Http11BaseProtocol.java:665)
	at org.apache.tomcat.util.net.PoolTcpEndpoint.processSocket(PoolTcpEndpoint.java:528)
	at org.apache.tomcat.util.net.LeaderFollowerWorkerThread.runIt(LeaderFollowerWorkerThread.java:81)
	at org.apache.tomcat.util.threads.ThreadPool$ControlRunnable.run(ThreadPool.java:689)
	at java.lang.Thread.run(Thread.java:595)
2009-11-17 10:53:19,070 [http-18443-Processor17] ERROR org.apache.catalina.core.ContainerBase.[Catalina].[localhost].[/caaers].[pages] : Servlet.service() for servlet pages threw exception
java.lang.NullPointerException
	at gov.nih.nci.cabig.caaers.web.participant.ParticipantInputCommand.refreshStudyDiseases_aroundBody0(ParticipantInputCommand.java:106)
	at gov.nih.nci.cabig.caaers.web.participant.ParticipantInputCommand$AjcClosure1.run(ParticipantInputCommand.java:1)
	at org.aspectj.runtime.reflect.JoinPointImpl.proceed(JoinPointImpl.java:101)
	at gov.nih.nci.cabig.caaers.tools.logging.CaaersLoggingAspect.log(CaaersLoggingAspect.java:45)
	at gov.nih.nci.cabig.caaers.web.participant.ParticipantInputCommand.refreshStudyDiseases(ParticipantInputCommand.java:102)
	at gov.nih.nci.cabig.caaers.web.participant.SubjectMedHistoryTab.referenceData_aroundBody2(SubjectMedHistoryTab.java:82)
	at gov.nih.nci.cabig.caaers.web.participant.SubjectMedHistoryTab$AjcClosure3.run(SubjectMedHistoryTab.java:1)
	at org.aspectj.runtime.reflect.JoinPointImpl.proceed(JoinPointImpl.java:101)
	at gov.nih.nci.cabig.caaers.tools.logging.CaaersLoggingAspect.log(CaaersLoggingAspect.java:45)
	at gov.nih.nci.cabig.caaers.web.participant.SubjectMedHistoryTab.referenceData(SubjectMedHistoryTab.java:80)
	at gov.nih.nci.cabig.caaers.web.participant.SubjectMedHistoryTab.referenceData(SubjectMedHistoryTab.java:1)
	at gov.nih.nci.cabig.caaers.tools.spring.tabbedflow.AutomaticSaveAjaxableFormController.referenceData(AutomaticSaveAjaxableFormController.java:57)
	at gov.nih.nci.cabig.caaers.web.participant.ParticipantController.referenceData(ParticipantController.java:171)
	at gov.nih.nci.cabig.caaers.web.participant.EditParticipantController.referenceData(EditParticipantController.java:132)
	at org.springframework.web.servlet.mvc.AbstractWizardFormController.referenceData(AbstractWizardFormController.java:267)
	at org.springframework.web.servlet.mvc.AbstractFormController.showForm(AbstractFormController.java:559)
	at org.springframework.web.servlet.mvc.AbstractWizardFormController.showPage(AbstractWizardFormController.java:351)
	at org.springframework.web.servlet.mvc.AbstractWizardFormController.processFormSubmission(AbstractWizardFormController.java:513)
	at org.springframework.web.servlet.mvc.AbstractFormController.handleRequestInternal(AbstractFormController.java:250)
	at gov.nih.nci.cabig.caaers.tools.spring.tabbedflow.AutomaticSaveAjaxableFormController.handleRequestInternal(AutomaticSaveAjaxableFormController.java:47)
	at org.springframework.web.servlet.mvc.AbstractController.handleRequest(AbstractController.java:153)
	at org.springframework.web.servlet.mvc.SimpleControllerHandlerAdapter.handle(SimpleControllerHandlerAdapter.java:45)
	at org.springframework.web.servlet.DispatcherServlet.doDispatch(DispatcherServlet.java:820)
	at org.springframework.web.servlet.DispatcherServlet.doService(DispatcherServlet.java:755)
	at org.springframework.web.servlet.FrameworkServlet.processRequest(FrameworkServlet.java:396)
	at org.springframework.web.servlet.FrameworkServlet.doPost(FrameworkServlet.java:360)
	at javax.servlet.http.HttpServlet.service(HttpServlet.java:647)
	at javax.servlet.http.HttpServlet.service(HttpServlet.java:729)
	at org.apache.catalina.core.ApplicationFilterChain.internalDoFilter(ApplicationFilterChain.java:269)
	at org.apache.catalina.core.ApplicationFilterChain.doFilter(ApplicationFilterChain.java:188)
	at com.opensymphony.module.sitemesh.filter.PageFilter.doFilter(PageFilter.java:39)
	at org.extremecomponents.table.filter.SitemeshPageFilter.doFilter(SitemeshPageFilter.java:39)
	at org.apache.catalina.core.ApplicationFilterChain.internalDoFilter(ApplicationFilterChain.java:215)
	at org.apache.catalina.core.ApplicationFilterChain.doFilter(ApplicationFilterChain.java:188)
	at org.extremecomponents.table.filter.AbstractExportFilter.doFilter(AbstractExportFilter.java:49)
	at org.apache.catalina.core.ApplicationFilterChain.internalDoFilter(ApplicationFilterChain.java:215)
	at org.apache.catalina.core.ApplicationFilterChain.doFilter(ApplicationFilterChain.java:188)
	at gov.nih.nci.cabig.caaers.web.AuditInfoFilter.doFilter(AuditInfoFilter.java:35)
	at org.apache.catalina.core.ApplicationFilterChain.internalDoFilter(ApplicationFilterChain.java:215)
	at org.apache.catalina.core.ApplicationFilterChain.doFilter(ApplicationFilterChain.java:188)
	at gov.nih.nci.cabig.ctms.web.filters.BeansInRequestFilter.doFilter(BeansInRequestFilter.java:39)
	at org.apache.catalina.core.ApplicationFilterChain.internalDoFilter(ApplicationFilterChain.java:215)
	at org.apache.catalina.core.ApplicationFilterChain.doFilter(ApplicationFilterChain.java:188)
	at gov.nih.nci.cabig.caaers.web.OpenSessionInViewInterceptorFilter.doFilter(OpenSessionInViewInterceptorFilter.java:49)
	at org.apache.catalina.core.ApplicationFilterChain.internalDoFilter(ApplicationFilterChain.java:215)
	at org.apache.catalina.core.ApplicationFilterChain.doFilter(ApplicationFilterChain.java:188)
	at com.opensymphony.module.sitemesh.filter.PageFilter.parsePage(PageFilter.java:118)
	at com.opensymphony.module.sitemesh.filter.PageFilter.doFilter(PageFilter.java:52)
	at org.apache.catalina.core.ApplicationFilterChain.internalDoFilter(ApplicationFilterChain.java:215)
	at org.apache.catalina.core.ApplicationFilterChain.doFilter(ApplicationFilterChain.java:188)
	at gov.nih.nci.cabig.caaers.web.filters.GzipFilter.doFilter(GzipFilter.java:64)
	at net.sf.ehcache.constructs.web.filter.Filter.doFilter(Filter.java:89)
	at org.apache.catalina.core.ApplicationFilterChain.internalDoFilter(ApplicationFilterChain.java:215)
	at org.apache.catalina.core.ApplicationFilterChain.doFilter(ApplicationFilterChain.java:188)
	at org.acegisecurity.util.FilterChainProxy$VirtualFilterChain.doFilter(FilterChainProxy.java:264)
	at org.acegisecurity.intercept.web.FilterSecurityInterceptor.invoke(FilterSecurityInterceptor.java:107)
	at org.acegisecurity.intercept.web.FilterSecurityInterceptor.doFilter(FilterSecurityInterceptor.java:72)
	at org.acegisecurity.util.FilterChainProxy$VirtualFilterChain.doFilter(FilterChainProxy.java:274)
	at org.acegisecurity.ui.ExceptionTranslationFilter.doFilter(ExceptionTranslationFilter.java:110)
	at org.acegisecurity.util.FilterChainProxy$VirtualFilterChain.doFilter(FilterChainProxy.java:274)
	at org.acegisecurity.providers.anonymous.AnonymousProcessingFilter.doFilter(AnonymousProcessingFilter.java:125)
	at org.acegisecurity.util.FilterChainProxy$VirtualFilterChain.doFilter(FilterChainProxy.java:274)
	at org.acegisecurity.wrapper.SecurityContextHolderAwareRequestFilter.doFilter(SecurityContextHolderAwareRequestFilter.java:81)
	at org.acegisecurity.util.FilterChainProxy$VirtualFilterChain.doFilter(FilterChainProxy.java:274)
	at org.acegisecurity.ui.AbstractProcessingFilter.doFilter(AbstractProcessingFilter.java:217)
	at org.acegisecurity.util.FilterChainProxy$VirtualFilterChain.doFilter(FilterChainProxy.java:274)
	at org.acegisecurity.ui.logout.LogoutFilter.doFilter(LogoutFilter.java:106)
	at org.acegisecurity.util.FilterChainProxy$VirtualFilterChain.doFilter(FilterChainProxy.java:274)
	at org.acegisecurity.context.HttpSessionContextIntegrationFilter.doFilter(HttpSessionContextIntegrationFilter.java:229)
	at org.acegisecurity.util.FilterChainProxy$VirtualFilterChain.doFilter(FilterChainProxy.java:274)
	at org.acegisecurity.securechannel.ChannelProcessingFilter.doFilter(ChannelProcessingFilter.java:138)
	at org.acegisecurity.util.FilterChainProxy$VirtualFilterChain.doFilter(FilterChainProxy.java:274)
	at org.acegisecurity.util.FilterChainProxy.doFilter(FilterChainProxy.java:148)
	at org.acegisecurity.util.FilterToBeanProxy.doFilter(FilterToBeanProxy.java:98)
	at org.apache.catalina.core.ApplicationFilterChain.internalDoFilter(ApplicationFilterChain.java:215)
	at org.apache.catalina.core.ApplicationFilterChain.doFilter(ApplicationFilterChain.java:188)
	at org.apache.catalina.core.StandardWrapperValve.invoke(StandardWrapperValve.java:213)
	at org.apache.catalina.core.StandardContextValve.invoke(StandardContextValve.java:172)
	at org.apache.catalina.authenticator.AuthenticatorBase.invoke(AuthenticatorBase.java:525)
	at org.apache.catalina.core.StandardHostValve.invoke(StandardHostValve.java:127)
	at org.apache.catalina.valves.ErrorReportValve.invoke(ErrorReportValve.java:117)
	at org.apache.catalina.core.StandardEngineValve.invoke(StandardEngineValve.java:108)
	at org.globus.tomcat.coyote.valves.HTTPSValve55.invoke(HTTPSValve55.java:45)
	at org.apache.catalina.connector.CoyoteAdapter.service(CoyoteAdapter.java:174)
	at org.apache.coyote.http11.Http11Processor.process(Http11Processor.java:875)
	at org.apache.coyote.http11.Http11BaseProtocol$Http11ConnectionHandler.processConnection(Http11BaseProtocol.java:665)
	at org.apache.tomcat.util.net.PoolTcpEndpoint.processSocket(PoolTcpEndpoint.java:528)
	at org.apache.tomcat.util.net.LeaderFollowerWorkerThread.runIt(LeaderFollowerWorkerThread.java:81)
	at org.apache.tomcat.util.threads.ThreadPool$ControlRunnable.run(ThreadPool.java:689)
	at java.lang.Thread.run(Thread.java:595)
2009-11-17 11:13:03,128 [http-18443-Processor20] ERROR org.apache.catalina.core.ContainerBase.[Catalina].[localhost].[/caaers].[pages] : Servlet.service() for servlet pages threw exception
java.lang.NullPointerException
	at gov.nih.nci.cabig.caaers.web.participant.ParticipantInputCommand.refreshStudyDiseases_aroundBody0(ParticipantInputCommand.java:106)
	at gov.nih.nci.cabig.caaers.web.participant.ParticipantInputCommand$AjcClosure1.run(ParticipantInputCommand.java:1)
	at org.aspectj.runtime.reflect.JoinPointImpl.proceed(JoinPointImpl.java:101)
	at gov.nih.nci.cabig.caaers.tools.logging.CaaersLoggingAspect.log(CaaersLoggingAspect.java:45)
	at gov.nih.nci.cabig.caaers.web.participant.ParticipantInputCommand.refreshStudyDiseases(ParticipantInputCommand.java:102)
	at gov.nih.nci.cabig.caaers.web.participant.SubjectMedHistoryTab.referenceData_aroundBody2(SubjectMedHistoryTab.java:82)
	at gov.nih.nci.cabig.caaers.web.participant.SubjectMedHistoryTab$AjcClosure3.run(SubjectMedHistoryTab.java:1)
	at org.aspectj.runtime.reflect.JoinPointImpl.proceed(JoinPointImpl.java:101)
	at gov.nih.nci.cabig.caaers.tools.logging.CaaersLoggingAspect.log(CaaersLoggingAspect.java:45)
	at gov.nih.nci.cabig.caaers.web.participant.SubjectMedHistoryTab.referenceData(SubjectMedHistoryTab.java:80)
	at gov.nih.nci.cabig.caaers.web.participant.SubjectMedHistoryTab.referenceData(SubjectMedHistoryTab.java:1)
	at gov.nih.nci.cabig.caaers.tools.spring.tabbedflow.AutomaticSaveAjaxableFormController.referenceData(AutomaticSaveAjaxableFormController.java:57)
	at gov.nih.nci.cabig.caaers.web.participant.ParticipantController.referenceData(ParticipantController.java:171)
	at gov.nih.nci.cabig.caaers.web.participant.EditParticipantController.referenceData(EditParticipantController.java:132)
	at org.springframework.web.servlet.mvc.AbstractWizardFormController.referenceData(AbstractWizardFormController.java:267)
	at org.springframework.web.servlet.mvc.AbstractFormController.showForm(AbstractFormController.java:559)
	at org.springframework.web.servlet.mvc.AbstractWizardFormController.showPage(AbstractWizardFormController.java:351)
	at org.springframework.web.servlet.mvc.AbstractWizardFormController.processFormSubmission(AbstractWizardFormController.java:513)
	at org.springframework.web.servlet.mvc.AbstractFormController.handleRequestInternal(AbstractFormController.java:250)
	at gov.nih.nci.cabig.caaers.tools.spring.tabbedflow.AutomaticSaveAjaxableFormController.handleRequestInternal(AutomaticSaveAjaxableFormController.java:47)
	at org.springframework.web.servlet.mvc.AbstractController.handleRequest(AbstractController.java:153)
	at org.springframework.web.servlet.mvc.SimpleControllerHandlerAdapter.handle(SimpleControllerHandlerAdapter.java:45)
	at org.springframework.web.servlet.DispatcherServlet.doDispatch(DispatcherServlet.java:820)
	at org.springframework.web.servlet.DispatcherServlet.doService(DispatcherServlet.java:755)
	at org.springframework.web.servlet.FrameworkServlet.processRequest(FrameworkServlet.java:396)
	at org.springframework.web.servlet.FrameworkServlet.doPost(FrameworkServlet.java:360)
	at javax.servlet.http.HttpServlet.service(HttpServlet.java:647)
	at javax.servlet.http.HttpServlet.service(HttpServlet.java:729)
	at org.apache.catalina.core.ApplicationFilterChain.internalDoFilter(ApplicationFilterChain.java:269)
	at org.apache.catalina.core.ApplicationFilterChain.doFilter(ApplicationFilterChain.java:188)
	at com.opensymphony.module.sitemesh.filter.PageFilter.doFilter(PageFilter.java:39)
	at org.extremecomponents.table.filter.SitemeshPageFilter.doFilter(SitemeshPageFilter.java:39)
	at org.apache.catalina.core.ApplicationFilterChain.internalDoFilter(ApplicationFilterChain.java:215)
	at org.apache.catalina.core.ApplicationFilterChain.doFilter(ApplicationFilterChain.java:188)
	at org.extremecomponents.table.filter.AbstractExportFilter.doFilter(AbstractExportFilter.java:49)
	at org.apache.catalina.core.ApplicationFilterChain.internalDoFilter(ApplicationFilterChain.java:215)
	at org.apache.catalina.core.ApplicationFilterChain.doFilter(ApplicationFilterChain.java:188)
	at gov.nih.nci.cabig.caaers.web.AuditInfoFilter.doFilter(AuditInfoFilter.java:35)
	at org.apache.catalina.core.ApplicationFilterChain.internalDoFilter(ApplicationFilterChain.java:215)
	at org.apache.catalina.core.ApplicationFilterChain.doFilter(ApplicationFilterChain.java:188)
	at gov.nih.nci.cabig.ctms.web.filters.BeansInRequestFilter.doFilter(BeansInRequestFilter.java:39)
	at org.apache.catalina.core.ApplicationFilterChain.internalDoFilter(ApplicationFilterChain.java:215)
	at org.apache.catalina.core.ApplicationFilterChain.doFilter(ApplicationFilterChain.java:188)
	at gov.nih.nci.cabig.caaers.web.OpenSessionInViewInterceptorFilter.doFilter(OpenSessionInViewInterceptorFilter.java:49)
	at org.apache.catalina.core.ApplicationFilterChain.internalDoFilter(ApplicationFilterChain.java:215)
	at org.apache.catalina.core.ApplicationFilterChain.doFilter(ApplicationFilterChain.java:188)
	at com.opensymphony.module.sitemesh.filter.PageFilter.parsePage(PageFilter.java:118)
	at com.opensymphony.module.sitemesh.filter.PageFilter.doFilter(PageFilter.java:52)
	at org.apache.catalina.core.ApplicationFilterChain.internalDoFilter(ApplicationFilterChain.java:215)
	at org.apache.catalina.core.ApplicationFilterChain.doFilter(ApplicationFilterChain.java:188)
	at gov.nih.nci.cabig.caaers.web.filters.GzipFilter.doFilter(GzipFilter.java:64)
	at net.sf.ehcache.constructs.web.filter.Filter.doFilter(Filter.java:89)
	at org.apache.catalina.core.ApplicationFilterChain.internalDoFilter(ApplicationFilterChain.java:215)
	at org.apache.catalina.core.ApplicationFilterChain.doFilter(ApplicationFilterChain.java:188)
	at org.acegisecurity.util.FilterChainProxy$VirtualFilterChain.doFilter(FilterChainProxy.java:264)
	at org.acegisecurity.intercept.web.FilterSecurityInterceptor.invoke(FilterSecurityInterceptor.java:107)
	at org.acegisecurity.intercept.web.FilterSecurityInterceptor.doFilter(FilterSecurityInterceptor.java:72)
	at org.acegisecurity.util.FilterChainProxy$VirtualFilterChain.doFilter(FilterChainProxy.java:274)
	at org.acegisecurity.ui.ExceptionTranslationFilter.doFilter(ExceptionTranslationFilter.java:110)
	at org.acegisecurity.util.FilterChainProxy$VirtualFilterChain.doFilter(FilterChainProxy.java:274)
	at org.acegisecurity.providers.anonymous.AnonymousProcessingFilter.doFilter(AnonymousProcessingFilter.java:125)
	at org.acegisecurity.util.FilterChainProxy$VirtualFilterChain.doFilter(FilterChainProxy.java:274)
	at org.acegisecurity.wrapper.SecurityContextHolderAwareRequestFilter.doFilter(SecurityContextHolderAwareRequestFilter.java:81)
	at org.acegisecurity.util.FilterChainProxy$VirtualFilterChain.doFilter(FilterChainProxy.java:274)
	at org.acegisecurity.ui.AbstractProcessingFilter.doFilter(AbstractProcessingFilter.java:217)
	at org.acegisecurity.util.FilterChainProxy$VirtualFilterChain.doFilter(FilterChainProxy.java:274)
	at org.acegisecurity.ui.logout.LogoutFilter.doFilter(LogoutFilter.java:106)
	at org.acegisecurity.util.FilterChainProxy$VirtualFilterChain.doFilter(FilterChainProxy.java:274)
	at org.acegisecurity.context.HttpSessionContextIntegrationFilter.doFilter(HttpSessionContextIntegrationFilter.java:229)
	at org.acegisecurity.util.FilterChainProxy$VirtualFilterChain.doFilter(FilterChainProxy.java:274)
	at org.acegisecurity.securechannel.ChannelProcessingFilter.doFilter(ChannelProcessingFilter.java:138)
	at org.acegisecurity.util.FilterChainProxy$VirtualFilterChain.doFilter(FilterChainProxy.java:274)
	at org.acegisecurity.util.FilterChainProxy.doFilter(FilterChainProxy.java:148)
	at org.acegisecurity.util.FilterToBeanProxy.doFilter(FilterToBeanProxy.java:98)
	at org.apache.catalina.core.ApplicationFilterChain.internalDoFilter(ApplicationFilterChain.java:215)
	at org.apache.catalina.core.ApplicationFilterChain.doFilter(ApplicationFilterChain.java:188)
	at org.apache.catalina.core.StandardWrapperValve.invoke(StandardWrapperValve.java:213)
	at org.apache.catalina.core.StandardContextValve.invoke(StandardContextValve.java:172)
	at org.apache.catalina.authenticator.AuthenticatorBase.invoke(AuthenticatorBase.java:525)
	at org.apache.catalina.core.StandardHostValve.invoke(StandardHostValve.java:127)
	at org.apache.catalina.valves.ErrorReportValve.invoke(ErrorReportValve.java:117)
	at org.apache.catalina.core.StandardEngineValve.invoke(StandardEngineValve.java:108)
	at org.globus.tomcat.coyote.valves.HTTPSValve55.invoke(HTTPSValve55.java:45)
	at org.apache.catalina.connector.CoyoteAdapter.service(CoyoteAdapter.java:174)
	at org.apache.coyote.http11.Http11Processor.process(Http11Processor.java:875)
	at org.apache.coyote.http11.Http11BaseProtocol$Http11ConnectionHandler.processConnection(Http11BaseProtocol.java:665)
	at org.apache.tomcat.util.net.PoolTcpEndpoint.processSocket(PoolTcpEndpoint.java:528)
	at org.apache.tomcat.util.net.LeaderFollowerWorkerThread.runIt(LeaderFollowerWorkerThread.java:81)
	at org.apache.tomcat.util.threads.ThreadPool$ControlRunnable.run(ThreadPool.java:689)
	at java.lang.Thread.run(Thread.java:595)
2009-11-17 11:29:08,684 [http-18443-Processor17] ERROR org.apache.catalina.core.ContainerBase.[Catalina].[localhost].[/caaers].[pages] : Servlet.service() for servlet pages threw exception
java.lang.NullPointerException
	at gov.nih.nci.cabig.caaers.web.participant.ParticipantInputCommand.refreshStudyDiseases_aroundBody0(ParticipantInputCommand.java:106)
	at gov.nih.nci.cabig.caaers.web.participant.ParticipantInputCommand$AjcClosure1.run(ParticipantInputCommand.java:1)
	at org.aspectj.runtime.reflect.JoinPointImpl.proceed(JoinPointImpl.java:101)
	at gov.nih.nci.cabig.caaers.tools.logging.CaaersLoggingAspect.log(CaaersLoggingAspect.java:45)
	at gov.nih.nci.cabig.caaers.web.participant.ParticipantInputCommand.refreshStudyDiseases(ParticipantInputCommand.java:102)
	at gov.nih.nci.cabig.caaers.web.participant.SubjectMedHistoryTab.referenceData_aroundBody2(SubjectMedHistoryTab.java:82)
	at gov.nih.nci.cabig.caaers.web.participant.SubjectMedHistoryTab$AjcClosure3.run(SubjectMedHistoryTab.java:1)
	at org.aspectj.runtime.reflect.JoinPointImpl.proceed(JoinPointImpl.java:101)
	at gov.nih.nci.cabig.caaers.tools.logging.CaaersLoggingAspect.log(CaaersLoggingAspect.java:45)
	at gov.nih.nci.cabig.caaers.web.participant.SubjectMedHistoryTab.referenceData(SubjectMedHistoryTab.java:80)
	at gov.nih.nci.cabig.caaers.web.participant.SubjectMedHistoryTab.referenceData(SubjectMedHistoryTab.java:1)
	at gov.nih.nci.cabig.caaers.tools.spring.tabbedflow.AutomaticSaveAjaxableFormController.referenceData(AutomaticSaveAjaxableFormController.java:57)
	at gov.nih.nci.cabig.caaers.web.participant.ParticipantController.referenceData(ParticipantController.java:171)
	at gov.nih.nci.cabig.caaers.web.participant.EditParticipantController.referenceData(EditParticipantController.java:132)
	at org.springframework.web.servlet.mvc.AbstractWizardFormController.referenceData(AbstractWizardFormController.java:267)
	at org.springframework.web.servlet.mvc.AbstractFormController.showForm(AbstractFormController.java:559)
	at org.springframework.web.servlet.mvc.AbstractWizardFormController.showPage(AbstractWizardFormController.java:351)
	at org.springframework.web.servlet.mvc.AbstractWizardFormController.processFormSubmission(AbstractWizardFormController.java:513)
	at org.springframework.web.servlet.mvc.AbstractFormController.handleRequestInternal(AbstractFormController.java:250)
	at gov.nih.nci.cabig.caaers.tools.spring.tabbedflow.AutomaticSaveAjaxableFormController.handleRequestInternal(AutomaticSaveAjaxableFormController.java:47)
	at org.springframework.web.servlet.mvc.AbstractController.handleRequest(AbstractController.java:153)
	at org.springframework.web.servlet.mvc.SimpleControllerHandlerAdapter.handle(SimpleControllerHandlerAdapter.java:45)
	at org.springframework.web.servlet.DispatcherServlet.doDispatch(DispatcherServlet.java:820)
	at org.springframework.web.servlet.DispatcherServlet.doService(DispatcherServlet.java:755)
	at org.springframework.web.servlet.FrameworkServlet.processRequest(FrameworkServlet.java:396)
	at org.springframework.web.servlet.FrameworkServlet.doPost(FrameworkServlet.java:360)
	at javax.servlet.http.HttpServlet.service(HttpServlet.java:647)
	at javax.servlet.http.HttpServlet.service(HttpServlet.java:729)
	at org.apache.catalina.core.ApplicationFilterChain.internalDoFilter(ApplicationFilterChain.java:269)
	at org.apache.catalina.core.ApplicationFilterChain.doFilter(ApplicationFilterChain.java:188)
	at com.opensymphony.module.sitemesh.filter.PageFilter.doFilter(PageFilter.java:39)
	at org.extremecomponents.table.filter.SitemeshPageFilter.doFilter(SitemeshPageFilter.java:39)
	at org.apache.catalina.core.ApplicationFilterChain.internalDoFilter(ApplicationFilterChain.java:215)
	at org.apache.catalina.core.ApplicationFilterChain.doFilter(ApplicationFilterChain.java:188)
	at org.extremecomponents.table.filter.AbstractExportFilter.doFilter(AbstractExportFilter.java:49)
	at org.apache.catalina.core.ApplicationFilterChain.internalDoFilter(ApplicationFilterChain.java:215)
	at org.apache.catalina.core.ApplicationFilterChain.doFilter(ApplicationFilterChain.java:188)
	at gov.nih.nci.cabig.caaers.web.AuditInfoFilter.doFilter(AuditInfoFilter.java:35)
	at org.apache.catalina.core.ApplicationFilterChain.internalDoFilter(ApplicationFilterChain.java:215)
	at org.apache.catalina.core.ApplicationFilterChain.doFilter(ApplicationFilterChain.java:188)
	at gov.nih.nci.cabig.ctms.web.filters.BeansInRequestFilter.doFilter(BeansInRequestFilter.java:39)
	at org.apache.catalina.core.ApplicationFilterChain.internalDoFilter(ApplicationFilterChain.java:215)
	at org.apache.catalina.core.ApplicationFilterChain.doFilter(ApplicationFilterChain.java:188)
	at gov.nih.nci.cabig.caaers.web.OpenSessionInViewInterceptorFilter.doFilter(OpenSessionInViewInterceptorFilter.java:49)
	at org.apache.catalina.core.ApplicationFilterChain.internalDoFilter(ApplicationFilterChain.java:215)
	at org.apache.catalina.core.ApplicationFilterChain.doFilter(ApplicationFilterChain.java:188)
	at com.opensymphony.module.sitemesh.filter.PageFilter.parsePage(PageFilter.java:118)
	at com.opensymphony.module.sitemesh.filter.PageFilter.doFilter(PageFilter.java:52)
	at org.apache.catalina.core.ApplicationFilterChain.internalDoFilter(ApplicationFilterChain.java:215)
	at org.apache.catalina.core.ApplicationFilterChain.doFilter(ApplicationFilterChain.java:188)
	at gov.nih.nci.cabig.caaers.web.filters.GzipFilter.doFilter(GzipFilter.java:64)
	at net.sf.ehcache.constructs.web.filter.Filter.doFilter(Filter.java:89)
	at org.apache.catalina.core.ApplicationFilterChain.internalDoFilter(ApplicationFilterChain.java:215)
	at org.apache.catalina.core.ApplicationFilterChain.doFilter(ApplicationFilterChain.java:188)
	at org.acegisecurity.util.FilterChainProxy$VirtualFilterChain.doFilter(FilterChainProxy.java:264)
	at org.acegisecurity.intercept.web.FilterSecurityInterceptor.invoke(FilterSecurityInterceptor.java:107)
	at org.acegisecurity.intercept.web.FilterSecurityInterceptor.doFilter(FilterSecurityInterceptor.java:72)
	at org.acegisecurity.util.FilterChainProxy$VirtualFilterChain.doFilter(FilterChainProxy.java:274)
	at org.acegisecurity.ui.ExceptionTranslationFilter.doFilter(ExceptionTranslationFilter.java:110)
	at org.acegisecurity.util.FilterChainProxy$VirtualFilterChain.doFilter(FilterChainProxy.java:274)
	at org.acegisecurity.providers.anonymous.AnonymousProcessingFilter.doFilter(AnonymousProcessingFilter.java:125)
	at org.acegisecurity.util.FilterChainProxy$VirtualFilterChain.doFilter(FilterChainProxy.java:274)
	at org.acegisecurity.wrapper.SecurityContextHolderAwareRequestFilter.doFilter(SecurityContextHolderAwareRequestFilter.java:81)
	at org.acegisecurity.util.FilterChainProxy$VirtualFilterChain.doFilter(FilterChainProxy.java:274)
	at org.acegisecurity.ui.AbstractProcessingFilter.doFilter(AbstractProcessingFilter.java:217)
	at org.acegisecurity.util.FilterChainProxy$VirtualFilterChain.doFilter(FilterChainProxy.java:274)
	at org.acegisecurity.ui.logout.LogoutFilter.doFilter(LogoutFilter.java:106)
	at org.acegisecurity.util.FilterChainProxy$VirtualFilterChain.doFilter(FilterChainProxy.java:274)
	at org.acegisecurity.context.HttpSessionContextIntegrationFilter.doFilter(HttpSessionContextIntegrationFilter.java:229)
	at org.acegisecurity.util.FilterChainProxy$VirtualFilterChain.doFilter(FilterChainProxy.java:274)
	at org.acegisecurity.securechannel.ChannelProcessingFilter.doFilter(ChannelProcessingFilter.java:138)
	at org.acegisecurity.util.FilterChainProxy$VirtualFilterChain.doFilter(FilterChainProxy.java:274)
	at org.acegisecurity.util.FilterChainProxy.doFilter(FilterChainProxy.java:148)
	at org.acegisecurity.util.FilterToBeanProxy.doFilter(FilterToBeanProxy.java:98)
	at org.apache.catalina.core.ApplicationFilterChain.internalDoFilter(ApplicationFilterChain.java:215)
	at org.apache.catalina.core.ApplicationFilterChain.doFilter(ApplicationFilterChain.java:188)
	at org.apache.catalina.core.StandardWrapperValve.invoke(StandardWrapperValve.java:213)
	at org.apache.catalina.core.StandardContextValve.invoke(StandardContextValve.java:172)
	at org.apache.catalina.authenticator.AuthenticatorBase.invoke(AuthenticatorBase.java:525)
	at org.apache.catalina.core.StandardHostValve.invoke(StandardHostValve.java:127)
	at org.apache.catalina.valves.ErrorReportValve.invoke(ErrorReportValve.java:117)
	at org.apache.catalina.core.StandardEngineValve.invoke(StandardEngineValve.java:108)
	at org.globus.tomcat.coyote.valves.HTTPSValve55.invoke(HTTPSValve55.java:45)
	at org.apache.catalina.connector.CoyoteAdapter.service(CoyoteAdapter.java:174)
	at org.apache.coyote.http11.Http11Processor.process(Http11Processor.java:875)
	at org.apache.coyote.http11.Http11BaseProtocol$Http11ConnectionHandler.processConnection(Http11BaseProtocol.java:665)
	at org.apache.tomcat.util.net.PoolTcpEndpoint.processSocket(PoolTcpEndpoint.java:528)
	at org.apache.tomcat.util.net.LeaderFollowerWorkerThread.runIt(LeaderFollowerWorkerThread.java:81)
	at org.apache.tomcat.util.threads.ThreadPool$ControlRunnable.run(ThreadPool.java:689)
	at java.lang.Thread.run(Thread.java:595)
